2017-10-15T07:22:05,868 [INFO ] (TestMarshaller.java:48) - Toys{toyList=[]}
2017-10-15T07:28:23,233 [INFO ] (TestMarshaller.java:48) - Toys{toyList=[]}
2017-10-15T07:28:50,558 [INFO ] (TestMarshaller.java:48) - Toys{toyList=[]}
2017-10-15T07:31:37,431 [INFO ] (TestMarshaller.java:48) - Toys{toyList=[]}
2017-10-15T07:33:19,130 [INFO ] (ActionToy.java:27) - XML file has been created
2017-10-15T07:33:19,192 [INFO ] (TestMarshaller.java:48) - Toys{toyList=[Toy{toyId='t1', toyType=MUSIC_TOY, model='dudka', brandName='polesie', material=PLASTIC, cost=7.5, externalParameters=by.kastsiuchenka.third.entity.Toy$ExternalParameter@29626d54}, Toy{toyId='t2', toyType=TRANSPORT_TOY, model='molniya', brandName='polesie', material=PLASTIC, cost=12.0, externalParameters=by.kastsiuchenka.third.entity.Toy$ExternalParameter@5a63f509}]}
2017-10-15T07:37:00,269 [INFO ] (ActionToy.java:27) - XML file has been created
2017-10-15T07:37:00,326 [INFO ] (TestMarshaller.java:48) - Toys{toyList=[MusicToy{Toy{toyId='t1', toyType=MUSIC_TOY, model='dudka', brandName='polesie', material=PLASTIC, cost=7.5, externalParameters=by.kastsiuchenka.third.entity.Toy$ExternalParameter@29626d54}, typeMusicToy=PIPE, numberTones=12, mainColour=YELLOW, isInteractive=false}, TransportToy{Toy{toyId='t2', toyType=TRANSPORT_TOY, model='molniya', brandName='polesie', material=PLASTIC, cost=12.0, externalParameters=by.kastsiuchenka.third.entity.Toy$ExternalParameter@5a63f509}, typeTransport=SPORTCAR, typeControl=MANUAL, bodyColour=RED, numberWeels=4, scale='1:15'}]}
2017-10-15T07:38:52,527 [INFO ] (ActionToy.java:27) - XML file has been created
2017-10-15T07:39:11,254 [INFO ] (TestMarshaller.java:48) - Toys{toyList=[MusicToy{toyId='t1', toyType=MUSIC_TOY, model='dudka', brandName='polesie', material=PLASTIC, cost=7.5, weight=300}, typeMusicToy=PIPE, numberTones=12, mainColour=YELLOW, isInteractive=false}, TransportToy{toyId='t2', toyType=TRANSPORT_TOY, model='molniya', brandName='polesie', material=PLASTIC, cost=12.0, weight=250}, typeTransport=SPORTCAR, typeControl=MANUAL, bodyColour=RED, numberWeels=4, scale='1:15'}]}
2017-10-15T07:40:00,468 [INFO ] (TestMarshaller.java:48) - Toys{toyList=[MusicToy{toyId='t1', toyType=MUSIC_TOY, model='dudka', brandName='polesie', material=PLASTIC, cost=7.5, weight=300, typeMusicToy=PIPE, numberTones=12, mainColour=YELLOW, isInteractive=false}, TransportToy{toyId='t2', toyType=TRANSPORT_TOY, model='molniya', brandName='polesie', material=PLASTIC, cost=12.0, weight=250, typeTransport=SPORTCAR, typeControl=MANUAL, bodyColour=RED, numberWeels=4, scale='1:15'}]}
2017-10-15T07:41:02,047 [ERROR] (ActionToy.java:51) - JAXB-context wrong 
javax.xml.bind.UnmarshalException: unexpected element (uri:"http://www.third/kastsiuchenka.by/toys", local:"toys"). Expected elements are <{}musicToy>,<{}toys>,<{}transportToy>
	at com.sun.xml.internal.bind.v2.runtime.unmarshaller.UnmarshallingContext.handleEvent(UnmarshallingContext.java:726) ~[?:1.8.0_74]
	at com.sun.xml.internal.bind.v2.runtime.unmarshaller.Loader.reportError(Loader.java:247) ~[?:1.8.0_74]
	at com.sun.xml.internal.bind.v2.runtime.unmarshaller.Loader.reportError(Loader.java:242) ~[?:1.8.0_74]
	at com.sun.xml.internal.bind.v2.runtime.unmarshaller.Loader.reportUnexpectedChildElement(Loader.java:109) ~[?:1.8.0_74]
	at com.sun.xml.internal.bind.v2.runtime.unmarshaller.UnmarshallingContext$DefaultRootLoader.childElement(UnmarshallingContext.java:1131) ~[?:1.8.0_74]
	at com.sun.xml.internal.bind.v2.runtime.unmarshaller.UnmarshallingContext._startElement(UnmarshallingContext.java:556) ~[?:1.8.0_74]
	at com.sun.xml.internal.bind.v2.runtime.unmarshaller.UnmarshallingContext.startElement(UnmarshallingContext.java:538) ~[?:1.8.0_74]
	at com.sun.xml.internal.bind.v2.runtime.unmarshaller.SAXConnector.startElement(SAXConnector.java:153) ~[?:1.8.0_74]
	at com.sun.org.apache.xerces.internal.parsers.AbstractSAXParser.startElement(AbstractSAXParser.java:509) ~[?:1.8.0_74]
	at com.sun.org.apache.xerces.internal.impl.XMLNSDocumentScannerImpl.scanStartElement(XMLNSDocumentScannerImpl.java:380) ~[?:1.8.0_74]
	at com.sun.org.apache.xerces.internal.impl.XMLNSDocumentScannerImpl$NSContentDriver.scanRootElementHook(XMLNSDocumentScannerImpl.java:614) ~[?:1.8.0_74]
	at com.sun.org.apache.xerces.internal.impl.XMLDocumentFragmentScannerImpl$FragmentContentDriver.next(XMLDocumentFragmentScannerImpl.java:3135) ~[?:1.8.0_74]
	at com.sun.org.apache.xerces.internal.impl.XMLDocumentScannerImpl$PrologDriver.next(XMLDocumentScannerImpl.java:880) ~[?:1.8.0_74]
	at com.sun.org.apache.xerces.internal.impl.XMLDocumentScannerImpl.next(XMLDocumentScannerImpl.java:606) ~[?:1.8.0_74]
	at com.sun.org.apache.xerces.internal.impl.XMLNSDocumentScannerImpl.next(XMLNSDocumentScannerImpl.java:118) ~[?:1.8.0_74]
	at com.sun.org.apache.xerces.internal.impl.XMLDocumentFragmentScannerImpl.scanDocument(XMLDocumentFragmentScannerImpl.java:510) ~[?:1.8.0_74]
	at com.sun.org.apache.xerces.internal.parsers.XML11Configuration.parse(XML11Configuration.java:848) ~[?:1.8.0_74]
	at com.sun.org.apache.xerces.internal.parsers.XML11Configuration.parse(XML11Configuration.java:777) ~[?:1.8.0_74]
	at com.sun.org.apache.xerces.internal.parsers.XMLParser.parse(XMLParser.java:141) ~[?:1.8.0_74]
	at com.sun.org.apache.xerces.internal.parsers.AbstractSAXParser.parse(AbstractSAXParser.java:1213) ~[?:1.8.0_74]
	at com.sun.org.apache.xerces.internal.jaxp.SAXParserImpl$JAXPSAXParser.parse(SAXParserImpl.java:643) ~[?:1.8.0_74]
	at com.sun.xml.internal.bind.v2.runtime.unmarshaller.UnmarshallerImpl.unmarshal0(UnmarshallerImpl.java:243) ~[?:1.8.0_74]
	at com.sun.xml.internal.bind.v2.runtime.unmarshaller.UnmarshallerImpl.unmarshal(UnmarshallerImpl.java:214) ~[?:1.8.0_74]
	at javax.xml.bind.helpers.AbstractUnmarshallerImpl.unmarshal(AbstractUnmarshallerImpl.java:157) ~[?:1.8.0_74]
	at javax.xml.bind.helpers.AbstractUnmarshallerImpl.unmarshal(AbstractUnmarshallerImpl.java:214) ~[?:1.8.0_74]
	at by.kastsiuchenka.third.marshal.ActionToy.useUnMarshalWithXSD(ActionToy.java:49) [project1/:?]
	at test.by.kastsiuchenka.third.TestMarshaller.testUnMarshalWithXSD(TestMarshaller.java:48) [project1/:?]
	at sun.reflect.NativeMethodAccessorImpl.invoke0(Native Method) ~[?:1.8.0_74]
	at sun.reflect.NativeMethodAccessorImpl.invoke(NativeMethodAccessorImpl.java:62) ~[?:1.8.0_74]
	at sun.reflect.DelegatingMethodAccessorImpl.invoke(DelegatingMethodAccessorImpl.java:43) ~[?:1.8.0_74]
	at java.lang.reflect.Method.invoke(Method.java:498) ~[?:1.8.0_74]
	at org.testng.internal.MethodInvocationHelper.invokeMethod(MethodInvocationHelper.java:84) [testng-6.8.7.jar:?]
	at org.testng.internal.Invoker.invokeMethod(Invoker.java:714) [testng-6.8.7.jar:?]
	at org.testng.internal.Invoker.invokeTestMethod(Invoker.java:901) [testng-6.8.7.jar:?]
	at org.testng.internal.Invoker.invokeTestMethods(Invoker.java:1231) [testng-6.8.7.jar:?]
	at org.testng.internal.TestMethodWorker.invokeTestMethods(TestMethodWorker.java:127) [testng-6.8.7.jar:?]
	at org.testng.internal.TestMethodWorker.run(TestMethodWorker.java:111) [testng-6.8.7.jar:?]
	at org.testng.TestRunner.privateRun(TestRunner.java:767) [testng-6.8.7.jar:?]
	at org.testng.TestRunner.run(TestRunner.java:617) [testng-6.8.7.jar:?]
	at org.testng.SuiteRunner.runTest(SuiteRunner.java:334) [testng-6.8.7.jar:?]
	at org.testng.SuiteRunner.runSequentially(SuiteRunner.java:329) [testng-6.8.7.jar:?]
	at org.testng.SuiteRunner.privateRun(SuiteRunner.java:291) [testng-6.8.7.jar:?]
	at org.testng.SuiteRunner.run(SuiteRunner.java:240) [testng-6.8.7.jar:?]
	at org.testng.SuiteRunnerWorker.runSuite(SuiteRunnerWorker.java:52) [testng-6.8.7.jar:?]
	at org.testng.SuiteRunnerWorker.run(SuiteRunnerWorker.java:86) [testng-6.8.7.jar:?]
	at org.testng.TestNG.runSuitesSequentially(TestNG.java:1224) [testng-6.8.7.jar:?]
	at org.testng.TestNG.runSuitesLocally(TestNG.java:1149) [testng-6.8.7.jar:?]
	at org.testng.TestNG.run(TestNG.java:1057) [testng-6.8.7.jar:?]
	at org.testng.IDEARemoteTestNG.run(IDEARemoteTestNG.java:72) [testng-plugin.jar:?]
	at org.testng.RemoteTestNGStarter.main(RemoteTestNGStarter.java:123) [testng-plugin.jar:?]
2017-10-15T07:47:32,822 [INFO ] (ActionToy.java:27) - XML file has been created
2017-10-15T07:50:33,835 [ERROR] (ActionToy.java:51) - JAXB-context wrong 
javax.xml.bind.UnmarshalException: unexpected element (uri:"http://www.third/kastsiuchenka.by/toys", local:"toys"). Expected elements are <{}musicToy>,<{}toys>,<{}transportToy>
	at com.sun.xml.internal.bind.v2.runtime.unmarshaller.UnmarshallingContext.handleEvent(UnmarshallingContext.java:726) ~[?:1.8.0_74]
	at com.sun.xml.internal.bind.v2.runtime.unmarshaller.Loader.reportError(Loader.java:247) ~[?:1.8.0_74]
	at com.sun.xml.internal.bind.v2.runtime.unmarshaller.Loader.reportError(Loader.java:242) ~[?:1.8.0_74]
	at com.sun.xml.internal.bind.v2.runtime.unmarshaller.Loader.reportUnexpectedChildElement(Loader.java:109) ~[?:1.8.0_74]
	at com.sun.xml.internal.bind.v2.runtime.unmarshaller.UnmarshallingContext$DefaultRootLoader.childElement(UnmarshallingContext.java:1131) ~[?:1.8.0_74]
	at com.sun.xml.internal.bind.v2.runtime.unmarshaller.UnmarshallingContext._startElement(UnmarshallingContext.java:556) ~[?:1.8.0_74]
	at com.sun.xml.internal.bind.v2.runtime.unmarshaller.UnmarshallingContext.startElement(UnmarshallingContext.java:538) ~[?:1.8.0_74]
	at com.sun.xml.internal.bind.v2.runtime.unmarshaller.SAXConnector.startElement(SAXConnector.java:153) ~[?:1.8.0_74]
	at com.sun.org.apache.xerces.internal.parsers.AbstractSAXParser.startElement(AbstractSAXParser.java:509) ~[?:1.8.0_74]
	at com.sun.org.apache.xerces.internal.impl.XMLNSDocumentScannerImpl.scanStartElement(XMLNSDocumentScannerImpl.java:380) ~[?:1.8.0_74]
	at com.sun.org.apache.xerces.internal.impl.XMLNSDocumentScannerImpl$NSContentDriver.scanRootElementHook(XMLNSDocumentScannerImpl.java:614) ~[?:1.8.0_74]
	at com.sun.org.apache.xerces.internal.impl.XMLDocumentFragmentScannerImpl$FragmentContentDriver.next(XMLDocumentFragmentScannerImpl.java:3135) ~[?:1.8.0_74]
	at com.sun.org.apache.xerces.internal.impl.XMLDocumentScannerImpl$PrologDriver.next(XMLDocumentScannerImpl.java:880) ~[?:1.8.0_74]
	at com.sun.org.apache.xerces.internal.impl.XMLDocumentScannerImpl.next(XMLDocumentScannerImpl.java:606) ~[?:1.8.0_74]
	at com.sun.org.apache.xerces.internal.impl.XMLNSDocumentScannerImpl.next(XMLNSDocumentScannerImpl.java:118) ~[?:1.8.0_74]
	at com.sun.org.apache.xerces.internal.impl.XMLDocumentFragmentScannerImpl.scanDocument(XMLDocumentFragmentScannerImpl.java:510) ~[?:1.8.0_74]
	at com.sun.org.apache.xerces.internal.parsers.XML11Configuration.parse(XML11Configuration.java:848) ~[?:1.8.0_74]
	at com.sun.org.apache.xerces.internal.parsers.XML11Configuration.parse(XML11Configuration.java:777) ~[?:1.8.0_74]
	at com.sun.org.apache.xerces.internal.parsers.XMLParser.parse(XMLParser.java:141) ~[?:1.8.0_74]
	at com.sun.org.apache.xerces.internal.parsers.AbstractSAXParser.parse(AbstractSAXParser.java:1213) ~[?:1.8.0_74]
	at com.sun.org.apache.xerces.internal.jaxp.SAXParserImpl$JAXPSAXParser.parse(SAXParserImpl.java:643) ~[?:1.8.0_74]
	at com.sun.xml.internal.bind.v2.runtime.unmarshaller.UnmarshallerImpl.unmarshal0(UnmarshallerImpl.java:243) ~[?:1.8.0_74]
	at com.sun.xml.internal.bind.v2.runtime.unmarshaller.UnmarshallerImpl.unmarshal(UnmarshallerImpl.java:214) ~[?:1.8.0_74]
	at javax.xml.bind.helpers.AbstractUnmarshallerImpl.unmarshal(AbstractUnmarshallerImpl.java:157) ~[?:1.8.0_74]
	at javax.xml.bind.helpers.AbstractUnmarshallerImpl.unmarshal(AbstractUnmarshallerImpl.java:214) ~[?:1.8.0_74]
	at by.kastsiuchenka.third.marshal.ActionToy.useUnMarshalWithXSD(ActionToy.java:49) [project1/:?]
	at test.by.kastsiuchenka.third.TestMarshaller.testUnMarshalWithXSD(TestMarshaller.java:48) [project1/:?]
	at sun.reflect.NativeMethodAccessorImpl.invoke0(Native Method) ~[?:1.8.0_74]
	at sun.reflect.NativeMethodAccessorImpl.invoke(NativeMethodAccessorImpl.java:62) ~[?:1.8.0_74]
	at sun.reflect.DelegatingMethodAccessorImpl.invoke(DelegatingMethodAccessorImpl.java:43) ~[?:1.8.0_74]
	at java.lang.reflect.Method.invoke(Method.java:498) ~[?:1.8.0_74]
	at org.testng.internal.MethodInvocationHelper.invokeMethod(MethodInvocationHelper.java:84) [testng-6.8.7.jar:?]
	at org.testng.internal.Invoker.invokeMethod(Invoker.java:714) [testng-6.8.7.jar:?]
	at org.testng.internal.Invoker.invokeTestMethod(Invoker.java:901) [testng-6.8.7.jar:?]
	at org.testng.internal.Invoker.invokeTestMethods(Invoker.java:1231) [testng-6.8.7.jar:?]
	at org.testng.internal.TestMethodWorker.invokeTestMethods(TestMethodWorker.java:127) [testng-6.8.7.jar:?]
	at org.testng.internal.TestMethodWorker.run(TestMethodWorker.java:111) [testng-6.8.7.jar:?]
	at org.testng.TestRunner.privateRun(TestRunner.java:767) [testng-6.8.7.jar:?]
	at org.testng.TestRunner.run(TestRunner.java:617) [testng-6.8.7.jar:?]
	at org.testng.SuiteRunner.runTest(SuiteRunner.java:334) [testng-6.8.7.jar:?]
	at org.testng.SuiteRunner.runSequentially(SuiteRunner.java:329) [testng-6.8.7.jar:?]
	at org.testng.SuiteRunner.privateRun(SuiteRunner.java:291) [testng-6.8.7.jar:?]
	at org.testng.SuiteRunner.run(SuiteRunner.java:240) [testng-6.8.7.jar:?]
	at org.testng.SuiteRunnerWorker.runSuite(SuiteRunnerWorker.java:52) [testng-6.8.7.jar:?]
	at org.testng.SuiteRunnerWorker.run(SuiteRunnerWorker.java:86) [testng-6.8.7.jar:?]
	at org.testng.TestNG.runSuitesSequentially(TestNG.java:1224) [testng-6.8.7.jar:?]
	at org.testng.TestNG.runSuitesLocally(TestNG.java:1149) [testng-6.8.7.jar:?]
	at org.testng.TestNG.run(TestNG.java:1057) [testng-6.8.7.jar:?]
	at org.testng.IDEARemoteTestNG.run(IDEARemoteTestNG.java:72) [testng-plugin.jar:?]
	at org.testng.RemoteTestNGStarter.main(RemoteTestNGStarter.java:123) [testng-plugin.jar:?]
2017-10-15T07:50:57,365 [INFO ] (TestMarshaller.java:48) - Toys{toyList=[MusicToy{toyId='t1', toyType=MUSIC_TOY, model='dudka', brandName='polesie', material=PLASTIC, cost=7.5, weight=300, typeMusicToy=PIPE, numberTones=12, mainColour=YELLOW, isInteractive=false}, TransportToy{toyId='t2', toyType=TRANSPORT_TOY, model='molniya', brandName='polesie', material=PLASTIC, cost=12.0, weight=250, typeTransport=SPORTCAR, typeControl=MANUAL, bodyColour=RED, numberWeels=4, scale='1:15'}]}
2017-10-15T07:51:39,907 [INFO ] (TestMarshaller.java:48) - Toys{toyList=[MusicToy{toyId='t1', toyType=MUSIC_TOY, model='dudka', brandName='polesie', material=PLASTIC, cost=7.5, weight=300, typeMusicToy=PIPE, numberTones=12, mainColour=YELLOW, isInteractive=false}, TransportToy{toyId='t2', toyType=TRANSPORT_TOY, model='molniya', brandName='polesie', material=PLASTIC, cost=12.0, weight=250, typeTransport=SPORTCAR, typeControl=MANUAL, bodyColour=RED, numberWeels=4, scale='1:15'}]}
2017-10-15T07:56:16,885 [ERROR] (ActionToy.java:51) - JAXB-context wrong 
javax.xml.bind.UnmarshalException: unexpected element (uri:"http://www.third/kastsiuchenka.by/toys", local:"toys"). Expected elements are <{}musicToy>,<{}toys>,<{}transportToy>
	at com.sun.xml.internal.bind.v2.runtime.unmarshaller.UnmarshallingContext.handleEvent(UnmarshallingContext.java:726) ~[?:1.8.0_74]
	at com.sun.xml.internal.bind.v2.runtime.unmarshaller.Loader.reportError(Loader.java:247) ~[?:1.8.0_74]
	at com.sun.xml.internal.bind.v2.runtime.unmarshaller.Loader.reportError(Loader.java:242) ~[?:1.8.0_74]
	at com.sun.xml.internal.bind.v2.runtime.unmarshaller.Loader.reportUnexpectedChildElement(Loader.java:109) ~[?:1.8.0_74]
	at com.sun.xml.internal.bind.v2.runtime.unmarshaller.UnmarshallingContext$DefaultRootLoader.childElement(UnmarshallingContext.java:1131) ~[?:1.8.0_74]
	at com.sun.xml.internal.bind.v2.runtime.unmarshaller.UnmarshallingContext._startElement(UnmarshallingContext.java:556) ~[?:1.8.0_74]
	at com.sun.xml.internal.bind.v2.runtime.unmarshaller.UnmarshallingContext.startElement(UnmarshallingContext.java:538) ~[?:1.8.0_74]
	at com.sun.xml.internal.bind.v2.runtime.unmarshaller.SAXConnector.startElement(SAXConnector.java:153) ~[?:1.8.0_74]
	at com.sun.org.apache.xerces.internal.parsers.AbstractSAXParser.startElement(AbstractSAXParser.java:509) ~[?:1.8.0_74]
	at com.sun.org.apache.xerces.internal.impl.XMLNSDocumentScannerImpl.scanStartElement(XMLNSDocumentScannerImpl.java:380) ~[?:1.8.0_74]
	at com.sun.org.apache.xerces.internal.impl.XMLNSDocumentScannerImpl$NSContentDriver.scanRootElementHook(XMLNSDocumentScannerImpl.java:614) ~[?:1.8.0_74]
	at com.sun.org.apache.xerces.internal.impl.XMLDocumentFragmentScannerImpl$FragmentContentDriver.next(XMLDocumentFragmentScannerImpl.java:3135) ~[?:1.8.0_74]
	at com.sun.org.apache.xerces.internal.impl.XMLDocumentScannerImpl$PrologDriver.next(XMLDocumentScannerImpl.java:880) ~[?:1.8.0_74]
	at com.sun.org.apache.xerces.internal.impl.XMLDocumentScannerImpl.next(XMLDocumentScannerImpl.java:606) ~[?:1.8.0_74]
	at com.sun.org.apache.xerces.internal.impl.XMLNSDocumentScannerImpl.next(XMLNSDocumentScannerImpl.java:118) ~[?:1.8.0_74]
	at com.sun.org.apache.xerces.internal.impl.XMLDocumentFragmentScannerImpl.scanDocument(XMLDocumentFragmentScannerImpl.java:510) ~[?:1.8.0_74]
	at com.sun.org.apache.xerces.internal.parsers.XML11Configuration.parse(XML11Configuration.java:848) ~[?:1.8.0_74]
	at com.sun.org.apache.xerces.internal.parsers.XML11Configuration.parse(XML11Configuration.java:777) ~[?:1.8.0_74]
	at com.sun.org.apache.xerces.internal.parsers.XMLParser.parse(XMLParser.java:141) ~[?:1.8.0_74]
	at com.sun.org.apache.xerces.internal.parsers.AbstractSAXParser.parse(AbstractSAXParser.java:1213) ~[?:1.8.0_74]
	at com.sun.org.apache.xerces.internal.jaxp.SAXParserImpl$JAXPSAXParser.parse(SAXParserImpl.java:643) ~[?:1.8.0_74]
	at com.sun.xml.internal.bind.v2.runtime.unmarshaller.UnmarshallerImpl.unmarshal0(UnmarshallerImpl.java:243) ~[?:1.8.0_74]
	at com.sun.xml.internal.bind.v2.runtime.unmarshaller.UnmarshallerImpl.unmarshal(UnmarshallerImpl.java:214) ~[?:1.8.0_74]
	at javax.xml.bind.helpers.AbstractUnmarshallerImpl.unmarshal(AbstractUnmarshallerImpl.java:157) ~[?:1.8.0_74]
	at javax.xml.bind.helpers.AbstractUnmarshallerImpl.unmarshal(AbstractUnmarshallerImpl.java:162) ~[?:1.8.0_74]
	at javax.xml.bind.helpers.AbstractUnmarshallerImpl.unmarshal(AbstractUnmarshallerImpl.java:171) ~[?:1.8.0_74]
	at javax.xml.bind.helpers.AbstractUnmarshallerImpl.unmarshal(AbstractUnmarshallerImpl.java:189) ~[?:1.8.0_74]
	at by.kastsiuchenka.third.marshal.ActionToy.useUnMarshalWithXSD(ActionToy.java:49) [project1/:?]
	at test.by.kastsiuchenka.third.TestMarshaller.testUnMarshalWithXSD(TestMarshaller.java:48) [project1/:?]
	at sun.reflect.NativeMethodAccessorImpl.invoke0(Native Method) ~[?:1.8.0_74]
	at sun.reflect.NativeMethodAccessorImpl.invoke(NativeMethodAccessorImpl.java:62) ~[?:1.8.0_74]
	at sun.reflect.DelegatingMethodAccessorImpl.invoke(DelegatingMethodAccessorImpl.java:43) ~[?:1.8.0_74]
	at java.lang.reflect.Method.invoke(Method.java:498) ~[?:1.8.0_74]
	at org.testng.internal.MethodInvocationHelper.invokeMethod(MethodInvocationHelper.java:84) [testng-6.8.7.jar:?]
	at org.testng.internal.Invoker.invokeMethod(Invoker.java:714) [testng-6.8.7.jar:?]
	at org.testng.internal.Invoker.invokeTestMethod(Invoker.java:901) [testng-6.8.7.jar:?]
	at org.testng.internal.Invoker.invokeTestMethods(Invoker.java:1231) [testng-6.8.7.jar:?]
	at org.testng.internal.TestMethodWorker.invokeTestMethods(TestMethodWorker.java:127) [testng-6.8.7.jar:?]
	at org.testng.internal.TestMethodWorker.run(TestMethodWorker.java:111) [testng-6.8.7.jar:?]
	at org.testng.TestRunner.privateRun(TestRunner.java:767) [testng-6.8.7.jar:?]
	at org.testng.TestRunner.run(TestRunner.java:617) [testng-6.8.7.jar:?]
	at org.testng.SuiteRunner.runTest(SuiteRunner.java:334) [testng-6.8.7.jar:?]
	at org.testng.SuiteRunner.runSequentially(SuiteRunner.java:329) [testng-6.8.7.jar:?]
	at org.testng.SuiteRunner.privateRun(SuiteRunner.java:291) [testng-6.8.7.jar:?]
	at org.testng.SuiteRunner.run(SuiteRunner.java:240) [testng-6.8.7.jar:?]
	at org.testng.SuiteRunnerWorker.runSuite(SuiteRunnerWorker.java:52) [testng-6.8.7.jar:?]
	at org.testng.SuiteRunnerWorker.run(SuiteRunnerWorker.java:86) [testng-6.8.7.jar:?]
	at org.testng.TestNG.runSuitesSequentially(TestNG.java:1224) [testng-6.8.7.jar:?]
	at org.testng.TestNG.runSuitesLocally(TestNG.java:1149) [testng-6.8.7.jar:?]
	at org.testng.TestNG.run(TestNG.java:1057) [testng-6.8.7.jar:?]
	at org.testng.IDEARemoteTestNG.run(IDEARemoteTestNG.java:72) [testng-plugin.jar:?]
	at org.testng.RemoteTestNGStarter.main(RemoteTestNGStarter.java:123) [testng-plugin.jar:?]
2017-10-15T08:05:42,766 [ERROR] (ActionToy.java:51) - JAXB-context wrong 
javax.xml.bind.UnmarshalException: unexpected element (uri:"http://www.third/kastsiuchenka.by/toys", local:"toys"). Expected elements are <{}musicToy>,<{}toys>,<{}transportToy>
	at com.sun.xml.internal.bind.v2.runtime.unmarshaller.UnmarshallingContext.handleEvent(UnmarshallingContext.java:726) ~[?:1.8.0_74]
	at com.sun.xml.internal.bind.v2.runtime.unmarshaller.Loader.reportError(Loader.java:247) ~[?:1.8.0_74]
	at com.sun.xml.internal.bind.v2.runtime.unmarshaller.Loader.reportError(Loader.java:242) ~[?:1.8.0_74]
	at com.sun.xml.internal.bind.v2.runtime.unmarshaller.Loader.reportUnexpectedChildElement(Loader.java:109) ~[?:1.8.0_74]
	at com.sun.xml.internal.bind.v2.runtime.unmarshaller.UnmarshallingContext$DefaultRootLoader.childElement(UnmarshallingContext.java:1131) ~[?:1.8.0_74]
	at com.sun.xml.internal.bind.v2.runtime.unmarshaller.UnmarshallingContext._startElement(UnmarshallingContext.java:556) ~[?:1.8.0_74]
	at com.sun.xml.internal.bind.v2.runtime.unmarshaller.UnmarshallingContext.startElement(UnmarshallingContext.java:538) ~[?:1.8.0_74]
	at com.sun.xml.internal.bind.v2.runtime.unmarshaller.SAXConnector.startElement(SAXConnector.java:153) ~[?:1.8.0_74]
	at com.sun.org.apache.xerces.internal.parsers.AbstractSAXParser.startElement(AbstractSAXParser.java:509) ~[?:1.8.0_74]
	at com.sun.org.apache.xerces.internal.impl.XMLNSDocumentScannerImpl.scanStartElement(XMLNSDocumentScannerImpl.java:380) ~[?:1.8.0_74]
	at com.sun.org.apache.xerces.internal.impl.XMLNSDocumentScannerImpl$NSContentDriver.scanRootElementHook(XMLNSDocumentScannerImpl.java:614) ~[?:1.8.0_74]
	at com.sun.org.apache.xerces.internal.impl.XMLDocumentFragmentScannerImpl$FragmentContentDriver.next(XMLDocumentFragmentScannerImpl.java:3135) ~[?:1.8.0_74]
	at com.sun.org.apache.xerces.internal.impl.XMLDocumentScannerImpl$PrologDriver.next(XMLDocumentScannerImpl.java:880) ~[?:1.8.0_74]
	at com.sun.org.apache.xerces.internal.impl.XMLDocumentScannerImpl.next(XMLDocumentScannerImpl.java:606) ~[?:1.8.0_74]
	at com.sun.org.apache.xerces.internal.impl.XMLNSDocumentScannerImpl.next(XMLNSDocumentScannerImpl.java:118) ~[?:1.8.0_74]
	at com.sun.org.apache.xerces.internal.impl.XMLDocumentFragmentScannerImpl.scanDocument(XMLDocumentFragmentScannerImpl.java:510) ~[?:1.8.0_74]
	at com.sun.org.apache.xerces.internal.parsers.XML11Configuration.parse(XML11Configuration.java:848) ~[?:1.8.0_74]
	at com.sun.org.apache.xerces.internal.parsers.XML11Configuration.parse(XML11Configuration.java:777) ~[?:1.8.0_74]
	at com.sun.org.apache.xerces.internal.parsers.XMLParser.parse(XMLParser.java:141) ~[?:1.8.0_74]
	at com.sun.org.apache.xerces.internal.parsers.AbstractSAXParser.parse(AbstractSAXParser.java:1213) ~[?:1.8.0_74]
	at com.sun.org.apache.xerces.internal.jaxp.SAXParserImpl$JAXPSAXParser.parse(SAXParserImpl.java:643) ~[?:1.8.0_74]
	at com.sun.xml.internal.bind.v2.runtime.unmarshaller.UnmarshallerImpl.unmarshal0(UnmarshallerImpl.java:243) ~[?:1.8.0_74]
	at com.sun.xml.internal.bind.v2.runtime.unmarshaller.UnmarshallerImpl.unmarshal(UnmarshallerImpl.java:214) ~[?:1.8.0_74]
	at javax.xml.bind.helpers.AbstractUnmarshallerImpl.unmarshal(AbstractUnmarshallerImpl.java:157) ~[?:1.8.0_74]
	at javax.xml.bind.helpers.AbstractUnmarshallerImpl.unmarshal(AbstractUnmarshallerImpl.java:162) ~[?:1.8.0_74]
	at javax.xml.bind.helpers.AbstractUnmarshallerImpl.unmarshal(AbstractUnmarshallerImpl.java:171) ~[?:1.8.0_74]
	at javax.xml.bind.helpers.AbstractUnmarshallerImpl.unmarshal(AbstractUnmarshallerImpl.java:189) ~[?:1.8.0_74]
	at by.kastsiuchenka.third.marshal.ActionToy.useUnMarshalWithXSD(ActionToy.java:49) [project1/:?]
	at test.by.kastsiuchenka.third.TestMarshaller.testUnMarshalWithXSD(TestMarshaller.java:48) [project1/:?]
	at sun.reflect.NativeMethodAccessorImpl.invoke0(Native Method) ~[?:1.8.0_74]
	at sun.reflect.NativeMethodAccessorImpl.invoke(NativeMethodAccessorImpl.java:62) ~[?:1.8.0_74]
	at sun.reflect.DelegatingMethodAccessorImpl.invoke(DelegatingMethodAccessorImpl.java:43) ~[?:1.8.0_74]
	at java.lang.reflect.Method.invoke(Method.java:498) ~[?:1.8.0_74]
	at org.testng.internal.MethodInvocationHelper.invokeMethod(MethodInvocationHelper.java:84) [testng-6.8.7.jar:?]
	at org.testng.internal.Invoker.invokeMethod(Invoker.java:714) [testng-6.8.7.jar:?]
	at org.testng.internal.Invoker.invokeTestMethod(Invoker.java:901) [testng-6.8.7.jar:?]
	at org.testng.internal.Invoker.invokeTestMethods(Invoker.java:1231) [testng-6.8.7.jar:?]
	at org.testng.internal.TestMethodWorker.invokeTestMethods(TestMethodWorker.java:127) [testng-6.8.7.jar:?]
	at org.testng.internal.TestMethodWorker.run(TestMethodWorker.java:111) [testng-6.8.7.jar:?]
	at org.testng.TestRunner.privateRun(TestRunner.java:767) [testng-6.8.7.jar:?]
	at org.testng.TestRunner.run(TestRunner.java:617) [testng-6.8.7.jar:?]
	at org.testng.SuiteRunner.runTest(SuiteRunner.java:334) [testng-6.8.7.jar:?]
	at org.testng.SuiteRunner.runSequentially(SuiteRunner.java:329) [testng-6.8.7.jar:?]
	at org.testng.SuiteRunner.privateRun(SuiteRunner.java:291) [testng-6.8.7.jar:?]
	at org.testng.SuiteRunner.run(SuiteRunner.java:240) [testng-6.8.7.jar:?]
	at org.testng.SuiteRunnerWorker.runSuite(SuiteRunnerWorker.java:52) [testng-6.8.7.jar:?]
	at org.testng.SuiteRunnerWorker.run(SuiteRunnerWorker.java:86) [testng-6.8.7.jar:?]
	at org.testng.TestNG.runSuitesSequentially(TestNG.java:1224) [testng-6.8.7.jar:?]
	at org.testng.TestNG.runSuitesLocally(TestNG.java:1149) [testng-6.8.7.jar:?]
	at org.testng.TestNG.run(TestNG.java:1057) [testng-6.8.7.jar:?]
	at org.testng.IDEARemoteTestNG.run(IDEARemoteTestNG.java:72) [testng-plugin.jar:?]
	at org.testng.RemoteTestNGStarter.main(RemoteTestNGStarter.java:123) [testng-plugin.jar:?]
2017-10-15T08:06:02,006 [INFO ] (ActionToy.java:27) - XML file has been created
2017-10-15T08:07:17,179 [INFO ] (TestMarshaller.java:48) - Toys{toyList=[MusicToy{toyId='t1', toyType=MUSIC_TOY, model='dudka', brandName='polesie', material=PLASTIC, cost=7.5, weight=300, typeMusicToy=PIPE, numberTones=12, mainColour=YELLOW, isInteractive=false}, TransportToy{toyId='t2', toyType=TRANSPORT_TOY, model='molniya', brandName='polesie', material=PLASTIC, cost=12.0, weight=250, typeTransport=SPORTCAR, typeControl=MANUAL, bodyColour=RED, numberWeels=4, scale='1:15'}]}
2017-10-15T08:11:54,153 [ERROR] (ActionToy.java:51) - JAXB-context wrong 
javax.xml.bind.UnmarshalException: unexpected element (uri:"http://www.third/kastsiuchenka.by/toys", local:"toys"). Expected elements are <{}musicToy>,<{}toys>,<{}transportToy>
	at com.sun.xml.internal.bind.v2.runtime.unmarshaller.UnmarshallingContext.handleEvent(UnmarshallingContext.java:726) ~[?:1.8.0_74]
	at com.sun.xml.internal.bind.v2.runtime.unmarshaller.Loader.reportError(Loader.java:247) ~[?:1.8.0_74]
	at com.sun.xml.internal.bind.v2.runtime.unmarshaller.Loader.reportError(Loader.java:242) ~[?:1.8.0_74]
	at com.sun.xml.internal.bind.v2.runtime.unmarshaller.Loader.reportUnexpectedChildElement(Loader.java:109) ~[?:1.8.0_74]
	at com.sun.xml.internal.bind.v2.runtime.unmarshaller.UnmarshallingContext$DefaultRootLoader.childElement(UnmarshallingContext.java:1131) ~[?:1.8.0_74]
	at com.sun.xml.internal.bind.v2.runtime.unmarshaller.UnmarshallingContext._startElement(UnmarshallingContext.java:556) ~[?:1.8.0_74]
	at com.sun.xml.internal.bind.v2.runtime.unmarshaller.UnmarshallingContext.startElement(UnmarshallingContext.java:538) ~[?:1.8.0_74]
	at com.sun.xml.internal.bind.v2.runtime.unmarshaller.SAXConnector.startElement(SAXConnector.java:153) ~[?:1.8.0_74]
	at com.sun.org.apache.xerces.internal.parsers.AbstractSAXParser.startElement(AbstractSAXParser.java:509) ~[?:1.8.0_74]
	at com.sun.org.apache.xerces.internal.impl.XMLNSDocumentScannerImpl.scanStartElement(XMLNSDocumentScannerImpl.java:380) ~[?:1.8.0_74]
	at com.sun.org.apache.xerces.internal.impl.XMLNSDocumentScannerImpl$NSContentDriver.scanRootElementHook(XMLNSDocumentScannerImpl.java:614) ~[?:1.8.0_74]
	at com.sun.org.apache.xerces.internal.impl.XMLDocumentFragmentScannerImpl$FragmentContentDriver.next(XMLDocumentFragmentScannerImpl.java:3135) ~[?:1.8.0_74]
	at com.sun.org.apache.xerces.internal.impl.XMLDocumentScannerImpl$PrologDriver.next(XMLDocumentScannerImpl.java:880) ~[?:1.8.0_74]
	at com.sun.org.apache.xerces.internal.impl.XMLDocumentScannerImpl.next(XMLDocumentScannerImpl.java:606) ~[?:1.8.0_74]
	at com.sun.org.apache.xerces.internal.impl.XMLNSDocumentScannerImpl.next(XMLNSDocumentScannerImpl.java:118) ~[?:1.8.0_74]
	at com.sun.org.apache.xerces.internal.impl.XMLDocumentFragmentScannerImpl.scanDocument(XMLDocumentFragmentScannerImpl.java:510) ~[?:1.8.0_74]
	at com.sun.org.apache.xerces.internal.parsers.XML11Configuration.parse(XML11Configuration.java:848) ~[?:1.8.0_74]
	at com.sun.org.apache.xerces.internal.parsers.XML11Configuration.parse(XML11Configuration.java:777) ~[?:1.8.0_74]
	at com.sun.org.apache.xerces.internal.parsers.XMLParser.parse(XMLParser.java:141) ~[?:1.8.0_74]
	at com.sun.org.apache.xerces.internal.parsers.AbstractSAXParser.parse(AbstractSAXParser.java:1213) ~[?:1.8.0_74]
	at com.sun.org.apache.xerces.internal.jaxp.SAXParserImpl$JAXPSAXParser.parse(SAXParserImpl.java:643) ~[?:1.8.0_74]
	at com.sun.xml.internal.bind.v2.runtime.unmarshaller.UnmarshallerImpl.unmarshal0(UnmarshallerImpl.java:243) ~[?:1.8.0_74]
	at com.sun.xml.internal.bind.v2.runtime.unmarshaller.UnmarshallerImpl.unmarshal(UnmarshallerImpl.java:214) ~[?:1.8.0_74]
	at javax.xml.bind.helpers.AbstractUnmarshallerImpl.unmarshal(AbstractUnmarshallerImpl.java:157) ~[?:1.8.0_74]
	at javax.xml.bind.helpers.AbstractUnmarshallerImpl.unmarshal(AbstractUnmarshallerImpl.java:162) ~[?:1.8.0_74]
	at javax.xml.bind.helpers.AbstractUnmarshallerImpl.unmarshal(AbstractUnmarshallerImpl.java:171) ~[?:1.8.0_74]
	at javax.xml.bind.helpers.AbstractUnmarshallerImpl.unmarshal(AbstractUnmarshallerImpl.java:189) ~[?:1.8.0_74]
	at by.kastsiuchenka.third.marshal.ActionToy.useUnMarshalWithXSD(ActionToy.java:49) [project1/:?]
	at test.by.kastsiuchenka.third.TestMarshaller.testUnMarshalWithXSD(TestMarshaller.java:48) [project1/:?]
	at sun.reflect.NativeMethodAccessorImpl.invoke0(Native Method) ~[?:1.8.0_74]
	at sun.reflect.NativeMethodAccessorImpl.invoke(NativeMethodAccessorImpl.java:62) ~[?:1.8.0_74]
	at sun.reflect.DelegatingMethodAccessorImpl.invoke(DelegatingMethodAccessorImpl.java:43) ~[?:1.8.0_74]
	at java.lang.reflect.Method.invoke(Method.java:498) ~[?:1.8.0_74]
	at org.testng.internal.MethodInvocationHelper.invokeMethod(MethodInvocationHelper.java:84) [testng-6.8.7.jar:?]
	at org.testng.internal.Invoker.invokeMethod(Invoker.java:714) [testng-6.8.7.jar:?]
	at org.testng.internal.Invoker.invokeTestMethod(Invoker.java:901) [testng-6.8.7.jar:?]
	at org.testng.internal.Invoker.invokeTestMethods(Invoker.java:1231) [testng-6.8.7.jar:?]
	at org.testng.internal.TestMethodWorker.invokeTestMethods(TestMethodWorker.java:127) [testng-6.8.7.jar:?]
	at org.testng.internal.TestMethodWorker.run(TestMethodWorker.java:111) [testng-6.8.7.jar:?]
	at org.testng.TestRunner.privateRun(TestRunner.java:767) [testng-6.8.7.jar:?]
	at org.testng.TestRunner.run(TestRunner.java:617) [testng-6.8.7.jar:?]
	at org.testng.SuiteRunner.runTest(SuiteRunner.java:334) [testng-6.8.7.jar:?]
	at org.testng.SuiteRunner.runSequentially(SuiteRunner.java:329) [testng-6.8.7.jar:?]
	at org.testng.SuiteRunner.privateRun(SuiteRunner.java:291) [testng-6.8.7.jar:?]
	at org.testng.SuiteRunner.run(SuiteRunner.java:240) [testng-6.8.7.jar:?]
	at org.testng.SuiteRunnerWorker.runSuite(SuiteRunnerWorker.java:52) [testng-6.8.7.jar:?]
	at org.testng.SuiteRunnerWorker.run(SuiteRunnerWorker.java:86) [testng-6.8.7.jar:?]
	at org.testng.TestNG.runSuitesSequentially(TestNG.java:1224) [testng-6.8.7.jar:?]
	at org.testng.TestNG.runSuitesLocally(TestNG.java:1149) [testng-6.8.7.jar:?]
	at org.testng.TestNG.run(TestNG.java:1057) [testng-6.8.7.jar:?]
	at org.testng.IDEARemoteTestNG.run(IDEARemoteTestNG.java:72) [testng-plugin.jar:?]
	at org.testng.RemoteTestNGStarter.main(RemoteTestNGStarter.java:123) [testng-plugin.jar:?]
2017-10-15T08:22:11,302 [ERROR] (ActionToy.java:51) - JAXB-context wrong 
javax.xml.bind.UnmarshalException: unexpected element (uri:"http://www.third/kastsiuchenka.by/toys", local:"toys"). Expected elements are <{}musicToy>,<{}toys>,<{}transportToy>
	at com.sun.xml.internal.bind.v2.runtime.unmarshaller.UnmarshallingContext.handleEvent(UnmarshallingContext.java:726) ~[?:1.8.0_74]
	at com.sun.xml.internal.bind.v2.runtime.unmarshaller.Loader.reportError(Loader.java:247) ~[?:1.8.0_74]
	at com.sun.xml.internal.bind.v2.runtime.unmarshaller.Loader.reportError(Loader.java:242) ~[?:1.8.0_74]
	at com.sun.xml.internal.bind.v2.runtime.unmarshaller.Loader.reportUnexpectedChildElement(Loader.java:109) ~[?:1.8.0_74]
	at com.sun.xml.internal.bind.v2.runtime.unmarshaller.UnmarshallingContext$DefaultRootLoader.childElement(UnmarshallingContext.java:1131) ~[?:1.8.0_74]
	at com.sun.xml.internal.bind.v2.runtime.unmarshaller.UnmarshallingContext._startElement(UnmarshallingContext.java:556) ~[?:1.8.0_74]
	at com.sun.xml.internal.bind.v2.runtime.unmarshaller.UnmarshallingContext.startElement(UnmarshallingContext.java:538) ~[?:1.8.0_74]
	at com.sun.xml.internal.bind.v2.runtime.unmarshaller.SAXConnector.startElement(SAXConnector.java:153) ~[?:1.8.0_74]
	at com.sun.org.apache.xerces.internal.parsers.AbstractSAXParser.startElement(AbstractSAXParser.java:509) ~[?:1.8.0_74]
	at com.sun.org.apache.xerces.internal.impl.XMLNSDocumentScannerImpl.scanStartElement(XMLNSDocumentScannerImpl.java:380) ~[?:1.8.0_74]
	at com.sun.org.apache.xerces.internal.impl.XMLNSDocumentScannerImpl$NSContentDriver.scanRootElementHook(XMLNSDocumentScannerImpl.java:614) ~[?:1.8.0_74]
	at com.sun.org.apache.xerces.internal.impl.XMLDocumentFragmentScannerImpl$FragmentContentDriver.next(XMLDocumentFragmentScannerImpl.java:3135) ~[?:1.8.0_74]
	at com.sun.org.apache.xerces.internal.impl.XMLDocumentScannerImpl$PrologDriver.next(XMLDocumentScannerImpl.java:880) ~[?:1.8.0_74]
	at com.sun.org.apache.xerces.internal.impl.XMLDocumentScannerImpl.next(XMLDocumentScannerImpl.java:606) ~[?:1.8.0_74]
	at com.sun.org.apache.xerces.internal.impl.XMLNSDocumentScannerImpl.next(XMLNSDocumentScannerImpl.java:118) ~[?:1.8.0_74]
	at com.sun.org.apache.xerces.internal.impl.XMLDocumentFragmentScannerImpl.scanDocument(XMLDocumentFragmentScannerImpl.java:510) ~[?:1.8.0_74]
	at com.sun.org.apache.xerces.internal.parsers.XML11Configuration.parse(XML11Configuration.java:848) ~[?:1.8.0_74]
	at com.sun.org.apache.xerces.internal.parsers.XML11Configuration.parse(XML11Configuration.java:777) ~[?:1.8.0_74]
	at com.sun.org.apache.xerces.internal.parsers.XMLParser.parse(XMLParser.java:141) ~[?:1.8.0_74]
	at com.sun.org.apache.xerces.internal.parsers.AbstractSAXParser.parse(AbstractSAXParser.java:1213) ~[?:1.8.0_74]
	at com.sun.org.apache.xerces.internal.jaxp.SAXParserImpl$JAXPSAXParser.parse(SAXParserImpl.java:643) ~[?:1.8.0_74]
	at com.sun.xml.internal.bind.v2.runtime.unmarshaller.UnmarshallerImpl.unmarshal0(UnmarshallerImpl.java:243) ~[?:1.8.0_74]
	at com.sun.xml.internal.bind.v2.runtime.unmarshaller.UnmarshallerImpl.unmarshal(UnmarshallerImpl.java:214) ~[?:1.8.0_74]
	at javax.xml.bind.helpers.AbstractUnmarshallerImpl.unmarshal(AbstractUnmarshallerImpl.java:157) ~[?:1.8.0_74]
	at javax.xml.bind.helpers.AbstractUnmarshallerImpl.unmarshal(AbstractUnmarshallerImpl.java:162) ~[?:1.8.0_74]
	at javax.xml.bind.helpers.AbstractUnmarshallerImpl.unmarshal(AbstractUnmarshallerImpl.java:171) ~[?:1.8.0_74]
	at javax.xml.bind.helpers.AbstractUnmarshallerImpl.unmarshal(AbstractUnmarshallerImpl.java:189) ~[?:1.8.0_74]
	at by.kastsiuchenka.third.marshal.ActionToy.useUnMarshalWithXSD(ActionToy.java:49) [project1/:?]
	at test.by.kastsiuchenka.third.TestMarshaller.testUnMarshalWithXSD(TestMarshaller.java:48) [project1/:?]
	at sun.reflect.NativeMethodAccessorImpl.invoke0(Native Method) ~[?:1.8.0_74]
	at sun.reflect.NativeMethodAccessorImpl.invoke(NativeMethodAccessorImpl.java:62) ~[?:1.8.0_74]
	at sun.reflect.DelegatingMethodAccessorImpl.invoke(DelegatingMethodAccessorImpl.java:43) ~[?:1.8.0_74]
	at java.lang.reflect.Method.invoke(Method.java:498) ~[?:1.8.0_74]
	at org.testng.internal.MethodInvocationHelper.invokeMethod(MethodInvocationHelper.java:84) [testng-6.8.7.jar:?]
	at org.testng.internal.Invoker.invokeMethod(Invoker.java:714) [testng-6.8.7.jar:?]
	at org.testng.internal.Invoker.invokeTestMethod(Invoker.java:901) [testng-6.8.7.jar:?]
	at org.testng.internal.Invoker.invokeTestMethods(Invoker.java:1231) [testng-6.8.7.jar:?]
	at org.testng.internal.TestMethodWorker.invokeTestMethods(TestMethodWorker.java:127) [testng-6.8.7.jar:?]
	at org.testng.internal.TestMethodWorker.run(TestMethodWorker.java:111) [testng-6.8.7.jar:?]
	at org.testng.TestRunner.privateRun(TestRunner.java:767) [testng-6.8.7.jar:?]
	at org.testng.TestRunner.run(TestRunner.java:617) [testng-6.8.7.jar:?]
	at org.testng.SuiteRunner.runTest(SuiteRunner.java:334) [testng-6.8.7.jar:?]
	at org.testng.SuiteRunner.runSequentially(SuiteRunner.java:329) [testng-6.8.7.jar:?]
	at org.testng.SuiteRunner.privateRun(SuiteRunner.java:291) [testng-6.8.7.jar:?]
	at org.testng.SuiteRunner.run(SuiteRunner.java:240) [testng-6.8.7.jar:?]
	at org.testng.SuiteRunnerWorker.runSuite(SuiteRunnerWorker.java:52) [testng-6.8.7.jar:?]
	at org.testng.SuiteRunnerWorker.run(SuiteRunnerWorker.java:86) [testng-6.8.7.jar:?]
	at org.testng.TestNG.runSuitesSequentially(TestNG.java:1224) [testng-6.8.7.jar:?]
	at org.testng.TestNG.runSuitesLocally(TestNG.java:1149) [testng-6.8.7.jar:?]
	at org.testng.TestNG.run(TestNG.java:1057) [testng-6.8.7.jar:?]
	at org.testng.IDEARemoteTestNG.run(IDEARemoteTestNG.java:72) [testng-plugin.jar:?]
	at org.testng.RemoteTestNGStarter.main(RemoteTestNGStarter.java:123) [testng-plugin.jar:?]
2017-10-15T08:31:35,427 [INFO ] (TestMarshaller.java:48) - Toys{toyList=[MusicToy{toyId='t1', toyType=MUSIC_TOY, model='dudka', brandName='polesie', material=PLASTIC, cost=7.5, weight=300, typeMusicToy=PIPE, numberTones=12, mainColour=YELLOW, isInteractive=false}, TransportToy{toyId='t2', toyType=TRANSPORT_TOY, model='molniya', brandName='polesie', material=PLASTIC, cost=12.0, weight=250, typeTransport=SPORTCAR, typeControl=MANUAL, bodyColour=RED, numberWeels=4, scale='1:15'}]}
2017-10-15T08:31:53,312 [INFO ] (ActionToy.java:27) - XML file has been created
2017-10-15T08:35:49,971 [INFO ] (TestMarshaller.java:48) - Toys{toyList=[]}
2017-10-15T08:36:37,117 [INFO ] (TestMarshaller.java:48) - Toys{toyList=[MusicToy{toyId='t1', toyType=MUSIC_TOY, model='dudka', brandName='polesie', material=PLASTIC, cost=7.5, weight=300, typeMusicToy=PIPE, numberTones=12, mainColour=YELLOW, isInteractive=false}, TransportToy{toyId='t2', toyType=TRANSPORT_TOY, model='molniya', brandName='polesie', material=PLASTIC, cost=12.0, weight=250, typeTransport=SPORTCAR, typeControl=MANUAL, bodyColour=RED, numberWeels=4, scale='1:15'}]}
2017-10-15T08:37:50,149 [INFO ] (TestMarshaller.java:48) - Toys{toyList=[]}
2017-10-15T08:38:17,844 [INFO ] (TestMarshaller.java:48) - Toys{toyList=[MusicToy{toyId='t1', toyType=MUSIC_TOY, model='dudka', brandName='polesie', material=PLASTIC, cost=7.5, weight=300, typeMusicToy=PIPE, numberTones=12, mainColour=YELLOW, isInteractive=false}, TransportToy{toyId='t2', toyType=TRANSPORT_TOY, model='molniya', brandName='polesie', material=PLASTIC, cost=12.0, weight=250, typeTransport=SPORTCAR, typeControl=MANUAL, bodyColour=RED, numberWeels=4, scale='1:15'}]}
2017-10-15T08:39:20,964 [ERROR] (ActionToy.java:51) - JAXB-context wrong 
javax.xml.bind.UnmarshalException: unexpected element (uri:"", local:"toys"). Expected elements are <{}musicToy>,<{}transportToy>
	at com.sun.xml.internal.bind.v2.runtime.unmarshaller.UnmarshallingContext.handleEvent(UnmarshallingContext.java:726) ~[?:1.8.0_74]
	at com.sun.xml.internal.bind.v2.runtime.unmarshaller.Loader.reportError(Loader.java:247) ~[?:1.8.0_74]
	at com.sun.xml.internal.bind.v2.runtime.unmarshaller.Loader.reportError(Loader.java:242) ~[?:1.8.0_74]
	at com.sun.xml.internal.bind.v2.runtime.unmarshaller.Loader.reportUnexpectedChildElement(Loader.java:109) ~[?:1.8.0_74]
	at com.sun.xml.internal.bind.v2.runtime.unmarshaller.UnmarshallingContext$DefaultRootLoader.childElement(UnmarshallingContext.java:1131) ~[?:1.8.0_74]
	at com.sun.xml.internal.bind.v2.runtime.unmarshaller.UnmarshallingContext._startElement(UnmarshallingContext.java:556) ~[?:1.8.0_74]
	at com.sun.xml.internal.bind.v2.runtime.unmarshaller.UnmarshallingContext.startElement(UnmarshallingContext.java:538) ~[?:1.8.0_74]
	at com.sun.xml.internal.bind.v2.runtime.unmarshaller.SAXConnector.startElement(SAXConnector.java:153) ~[?:1.8.0_74]
	at com.sun.org.apache.xerces.internal.parsers.AbstractSAXParser.startElement(AbstractSAXParser.java:509) ~[?:1.8.0_74]
	at com.sun.org.apache.xerces.internal.impl.XMLNSDocumentScannerImpl.scanStartElement(XMLNSDocumentScannerImpl.java:380) ~[?:1.8.0_74]
	at com.sun.org.apache.xerces.internal.impl.XMLNSDocumentScannerImpl$NSContentDriver.scanRootElementHook(XMLNSDocumentScannerImpl.java:614) ~[?:1.8.0_74]
	at com.sun.org.apache.xerces.internal.impl.XMLDocumentFragmentScannerImpl$FragmentContentDriver.next(XMLDocumentFragmentScannerImpl.java:3135) ~[?:1.8.0_74]
	at com.sun.org.apache.xerces.internal.impl.XMLDocumentScannerImpl$PrologDriver.next(XMLDocumentScannerImpl.java:880) ~[?:1.8.0_74]
	at com.sun.org.apache.xerces.internal.impl.XMLDocumentScannerImpl.next(XMLDocumentScannerImpl.java:606) ~[?:1.8.0_74]
	at com.sun.org.apache.xerces.internal.impl.XMLNSDocumentScannerImpl.next(XMLNSDocumentScannerImpl.java:118) ~[?:1.8.0_74]
	at com.sun.org.apache.xerces.internal.impl.XMLDocumentFragmentScannerImpl.scanDocument(XMLDocumentFragmentScannerImpl.java:510) ~[?:1.8.0_74]
	at com.sun.org.apache.xerces.internal.parsers.XML11Configuration.parse(XML11Configuration.java:848) ~[?:1.8.0_74]
	at com.sun.org.apache.xerces.internal.parsers.XML11Configuration.parse(XML11Configuration.java:777) ~[?:1.8.0_74]
	at com.sun.org.apache.xerces.internal.parsers.XMLParser.parse(XMLParser.java:141) ~[?:1.8.0_74]
	at com.sun.org.apache.xerces.internal.parsers.AbstractSAXParser.parse(AbstractSAXParser.java:1213) ~[?:1.8.0_74]
	at com.sun.org.apache.xerces.internal.jaxp.SAXParserImpl$JAXPSAXParser.parse(SAXParserImpl.java:643) ~[?:1.8.0_74]
	at com.sun.xml.internal.bind.v2.runtime.unmarshaller.UnmarshallerImpl.unmarshal0(UnmarshallerImpl.java:243) ~[?:1.8.0_74]
	at com.sun.xml.internal.bind.v2.runtime.unmarshaller.UnmarshallerImpl.unmarshal(UnmarshallerImpl.java:214) ~[?:1.8.0_74]
	at javax.xml.bind.helpers.AbstractUnmarshallerImpl.unmarshal(AbstractUnmarshallerImpl.java:157) ~[?:1.8.0_74]
	at javax.xml.bind.helpers.AbstractUnmarshallerImpl.unmarshal(AbstractUnmarshallerImpl.java:162) ~[?:1.8.0_74]
	at javax.xml.bind.helpers.AbstractUnmarshallerImpl.unmarshal(AbstractUnmarshallerImpl.java:171) ~[?:1.8.0_74]
	at javax.xml.bind.helpers.AbstractUnmarshallerImpl.unmarshal(AbstractUnmarshallerImpl.java:189) ~[?:1.8.0_74]
	at by.kastsiuchenka.third.marshal.ActionToy.useUnMarshalWithXSD(ActionToy.java:49) [project1/:?]
	at test.by.kastsiuchenka.third.TestMarshaller.testUnMarshalWithXSD(TestMarshaller.java:48) [project1/:?]
	at sun.reflect.NativeMethodAccessorImpl.invoke0(Native Method) ~[?:1.8.0_74]
	at sun.reflect.NativeMethodAccessorImpl.invoke(NativeMethodAccessorImpl.java:62) ~[?:1.8.0_74]
	at sun.reflect.DelegatingMethodAccessorImpl.invoke(DelegatingMethodAccessorImpl.java:43) ~[?:1.8.0_74]
	at java.lang.reflect.Method.invoke(Method.java:498) ~[?:1.8.0_74]
	at org.testng.internal.MethodInvocationHelper.invokeMethod(MethodInvocationHelper.java:84) [testng-6.8.7.jar:?]
	at org.testng.internal.Invoker.invokeMethod(Invoker.java:714) [testng-6.8.7.jar:?]
	at org.testng.internal.Invoker.invokeTestMethod(Invoker.java:901) [testng-6.8.7.jar:?]
	at org.testng.internal.Invoker.invokeTestMethods(Invoker.java:1231) [testng-6.8.7.jar:?]
	at org.testng.internal.TestMethodWorker.invokeTestMethods(TestMethodWorker.java:127) [testng-6.8.7.jar:?]
	at org.testng.internal.TestMethodWorker.run(TestMethodWorker.java:111) [testng-6.8.7.jar:?]
	at org.testng.TestRunner.privateRun(TestRunner.java:767) [testng-6.8.7.jar:?]
	at org.testng.TestRunner.run(TestRunner.java:617) [testng-6.8.7.jar:?]
	at org.testng.SuiteRunner.runTest(SuiteRunner.java:334) [testng-6.8.7.jar:?]
	at org.testng.SuiteRunner.runSequentially(SuiteRunner.java:329) [testng-6.8.7.jar:?]
	at org.testng.SuiteRunner.privateRun(SuiteRunner.java:291) [testng-6.8.7.jar:?]
	at org.testng.SuiteRunner.run(SuiteRunner.java:240) [testng-6.8.7.jar:?]
	at org.testng.SuiteRunnerWorker.runSuite(SuiteRunnerWorker.java:52) [testng-6.8.7.jar:?]
	at org.testng.SuiteRunnerWorker.run(SuiteRunnerWorker.java:86) [testng-6.8.7.jar:?]
	at org.testng.TestNG.runSuitesSequentially(TestNG.java:1224) [testng-6.8.7.jar:?]
	at org.testng.TestNG.runSuitesLocally(TestNG.java:1149) [testng-6.8.7.jar:?]
	at org.testng.TestNG.run(TestNG.java:1057) [testng-6.8.7.jar:?]
	at org.testng.IDEARemoteTestNG.run(IDEARemoteTestNG.java:72) [testng-plugin.jar:?]
	at org.testng.RemoteTestNGStarter.main(RemoteTestNGStarter.java:123) [testng-plugin.jar:?]
2017-10-15T08:39:58,242 [ERROR] (ActionToy.java:31) - JAXB-context wrong javax.xml.bind.MarshalException
 - with linked exception:
[com.sun.istack.internal.SAXException2: unable to marshal type "test.by.kastsiuchenka.third.TestMarshaller$1" as an element because it is missing an @XmlRootElement annotation]
2017-10-15T08:40:33,241 [ERROR] (ActionToy.java:31) - JAXB-context wrong javax.xml.bind.MarshalException
 - with linked exception:
[com.sun.istack.internal.SAXException2: unable to marshal type "test.by.kastsiuchenka.third.TestMarshaller$1" as an element because it is missing an @XmlRootElement annotation]
2017-10-15T08:41:01,013 [ERROR] (ActionToy.java:31) - JAXB-context wrong javax.xml.bind.MarshalException
 - with linked exception:
[com.sun.istack.internal.SAXException2: unable to marshal type "test.by.kastsiuchenka.third.TestMarshaller$1" as an element because it is missing an @XmlRootElement annotation]
2017-10-15T08:41:42,441 [ERROR] (ActionToy.java:31) - JAXB-context wrong javax.xml.bind.MarshalException
 - with linked exception:
[com.sun.istack.internal.SAXException2: unable to marshal type "test.by.kastsiuchenka.third.TestMarshaller$1" as an element because it is missing an @XmlRootElement annotation]
2017-10-15T08:42:08,286 [INFO ] (ActionToy.java:27) - XML file has been created
2017-10-15T08:44:52,386 [INFO ] (ActionToy.java:27) - XML file has been created
2017-10-15T08:46:13,672 [INFO ] (TestMarshaller.java:48) - Toys{toyList=[]}
2017-10-15T08:47:07,939 [ERROR] (ActionToy.java:51) - JAXB-context wrong 
javax.xml.bind.UnmarshalException: Unable to create an instance of by.kastsiuchenka.third.entity.Toy
	at com.sun.xml.internal.bind.v2.runtime.unmarshaller.UnmarshallingContext.handleEvent(UnmarshallingContext.java:726) ~[?:1.8.0_74]
	at com.sun.xml.internal.bind.v2.runtime.unmarshaller.Loader.reportError(Loader.java:247) ~[?:1.8.0_74]
	at com.sun.xml.internal.bind.v2.runtime.unmarshaller.UnmarshallingContext.createInstance(UnmarshallingContext.java:690) ~[?:1.8.0_74]
	at com.sun.xml.internal.bind.v2.runtime.unmarshaller.StructureLoader.startElement(StructureLoader.java:171) ~[?:1.8.0_74]
	at com.sun.xml.internal.bind.v2.runtime.unmarshaller.XsiTypeLoader.startElement(XsiTypeLoader.java:65) ~[?:1.8.0_74]
	at com.sun.xml.internal.bind.v2.runtime.unmarshaller.UnmarshallingContext._startElement(UnmarshallingContext.java:559) ~[?:1.8.0_74]
	at com.sun.xml.internal.bind.v2.runtime.unmarshaller.UnmarshallingContext.startElement(UnmarshallingContext.java:538) ~[?:1.8.0_74]
	at com.sun.xml.internal.bind.v2.runtime.unmarshaller.SAXConnector.startElement(SAXConnector.java:153) ~[?:1.8.0_74]
	at com.sun.org.apache.xerces.internal.parsers.AbstractSAXParser.startElement(AbstractSAXParser.java:509) ~[?:1.8.0_74]
	at com.sun.org.apache.xerces.internal.impl.XMLNSDocumentScannerImpl.scanStartElement(XMLNSDocumentScannerImpl.java:380) ~[?:1.8.0_74]
	at com.sun.org.apache.xerces.internal.impl.XMLDocumentFragmentScannerImpl$FragmentContentDriver.next(XMLDocumentFragmentScannerImpl.java:2787) ~[?:1.8.0_74]
	at com.sun.org.apache.xerces.internal.impl.XMLDocumentScannerImpl.next(XMLDocumentScannerImpl.java:606) ~[?:1.8.0_74]
	at com.sun.org.apache.xerces.internal.impl.XMLNSDocumentScannerImpl.next(XMLNSDocumentScannerImpl.java:118) ~[?:1.8.0_74]
	at com.sun.org.apache.xerces.internal.impl.XMLDocumentFragmentScannerImpl.scanDocument(XMLDocumentFragmentScannerImpl.java:510) ~[?:1.8.0_74]
	at com.sun.org.apache.xerces.internal.parsers.XML11Configuration.parse(XML11Configuration.java:848) ~[?:1.8.0_74]
	at com.sun.org.apache.xerces.internal.parsers.XML11Configuration.parse(XML11Configuration.java:777) ~[?:1.8.0_74]
	at com.sun.org.apache.xerces.internal.parsers.XMLParser.parse(XMLParser.java:141) ~[?:1.8.0_74]
	at com.sun.org.apache.xerces.internal.parsers.AbstractSAXParser.parse(AbstractSAXParser.java:1213) ~[?:1.8.0_74]
	at com.sun.org.apache.xerces.internal.jaxp.SAXParserImpl$JAXPSAXParser.parse(SAXParserImpl.java:643) ~[?:1.8.0_74]
	at com.sun.xml.internal.bind.v2.runtime.unmarshaller.UnmarshallerImpl.unmarshal0(UnmarshallerImpl.java:243) ~[?:1.8.0_74]
	at com.sun.xml.internal.bind.v2.runtime.unmarshaller.UnmarshallerImpl.unmarshal(UnmarshallerImpl.java:214) ~[?:1.8.0_74]
	at javax.xml.bind.helpers.AbstractUnmarshallerImpl.unmarshal(AbstractUnmarshallerImpl.java:157) ~[?:1.8.0_74]
	at javax.xml.bind.helpers.AbstractUnmarshallerImpl.unmarshal(AbstractUnmarshallerImpl.java:162) ~[?:1.8.0_74]
	at javax.xml.bind.helpers.AbstractUnmarshallerImpl.unmarshal(AbstractUnmarshallerImpl.java:171) ~[?:1.8.0_74]
	at javax.xml.bind.helpers.AbstractUnmarshallerImpl.unmarshal(AbstractUnmarshallerImpl.java:189) ~[?:1.8.0_74]
	at by.kastsiuchenka.third.marshal.ActionToy.useUnMarshalWithXSD(ActionToy.java:49) [project1/:?]
	at test.by.kastsiuchenka.third.TestMarshaller.testUnMarshalWithXSD(TestMarshaller.java:48) [project1/:?]
	at sun.reflect.NativeMethodAccessorImpl.invoke0(Native Method) ~[?:1.8.0_74]
	at sun.reflect.NativeMethodAccessorImpl.invoke(NativeMethodAccessorImpl.java:62) ~[?:1.8.0_74]
	at sun.reflect.DelegatingMethodAccessorImpl.invoke(DelegatingMethodAccessorImpl.java:43) ~[?:1.8.0_74]
	at java.lang.reflect.Method.invoke(Method.java:498) ~[?:1.8.0_74]
	at org.testng.internal.MethodInvocationHelper.invokeMethod(MethodInvocationHelper.java:84) [testng-6.8.7.jar:?]
	at org.testng.internal.Invoker.invokeMethod(Invoker.java:714) [testng-6.8.7.jar:?]
	at org.testng.internal.Invoker.invokeTestMethod(Invoker.java:901) [testng-6.8.7.jar:?]
	at org.testng.internal.Invoker.invokeTestMethods(Invoker.java:1231) [testng-6.8.7.jar:?]
	at org.testng.internal.TestMethodWorker.invokeTestMethods(TestMethodWorker.java:127) [testng-6.8.7.jar:?]
	at org.testng.internal.TestMethodWorker.run(TestMethodWorker.java:111) [testng-6.8.7.jar:?]
	at org.testng.TestRunner.privateRun(TestRunner.java:767) [testng-6.8.7.jar:?]
	at org.testng.TestRunner.run(TestRunner.java:617) [testng-6.8.7.jar:?]
	at org.testng.SuiteRunner.runTest(SuiteRunner.java:334) [testng-6.8.7.jar:?]
	at org.testng.SuiteRunner.runSequentially(SuiteRunner.java:329) [testng-6.8.7.jar:?]
	at org.testng.SuiteRunner.privateRun(SuiteRunner.java:291) [testng-6.8.7.jar:?]
	at org.testng.SuiteRunner.run(SuiteRunner.java:240) [testng-6.8.7.jar:?]
	at org.testng.SuiteRunnerWorker.runSuite(SuiteRunnerWorker.java:52) [testng-6.8.7.jar:?]
	at org.testng.SuiteRunnerWorker.run(SuiteRunnerWorker.java:86) [testng-6.8.7.jar:?]
	at org.testng.TestNG.runSuitesSequentially(TestNG.java:1224) [testng-6.8.7.jar:?]
	at org.testng.TestNG.runSuitesLocally(TestNG.java:1149) [testng-6.8.7.jar:?]
	at org.testng.TestNG.run(TestNG.java:1057) [testng-6.8.7.jar:?]
	at org.testng.IDEARemoteTestNG.run(IDEARemoteTestNG.java:72) [testng-plugin.jar:?]
	at org.testng.RemoteTestNGStarter.main(RemoteTestNGStarter.java:123) [testng-plugin.jar:?]
Caused by: java.lang.InstantiationException
	at sun.reflect.InstantiationExceptionConstructorAccessorImpl.newInstance(InstantiationExceptionConstructorAccessorImpl.java:48) ~[?:1.8.0_74]
	at java.lang.reflect.Constructor.newInstance(Constructor.java:423) ~[?:1.8.0_74]
	at com.sun.xml.internal.bind.v2.ClassFactory.create0(ClassFactory.java:118) ~[?:1.8.0_74]
	at com.sun.xml.internal.bind.v2.runtime.ClassBeanInfoImpl.createInstance(ClassBeanInfoImpl.java:270) ~[?:1.8.0_74]
	at com.sun.xml.internal.bind.v2.runtime.unmarshaller.UnmarshallingContext.createInstance(UnmarshallingContext.java:684) ~[?:1.8.0_74]
	... 47 more
2017-10-15T08:47:49,320 [INFO ] (TestMarshaller.java:48) - Toys{toyList=[]}
2017-10-15T08:49:07,401 [INFO ] (TestMarshaller.java:48) - Toys{toyList=[MusicToy{toyId='t1', toyType=MUSIC_TOY, model='FunnyPiano', brandName='CHUI', material=PLASTIC, cost=120.0, weight=2000, typeMusicToy=PIANO, numberTones=40, mainColour=RED, isInteractive=true}]}
2017-10-15T08:51:30,368 [INFO ] (TestMarshaller.java:48) - Toys{toyList=[]}
2017-10-15T08:51:49,845 [ERROR] (ActionToy.java:51) - JAXB-context wrong 
javax.xml.bind.UnmarshalException: Unable to create an instance of by.kastsiuchenka.third.entity.Toy
	at com.sun.xml.internal.bind.v2.runtime.unmarshaller.UnmarshallingContext.handleEvent(UnmarshallingContext.java:726) ~[?:1.8.0_74]
	at com.sun.xml.internal.bind.v2.runtime.unmarshaller.Loader.reportError(Loader.java:247) ~[?:1.8.0_74]
	at com.sun.xml.internal.bind.v2.runtime.unmarshaller.UnmarshallingContext.createInstance(UnmarshallingContext.java:690) ~[?:1.8.0_74]
	at com.sun.xml.internal.bind.v2.runtime.unmarshaller.StructureLoader.startElement(StructureLoader.java:171) ~[?:1.8.0_74]
	at com.sun.xml.internal.bind.v2.runtime.unmarshaller.XsiTypeLoader.startElement(XsiTypeLoader.java:65) ~[?:1.8.0_74]
	at com.sun.xml.internal.bind.v2.runtime.unmarshaller.UnmarshallingContext._startElement(UnmarshallingContext.java:559) ~[?:1.8.0_74]
	at com.sun.xml.internal.bind.v2.runtime.unmarshaller.UnmarshallingContext.startElement(UnmarshallingContext.java:538) ~[?:1.8.0_74]
	at com.sun.xml.internal.bind.v2.runtime.unmarshaller.SAXConnector.startElement(SAXConnector.java:153) ~[?:1.8.0_74]
	at com.sun.org.apache.xerces.internal.parsers.AbstractSAXParser.startElement(AbstractSAXParser.java:509) ~[?:1.8.0_74]
	at com.sun.org.apache.xerces.internal.impl.XMLNSDocumentScannerImpl.scanStartElement(XMLNSDocumentScannerImpl.java:380) ~[?:1.8.0_74]
	at com.sun.org.apache.xerces.internal.impl.XMLDocumentFragmentScannerImpl$FragmentContentDriver.next(XMLDocumentFragmentScannerImpl.java:2787) ~[?:1.8.0_74]
	at com.sun.org.apache.xerces.internal.impl.XMLDocumentScannerImpl.next(XMLDocumentScannerImpl.java:606) ~[?:1.8.0_74]
	at com.sun.org.apache.xerces.internal.impl.XMLNSDocumentScannerImpl.next(XMLNSDocumentScannerImpl.java:118) ~[?:1.8.0_74]
	at com.sun.org.apache.xerces.internal.impl.XMLDocumentFragmentScannerImpl.scanDocument(XMLDocumentFragmentScannerImpl.java:510) ~[?:1.8.0_74]
	at com.sun.org.apache.xerces.internal.parsers.XML11Configuration.parse(XML11Configuration.java:848) ~[?:1.8.0_74]
	at com.sun.org.apache.xerces.internal.parsers.XML11Configuration.parse(XML11Configuration.java:777) ~[?:1.8.0_74]
	at com.sun.org.apache.xerces.internal.parsers.XMLParser.parse(XMLParser.java:141) ~[?:1.8.0_74]
	at com.sun.org.apache.xerces.internal.parsers.AbstractSAXParser.parse(AbstractSAXParser.java:1213) ~[?:1.8.0_74]
	at com.sun.org.apache.xerces.internal.jaxp.SAXParserImpl$JAXPSAXParser.parse(SAXParserImpl.java:643) ~[?:1.8.0_74]
	at com.sun.xml.internal.bind.v2.runtime.unmarshaller.UnmarshallerImpl.unmarshal0(UnmarshallerImpl.java:243) ~[?:1.8.0_74]
	at com.sun.xml.internal.bind.v2.runtime.unmarshaller.UnmarshallerImpl.unmarshal(UnmarshallerImpl.java:214) ~[?:1.8.0_74]
	at javax.xml.bind.helpers.AbstractUnmarshallerImpl.unmarshal(AbstractUnmarshallerImpl.java:157) ~[?:1.8.0_74]
	at javax.xml.bind.helpers.AbstractUnmarshallerImpl.unmarshal(AbstractUnmarshallerImpl.java:162) ~[?:1.8.0_74]
	at javax.xml.bind.helpers.AbstractUnmarshallerImpl.unmarshal(AbstractUnmarshallerImpl.java:171) ~[?:1.8.0_74]
	at javax.xml.bind.helpers.AbstractUnmarshallerImpl.unmarshal(AbstractUnmarshallerImpl.java:189) ~[?:1.8.0_74]
	at by.kastsiuchenka.third.marshal.ActionToy.useUnMarshalWithXSD(ActionToy.java:49) [project1/:?]
	at test.by.kastsiuchenka.third.TestMarshaller.testUnMarshalWithXSD(TestMarshaller.java:48) [project1/:?]
	at sun.reflect.NativeMethodAccessorImpl.invoke0(Native Method) ~[?:1.8.0_74]
	at sun.reflect.NativeMethodAccessorImpl.invoke(NativeMethodAccessorImpl.java:62) ~[?:1.8.0_74]
	at sun.reflect.DelegatingMethodAccessorImpl.invoke(DelegatingMethodAccessorImpl.java:43) ~[?:1.8.0_74]
	at java.lang.reflect.Method.invoke(Method.java:498) ~[?:1.8.0_74]
	at org.testng.internal.MethodInvocationHelper.invokeMethod(MethodInvocationHelper.java:84) [testng-6.8.7.jar:?]
	at org.testng.internal.Invoker.invokeMethod(Invoker.java:714) [testng-6.8.7.jar:?]
	at org.testng.internal.Invoker.invokeTestMethod(Invoker.java:901) [testng-6.8.7.jar:?]
	at org.testng.internal.Invoker.invokeTestMethods(Invoker.java:1231) [testng-6.8.7.jar:?]
	at org.testng.internal.TestMethodWorker.invokeTestMethods(TestMethodWorker.java:127) [testng-6.8.7.jar:?]
	at org.testng.internal.TestMethodWorker.run(TestMethodWorker.java:111) [testng-6.8.7.jar:?]
	at org.testng.TestRunner.privateRun(TestRunner.java:767) [testng-6.8.7.jar:?]
	at org.testng.TestRunner.run(TestRunner.java:617) [testng-6.8.7.jar:?]
	at org.testng.SuiteRunner.runTest(SuiteRunner.java:334) [testng-6.8.7.jar:?]
	at org.testng.SuiteRunner.runSequentially(SuiteRunner.java:329) [testng-6.8.7.jar:?]
	at org.testng.SuiteRunner.privateRun(SuiteRunner.java:291) [testng-6.8.7.jar:?]
	at org.testng.SuiteRunner.run(SuiteRunner.java:240) [testng-6.8.7.jar:?]
	at org.testng.SuiteRunnerWorker.runSuite(SuiteRunnerWorker.java:52) [testng-6.8.7.jar:?]
	at org.testng.SuiteRunnerWorker.run(SuiteRunnerWorker.java:86) [testng-6.8.7.jar:?]
	at org.testng.TestNG.runSuitesSequentially(TestNG.java:1224) [testng-6.8.7.jar:?]
	at org.testng.TestNG.runSuitesLocally(TestNG.java:1149) [testng-6.8.7.jar:?]
	at org.testng.TestNG.run(TestNG.java:1057) [testng-6.8.7.jar:?]
	at org.testng.IDEARemoteTestNG.run(IDEARemoteTestNG.java:72) [testng-plugin.jar:?]
	at org.testng.RemoteTestNGStarter.main(RemoteTestNGStarter.java:123) [testng-plugin.jar:?]
Caused by: java.lang.InstantiationException
	at sun.reflect.InstantiationExceptionConstructorAccessorImpl.newInstance(InstantiationExceptionConstructorAccessorImpl.java:48) ~[?:1.8.0_74]
	at java.lang.reflect.Constructor.newInstance(Constructor.java:423) ~[?:1.8.0_74]
	at com.sun.xml.internal.bind.v2.ClassFactory.create0(ClassFactory.java:118) ~[?:1.8.0_74]
	at com.sun.xml.internal.bind.v2.runtime.ClassBeanInfoImpl.createInstance(ClassBeanInfoImpl.java:270) ~[?:1.8.0_74]
	at com.sun.xml.internal.bind.v2.runtime.unmarshaller.UnmarshallingContext.createInstance(UnmarshallingContext.java:684) ~[?:1.8.0_74]
	... 47 more
2017-10-15T08:52:03,851 [INFO ] (TestMarshaller.java:48) - Toys{toyList=[]}
2017-10-15T09:09:10,515 [ERROR] (ActionToy.java:51) - JAXB-context wrong 
javax.xml.bind.UnmarshalException: null
	at javax.xml.bind.helpers.AbstractUnmarshallerImpl.createUnmarshalException(AbstractUnmarshallerImpl.java:335) ~[?:1.8.0_74]
	at com.sun.xml.internal.bind.v2.runtime.unmarshaller.UnmarshallerImpl.createUnmarshalException(UnmarshallerImpl.java:563) ~[?:1.8.0_74]
	at com.sun.xml.internal.bind.v2.runtime.unmarshaller.UnmarshallerImpl.unmarshal0(UnmarshallerImpl.java:249) ~[?:1.8.0_74]
	at com.sun.xml.internal.bind.v2.runtime.unmarshaller.UnmarshallerImpl.unmarshal(UnmarshallerImpl.java:214) ~[?:1.8.0_74]
	at javax.xml.bind.helpers.AbstractUnmarshallerImpl.unmarshal(AbstractUnmarshallerImpl.java:157) ~[?:1.8.0_74]
	at javax.xml.bind.helpers.AbstractUnmarshallerImpl.unmarshal(AbstractUnmarshallerImpl.java:162) ~[?:1.8.0_74]
	at javax.xml.bind.helpers.AbstractUnmarshallerImpl.unmarshal(AbstractUnmarshallerImpl.java:171) ~[?:1.8.0_74]
	at javax.xml.bind.helpers.AbstractUnmarshallerImpl.unmarshal(AbstractUnmarshallerImpl.java:189) ~[?:1.8.0_74]
	at by.kastsiuchenka.third.marshal.ActionToy.useUnMarshalWithXSD(ActionToy.java:49) [project1/:?]
	at test.by.kastsiuchenka.third.TestMarshaller.testUnMarshalWithXSD(TestMarshaller.java:48) [project1/:?]
	at sun.reflect.NativeMethodAccessorImpl.invoke0(Native Method) ~[?:1.8.0_74]
	at sun.reflect.NativeMethodAccessorImpl.invoke(NativeMethodAccessorImpl.java:62) ~[?:1.8.0_74]
	at sun.reflect.DelegatingMethodAccessorImpl.invoke(DelegatingMethodAccessorImpl.java:43) ~[?:1.8.0_74]
	at java.lang.reflect.Method.invoke(Method.java:498) ~[?:1.8.0_74]
	at org.testng.internal.MethodInvocationHelper.invokeMethod(MethodInvocationHelper.java:84) [testng-6.8.7.jar:?]
	at org.testng.internal.Invoker.invokeMethod(Invoker.java:714) [testng-6.8.7.jar:?]
	at org.testng.internal.Invoker.invokeTestMethod(Invoker.java:901) [testng-6.8.7.jar:?]
	at org.testng.internal.Invoker.invokeTestMethods(Invoker.java:1231) [testng-6.8.7.jar:?]
	at org.testng.internal.TestMethodWorker.invokeTestMethods(TestMethodWorker.java:127) [testng-6.8.7.jar:?]
	at org.testng.internal.TestMethodWorker.run(TestMethodWorker.java:111) [testng-6.8.7.jar:?]
	at org.testng.TestRunner.privateRun(TestRunner.java:767) [testng-6.8.7.jar:?]
	at org.testng.TestRunner.run(TestRunner.java:617) [testng-6.8.7.jar:?]
	at org.testng.SuiteRunner.runTest(SuiteRunner.java:334) [testng-6.8.7.jar:?]
	at org.testng.SuiteRunner.runSequentially(SuiteRunner.java:329) [testng-6.8.7.jar:?]
	at org.testng.SuiteRunner.privateRun(SuiteRunner.java:291) [testng-6.8.7.jar:?]
	at org.testng.SuiteRunner.run(SuiteRunner.java:240) [testng-6.8.7.jar:?]
	at org.testng.SuiteRunnerWorker.runSuite(SuiteRunnerWorker.java:52) [testng-6.8.7.jar:?]
	at org.testng.SuiteRunnerWorker.run(SuiteRunnerWorker.java:86) [testng-6.8.7.jar:?]
	at org.testng.TestNG.runSuitesSequentially(TestNG.java:1224) [testng-6.8.7.jar:?]
	at org.testng.TestNG.runSuitesLocally(TestNG.java:1149) [testng-6.8.7.jar:?]
	at org.testng.TestNG.run(TestNG.java:1057) [testng-6.8.7.jar:?]
	at org.testng.IDEARemoteTestNG.run(IDEARemoteTestNG.java:72) [testng-plugin.jar:?]
	at org.testng.RemoteTestNGStarter.main(RemoteTestNGStarter.java:123) [testng-plugin.jar:?]
Caused by: org.xml.sax.SAXParseException: cvc-elt.1: Cannot find the declaration of element 'toys'.
	at com.sun.org.apache.xerces.internal.util.ErrorHandlerWrapper.createSAXParseException(ErrorHandlerWrapper.java:203) ~[?:1.8.0_74]
	at com.sun.org.apache.xerces.internal.util.ErrorHandlerWrapper.error(ErrorHandlerWrapper.java:134) ~[?:1.8.0_74]
	at com.sun.org.apache.xerces.internal.impl.XMLErrorReporter.reportError(XMLErrorReporter.java:396) ~[?:1.8.0_74]
	at com.sun.org.apache.xerces.internal.impl.XMLErrorReporter.reportError(XMLErrorReporter.java:327) ~[?:1.8.0_74]
	at com.sun.org.apache.xerces.internal.impl.XMLErrorReporter.reportError(XMLErrorReporter.java:284) ~[?:1.8.0_74]
	at com.sun.org.apache.xerces.internal.impl.xs.XMLSchemaValidator.handleStartElement(XMLSchemaValidator.java:1900) ~[?:1.8.0_74]
	at com.sun.org.apache.xerces.internal.impl.xs.XMLSchemaValidator.startElement(XMLSchemaValidator.java:740) ~[?:1.8.0_74]
	at com.sun.org.apache.xerces.internal.jaxp.validation.ValidatorHandlerImpl.startElement(ValidatorHandlerImpl.java:570) ~[?:1.8.0_74]
	at com.sun.xml.internal.bind.v2.runtime.unmarshaller.ValidatingUnmarshaller.startElement(ValidatingUnmarshaller.java:86) ~[?:1.8.0_74]
	at com.sun.xml.internal.bind.v2.runtime.unmarshaller.SAXConnector.startElement(SAXConnector.java:153) ~[?:1.8.0_74]
	at com.sun.org.apache.xerces.internal.parsers.AbstractSAXParser.startElement(AbstractSAXParser.java:509) ~[?:1.8.0_74]
	at com.sun.org.apache.xerces.internal.impl.XMLNSDocumentScannerImpl.scanStartElement(XMLNSDocumentScannerImpl.java:380) ~[?:1.8.0_74]
	at com.sun.org.apache.xerces.internal.impl.XMLNSDocumentScannerImpl$NSContentDriver.scanRootElementHook(XMLNSDocumentScannerImpl.java:614) ~[?:1.8.0_74]
	at com.sun.org.apache.xerces.internal.impl.XMLDocumentFragmentScannerImpl$FragmentContentDriver.next(XMLDocumentFragmentScannerImpl.java:3135) ~[?:1.8.0_74]
	at com.sun.org.apache.xerces.internal.impl.XMLDocumentScannerImpl$PrologDriver.next(XMLDocumentScannerImpl.java:880) ~[?:1.8.0_74]
	at com.sun.org.apache.xerces.internal.impl.XMLDocumentScannerImpl.next(XMLDocumentScannerImpl.java:606) ~[?:1.8.0_74]
	at com.sun.org.apache.xerces.internal.impl.XMLNSDocumentScannerImpl.next(XMLNSDocumentScannerImpl.java:118) ~[?:1.8.0_74]
	at com.sun.org.apache.xerces.internal.impl.XMLDocumentFragmentScannerImpl.scanDocument(XMLDocumentFragmentScannerImpl.java:510) ~[?:1.8.0_74]
	at com.sun.org.apache.xerces.internal.parsers.XML11Configuration.parse(XML11Configuration.java:848) ~[?:1.8.0_74]
	at com.sun.org.apache.xerces.internal.parsers.XML11Configuration.parse(XML11Configuration.java:777) ~[?:1.8.0_74]
	at com.sun.org.apache.xerces.internal.parsers.XMLParser.parse(XMLParser.java:141) ~[?:1.8.0_74]
	at com.sun.org.apache.xerces.internal.parsers.AbstractSAXParser.parse(AbstractSAXParser.java:1213) ~[?:1.8.0_74]
	at com.sun.org.apache.xerces.internal.jaxp.SAXParserImpl$JAXPSAXParser.parse(SAXParserImpl.java:643) ~[?:1.8.0_74]
	at com.sun.xml.internal.bind.v2.runtime.unmarshaller.UnmarshallerImpl.unmarshal0(UnmarshallerImpl.java:243) ~[?:1.8.0_74]
	... 30 more
2017-10-15T14:28:25,758 [ERROR] (ActionToy.java:51) - JAXB-context wrong 
javax.xml.bind.UnmarshalException: unexpected element (uri:"http://www.third/kastsiuchenka.by/toys", local:"toys"). Expected elements are <{}musicToy>,<{}toys>,<{}transportToy>
	at com.sun.xml.internal.bind.v2.runtime.unmarshaller.UnmarshallingContext.handleEvent(UnmarshallingContext.java:726) ~[?:1.8.0_74]
	at com.sun.xml.internal.bind.v2.runtime.unmarshaller.Loader.reportError(Loader.java:247) ~[?:1.8.0_74]
	at com.sun.xml.internal.bind.v2.runtime.unmarshaller.Loader.reportError(Loader.java:242) ~[?:1.8.0_74]
	at com.sun.xml.internal.bind.v2.runtime.unmarshaller.Loader.reportUnexpectedChildElement(Loader.java:109) ~[?:1.8.0_74]
	at com.sun.xml.internal.bind.v2.runtime.unmarshaller.UnmarshallingContext$DefaultRootLoader.childElement(UnmarshallingContext.java:1131) ~[?:1.8.0_74]
	at com.sun.xml.internal.bind.v2.runtime.unmarshaller.UnmarshallingContext._startElement(UnmarshallingContext.java:556) ~[?:1.8.0_74]
	at com.sun.xml.internal.bind.v2.runtime.unmarshaller.UnmarshallingContext.startElement(UnmarshallingContext.java:538) ~[?:1.8.0_74]
	at com.sun.xml.internal.bind.v2.runtime.unmarshaller.ValidatingUnmarshaller.startElement(ValidatingUnmarshaller.java:87) ~[?:1.8.0_74]
	at com.sun.xml.internal.bind.v2.runtime.unmarshaller.SAXConnector.startElement(SAXConnector.java:153) ~[?:1.8.0_74]
	at com.sun.org.apache.xerces.internal.parsers.AbstractSAXParser.startElement(AbstractSAXParser.java:509) ~[?:1.8.0_74]
	at com.sun.org.apache.xerces.internal.impl.XMLNSDocumentScannerImpl.scanStartElement(XMLNSDocumentScannerImpl.java:380) ~[?:1.8.0_74]
	at com.sun.org.apache.xerces.internal.impl.XMLNSDocumentScannerImpl$NSContentDriver.scanRootElementHook(XMLNSDocumentScannerImpl.java:614) ~[?:1.8.0_74]
	at com.sun.org.apache.xerces.internal.impl.XMLDocumentFragmentScannerImpl$FragmentContentDriver.next(XMLDocumentFragmentScannerImpl.java:3135) ~[?:1.8.0_74]
	at com.sun.org.apache.xerces.internal.impl.XMLDocumentScannerImpl$PrologDriver.next(XMLDocumentScannerImpl.java:880) ~[?:1.8.0_74]
	at com.sun.org.apache.xerces.internal.impl.XMLDocumentScannerImpl.next(XMLDocumentScannerImpl.java:606) ~[?:1.8.0_74]
	at com.sun.org.apache.xerces.internal.impl.XMLNSDocumentScannerImpl.next(XMLNSDocumentScannerImpl.java:118) ~[?:1.8.0_74]
	at com.sun.org.apache.xerces.internal.impl.XMLDocumentFragmentScannerImpl.scanDocument(XMLDocumentFragmentScannerImpl.java:510) ~[?:1.8.0_74]
	at com.sun.org.apache.xerces.internal.parsers.XML11Configuration.parse(XML11Configuration.java:848) ~[?:1.8.0_74]
	at com.sun.org.apache.xerces.internal.parsers.XML11Configuration.parse(XML11Configuration.java:777) ~[?:1.8.0_74]
	at com.sun.org.apache.xerces.internal.parsers.XMLParser.parse(XMLParser.java:141) ~[?:1.8.0_74]
	at com.sun.org.apache.xerces.internal.parsers.AbstractSAXParser.parse(AbstractSAXParser.java:1213) ~[?:1.8.0_74]
	at com.sun.org.apache.xerces.internal.jaxp.SAXParserImpl$JAXPSAXParser.parse(SAXParserImpl.java:643) ~[?:1.8.0_74]
	at com.sun.xml.internal.bind.v2.runtime.unmarshaller.UnmarshallerImpl.unmarshal0(UnmarshallerImpl.java:243) ~[?:1.8.0_74]
	at com.sun.xml.internal.bind.v2.runtime.unmarshaller.UnmarshallerImpl.unmarshal(UnmarshallerImpl.java:214) ~[?:1.8.0_74]
	at javax.xml.bind.helpers.AbstractUnmarshallerImpl.unmarshal(AbstractUnmarshallerImpl.java:157) ~[?:1.8.0_74]
	at javax.xml.bind.helpers.AbstractUnmarshallerImpl.unmarshal(AbstractUnmarshallerImpl.java:162) ~[?:1.8.0_74]
	at javax.xml.bind.helpers.AbstractUnmarshallerImpl.unmarshal(AbstractUnmarshallerImpl.java:171) ~[?:1.8.0_74]
	at javax.xml.bind.helpers.AbstractUnmarshallerImpl.unmarshal(AbstractUnmarshallerImpl.java:189) ~[?:1.8.0_74]
	at by.kastsiuchenka.third.marshal.ActionToy.useUnMarshalWithXSD(ActionToy.java:49) [project1/:?]
	at test.by.kastsiuchenka.third.TestMarshaller.testUnMarshalWithXSD(TestMarshaller.java:48) [project1/:?]
	at sun.reflect.NativeMethodAccessorImpl.invoke0(Native Method) ~[?:1.8.0_74]
	at sun.reflect.NativeMethodAccessorImpl.invoke(NativeMethodAccessorImpl.java:62) ~[?:1.8.0_74]
	at sun.reflect.DelegatingMethodAccessorImpl.invoke(DelegatingMethodAccessorImpl.java:43) ~[?:1.8.0_74]
	at java.lang.reflect.Method.invoke(Method.java:498) ~[?:1.8.0_74]
	at org.testng.internal.MethodInvocationHelper.invokeMethod(MethodInvocationHelper.java:84) [testng-6.8.7.jar:?]
	at org.testng.internal.Invoker.invokeMethod(Invoker.java:714) [testng-6.8.7.jar:?]
	at org.testng.internal.Invoker.invokeTestMethod(Invoker.java:901) [testng-6.8.7.jar:?]
	at org.testng.internal.Invoker.invokeTestMethods(Invoker.java:1231) [testng-6.8.7.jar:?]
	at org.testng.internal.TestMethodWorker.invokeTestMethods(TestMethodWorker.java:127) [testng-6.8.7.jar:?]
	at org.testng.internal.TestMethodWorker.run(TestMethodWorker.java:111) [testng-6.8.7.jar:?]
	at org.testng.TestRunner.privateRun(TestRunner.java:767) [testng-6.8.7.jar:?]
	at org.testng.TestRunner.run(TestRunner.java:617) [testng-6.8.7.jar:?]
	at org.testng.SuiteRunner.runTest(SuiteRunner.java:334) [testng-6.8.7.jar:?]
	at org.testng.SuiteRunner.runSequentially(SuiteRunner.java:329) [testng-6.8.7.jar:?]
	at org.testng.SuiteRunner.privateRun(SuiteRunner.java:291) [testng-6.8.7.jar:?]
	at org.testng.SuiteRunner.run(SuiteRunner.java:240) [testng-6.8.7.jar:?]
	at org.testng.SuiteRunnerWorker.runSuite(SuiteRunnerWorker.java:52) [testng-6.8.7.jar:?]
	at org.testng.SuiteRunnerWorker.run(SuiteRunnerWorker.java:86) [testng-6.8.7.jar:?]
	at org.testng.TestNG.runSuitesSequentially(TestNG.java:1224) [testng-6.8.7.jar:?]
	at org.testng.TestNG.runSuitesLocally(TestNG.java:1149) [testng-6.8.7.jar:?]
	at org.testng.TestNG.run(TestNG.java:1057) [testng-6.8.7.jar:?]
	at org.testng.IDEARemoteTestNG.run(IDEARemoteTestNG.java:72) [testng-plugin.jar:?]
	at org.testng.RemoteTestNGStarter.main(RemoteTestNGStarter.java:123) [testng-plugin.jar:?]
2017-10-15T14:32:10,906 [ERROR] (ActionToy.java:51) - JAXB-context wrong 
javax.xml.bind.UnmarshalException: unexpected element (uri:"http://www.third/kastsiuchenka.by/toys", local:"toys"). Expected elements are <{}musicToy>,<{}toys>,<{}transportToy>
	at com.sun.xml.internal.bind.v2.runtime.unmarshaller.UnmarshallingContext.handleEvent(UnmarshallingContext.java:726) ~[?:1.8.0_74]
	at com.sun.xml.internal.bind.v2.runtime.unmarshaller.Loader.reportError(Loader.java:247) ~[?:1.8.0_74]
	at com.sun.xml.internal.bind.v2.runtime.unmarshaller.Loader.reportError(Loader.java:242) ~[?:1.8.0_74]
	at com.sun.xml.internal.bind.v2.runtime.unmarshaller.Loader.reportUnexpectedChildElement(Loader.java:109) ~[?:1.8.0_74]
	at com.sun.xml.internal.bind.v2.runtime.unmarshaller.UnmarshallingContext$DefaultRootLoader.childElement(UnmarshallingContext.java:1131) ~[?:1.8.0_74]
	at com.sun.xml.internal.bind.v2.runtime.unmarshaller.UnmarshallingContext._startElement(UnmarshallingContext.java:556) ~[?:1.8.0_74]
	at com.sun.xml.internal.bind.v2.runtime.unmarshaller.UnmarshallingContext.startElement(UnmarshallingContext.java:538) ~[?:1.8.0_74]
	at com.sun.xml.internal.bind.v2.runtime.unmarshaller.ValidatingUnmarshaller.startElement(ValidatingUnmarshaller.java:87) ~[?:1.8.0_74]
	at com.sun.xml.internal.bind.v2.runtime.unmarshaller.SAXConnector.startElement(SAXConnector.java:153) ~[?:1.8.0_74]
	at com.sun.org.apache.xerces.internal.parsers.AbstractSAXParser.startElement(AbstractSAXParser.java:509) ~[?:1.8.0_74]
	at com.sun.org.apache.xerces.internal.impl.XMLNSDocumentScannerImpl.scanStartElement(XMLNSDocumentScannerImpl.java:380) ~[?:1.8.0_74]
	at com.sun.org.apache.xerces.internal.impl.XMLNSDocumentScannerImpl$NSContentDriver.scanRootElementHook(XMLNSDocumentScannerImpl.java:614) ~[?:1.8.0_74]
	at com.sun.org.apache.xerces.internal.impl.XMLDocumentFragmentScannerImpl$FragmentContentDriver.next(XMLDocumentFragmentScannerImpl.java:3135) ~[?:1.8.0_74]
	at com.sun.org.apache.xerces.internal.impl.XMLDocumentScannerImpl$PrologDriver.next(XMLDocumentScannerImpl.java:880) ~[?:1.8.0_74]
	at com.sun.org.apache.xerces.internal.impl.XMLDocumentScannerImpl.next(XMLDocumentScannerImpl.java:606) ~[?:1.8.0_74]
	at com.sun.org.apache.xerces.internal.impl.XMLNSDocumentScannerImpl.next(XMLNSDocumentScannerImpl.java:118) ~[?:1.8.0_74]
	at com.sun.org.apache.xerces.internal.impl.XMLDocumentFragmentScannerImpl.scanDocument(XMLDocumentFragmentScannerImpl.java:510) ~[?:1.8.0_74]
	at com.sun.org.apache.xerces.internal.parsers.XML11Configuration.parse(XML11Configuration.java:848) ~[?:1.8.0_74]
	at com.sun.org.apache.xerces.internal.parsers.XML11Configuration.parse(XML11Configuration.java:777) ~[?:1.8.0_74]
	at com.sun.org.apache.xerces.internal.parsers.XMLParser.parse(XMLParser.java:141) ~[?:1.8.0_74]
	at com.sun.org.apache.xerces.internal.parsers.AbstractSAXParser.parse(AbstractSAXParser.java:1213) ~[?:1.8.0_74]
	at com.sun.org.apache.xerces.internal.jaxp.SAXParserImpl$JAXPSAXParser.parse(SAXParserImpl.java:643) ~[?:1.8.0_74]
	at com.sun.xml.internal.bind.v2.runtime.unmarshaller.UnmarshallerImpl.unmarshal0(UnmarshallerImpl.java:243) ~[?:1.8.0_74]
	at com.sun.xml.internal.bind.v2.runtime.unmarshaller.UnmarshallerImpl.unmarshal(UnmarshallerImpl.java:214) ~[?:1.8.0_74]
	at javax.xml.bind.helpers.AbstractUnmarshallerImpl.unmarshal(AbstractUnmarshallerImpl.java:157) ~[?:1.8.0_74]
	at javax.xml.bind.helpers.AbstractUnmarshallerImpl.unmarshal(AbstractUnmarshallerImpl.java:162) ~[?:1.8.0_74]
	at javax.xml.bind.helpers.AbstractUnmarshallerImpl.unmarshal(AbstractUnmarshallerImpl.java:171) ~[?:1.8.0_74]
	at javax.xml.bind.helpers.AbstractUnmarshallerImpl.unmarshal(AbstractUnmarshallerImpl.java:189) ~[?:1.8.0_74]
	at by.kastsiuchenka.third.marshal.ActionToy.useUnMarshalWithXSD(ActionToy.java:49) [project1/:?]
	at test.by.kastsiuchenka.third.TestMarshaller.testUnMarshalWithXSD(TestMarshaller.java:48) [project1/:?]
	at sun.reflect.NativeMethodAccessorImpl.invoke0(Native Method) ~[?:1.8.0_74]
	at sun.reflect.NativeMethodAccessorImpl.invoke(NativeMethodAccessorImpl.java:62) ~[?:1.8.0_74]
	at sun.reflect.DelegatingMethodAccessorImpl.invoke(DelegatingMethodAccessorImpl.java:43) ~[?:1.8.0_74]
	at java.lang.reflect.Method.invoke(Method.java:498) ~[?:1.8.0_74]
	at org.testng.internal.MethodInvocationHelper.invokeMethod(MethodInvocationHelper.java:84) [testng-6.8.7.jar:?]
	at org.testng.internal.Invoker.invokeMethod(Invoker.java:714) [testng-6.8.7.jar:?]
	at org.testng.internal.Invoker.invokeTestMethod(Invoker.java:901) [testng-6.8.7.jar:?]
	at org.testng.internal.Invoker.invokeTestMethods(Invoker.java:1231) [testng-6.8.7.jar:?]
	at org.testng.internal.TestMethodWorker.invokeTestMethods(TestMethodWorker.java:127) [testng-6.8.7.jar:?]
	at org.testng.internal.TestMethodWorker.run(TestMethodWorker.java:111) [testng-6.8.7.jar:?]
	at org.testng.TestRunner.privateRun(TestRunner.java:767) [testng-6.8.7.jar:?]
	at org.testng.TestRunner.run(TestRunner.java:617) [testng-6.8.7.jar:?]
	at org.testng.SuiteRunner.runTest(SuiteRunner.java:334) [testng-6.8.7.jar:?]
	at org.testng.SuiteRunner.runSequentially(SuiteRunner.java:329) [testng-6.8.7.jar:?]
	at org.testng.SuiteRunner.privateRun(SuiteRunner.java:291) [testng-6.8.7.jar:?]
	at org.testng.SuiteRunner.run(SuiteRunner.java:240) [testng-6.8.7.jar:?]
	at org.testng.SuiteRunnerWorker.runSuite(SuiteRunnerWorker.java:52) [testng-6.8.7.jar:?]
	at org.testng.SuiteRunnerWorker.run(SuiteRunnerWorker.java:86) [testng-6.8.7.jar:?]
	at org.testng.TestNG.runSuitesSequentially(TestNG.java:1224) [testng-6.8.7.jar:?]
	at org.testng.TestNG.runSuitesLocally(TestNG.java:1149) [testng-6.8.7.jar:?]
	at org.testng.TestNG.run(TestNG.java:1057) [testng-6.8.7.jar:?]
	at org.testng.IDEARemoteTestNG.run(IDEARemoteTestNG.java:72) [testng-plugin.jar:?]
	at org.testng.RemoteTestNGStarter.main(RemoteTestNGStarter.java:123) [testng-plugin.jar:?]
2017-10-15T14:34:47,678 [ERROR] (ActionToy.java:51) - JAXB-context wrong 
javax.xml.bind.UnmarshalException: unexpected element (uri:"http://www.third/kastsiuchenka.by/toys", local:"toys"). Expected elements are <{}musicToy>,<{}toys>,<{}transportToy>
	at com.sun.xml.internal.bind.v2.runtime.unmarshaller.UnmarshallingContext.handleEvent(UnmarshallingContext.java:726) ~[?:1.8.0_74]
	at com.sun.xml.internal.bind.v2.runtime.unmarshaller.Loader.reportError(Loader.java:247) ~[?:1.8.0_74]
	at com.sun.xml.internal.bind.v2.runtime.unmarshaller.Loader.reportError(Loader.java:242) ~[?:1.8.0_74]
	at com.sun.xml.internal.bind.v2.runtime.unmarshaller.Loader.reportUnexpectedChildElement(Loader.java:109) ~[?:1.8.0_74]
	at com.sun.xml.internal.bind.v2.runtime.unmarshaller.UnmarshallingContext$DefaultRootLoader.childElement(UnmarshallingContext.java:1131) ~[?:1.8.0_74]
	at com.sun.xml.internal.bind.v2.runtime.unmarshaller.UnmarshallingContext._startElement(UnmarshallingContext.java:556) ~[?:1.8.0_74]
	at com.sun.xml.internal.bind.v2.runtime.unmarshaller.UnmarshallingContext.startElement(UnmarshallingContext.java:538) ~[?:1.8.0_74]
	at com.sun.xml.internal.bind.v2.runtime.unmarshaller.ValidatingUnmarshaller.startElement(ValidatingUnmarshaller.java:87) ~[?:1.8.0_74]
	at com.sun.xml.internal.bind.v2.runtime.unmarshaller.SAXConnector.startElement(SAXConnector.java:153) ~[?:1.8.0_74]
	at com.sun.org.apache.xerces.internal.parsers.AbstractSAXParser.startElement(AbstractSAXParser.java:509) ~[?:1.8.0_74]
	at com.sun.org.apache.xerces.internal.impl.XMLNSDocumentScannerImpl.scanStartElement(XMLNSDocumentScannerImpl.java:380) ~[?:1.8.0_74]
	at com.sun.org.apache.xerces.internal.impl.XMLNSDocumentScannerImpl$NSContentDriver.scanRootElementHook(XMLNSDocumentScannerImpl.java:614) ~[?:1.8.0_74]
	at com.sun.org.apache.xerces.internal.impl.XMLDocumentFragmentScannerImpl$FragmentContentDriver.next(XMLDocumentFragmentScannerImpl.java:3135) ~[?:1.8.0_74]
	at com.sun.org.apache.xerces.internal.impl.XMLDocumentScannerImpl$PrologDriver.next(XMLDocumentScannerImpl.java:880) ~[?:1.8.0_74]
	at com.sun.org.apache.xerces.internal.impl.XMLDocumentScannerImpl.next(XMLDocumentScannerImpl.java:606) ~[?:1.8.0_74]
	at com.sun.org.apache.xerces.internal.impl.XMLNSDocumentScannerImpl.next(XMLNSDocumentScannerImpl.java:118) ~[?:1.8.0_74]
	at com.sun.org.apache.xerces.internal.impl.XMLDocumentFragmentScannerImpl.scanDocument(XMLDocumentFragmentScannerImpl.java:510) ~[?:1.8.0_74]
	at com.sun.org.apache.xerces.internal.parsers.XML11Configuration.parse(XML11Configuration.java:848) ~[?:1.8.0_74]
	at com.sun.org.apache.xerces.internal.parsers.XML11Configuration.parse(XML11Configuration.java:777) ~[?:1.8.0_74]
	at com.sun.org.apache.xerces.internal.parsers.XMLParser.parse(XMLParser.java:141) ~[?:1.8.0_74]
	at com.sun.org.apache.xerces.internal.parsers.AbstractSAXParser.parse(AbstractSAXParser.java:1213) ~[?:1.8.0_74]
	at com.sun.org.apache.xerces.internal.jaxp.SAXParserImpl$JAXPSAXParser.parse(SAXParserImpl.java:643) ~[?:1.8.0_74]
	at com.sun.xml.internal.bind.v2.runtime.unmarshaller.UnmarshallerImpl.unmarshal0(UnmarshallerImpl.java:243) ~[?:1.8.0_74]
	at com.sun.xml.internal.bind.v2.runtime.unmarshaller.UnmarshallerImpl.unmarshal(UnmarshallerImpl.java:214) ~[?:1.8.0_74]
	at javax.xml.bind.helpers.AbstractUnmarshallerImpl.unmarshal(AbstractUnmarshallerImpl.java:157) ~[?:1.8.0_74]
	at javax.xml.bind.helpers.AbstractUnmarshallerImpl.unmarshal(AbstractUnmarshallerImpl.java:162) ~[?:1.8.0_74]
	at javax.xml.bind.helpers.AbstractUnmarshallerImpl.unmarshal(AbstractUnmarshallerImpl.java:171) ~[?:1.8.0_74]
	at javax.xml.bind.helpers.AbstractUnmarshallerImpl.unmarshal(AbstractUnmarshallerImpl.java:189) ~[?:1.8.0_74]
	at by.kastsiuchenka.third.marshal.ActionToy.useUnMarshalWithXSD(ActionToy.java:49) [project1/:?]
	at test.by.kastsiuchenka.third.TestMarshaller.testUnMarshalWithXSD(TestMarshaller.java:48) [project1/:?]
	at sun.reflect.NativeMethodAccessorImpl.invoke0(Native Method) ~[?:1.8.0_74]
	at sun.reflect.NativeMethodAccessorImpl.invoke(NativeMethodAccessorImpl.java:62) ~[?:1.8.0_74]
	at sun.reflect.DelegatingMethodAccessorImpl.invoke(DelegatingMethodAccessorImpl.java:43) ~[?:1.8.0_74]
	at java.lang.reflect.Method.invoke(Method.java:498) ~[?:1.8.0_74]
	at org.testng.internal.MethodInvocationHelper.invokeMethod(MethodInvocationHelper.java:84) [testng-6.8.7.jar:?]
	at org.testng.internal.Invoker.invokeMethod(Invoker.java:714) [testng-6.8.7.jar:?]
	at org.testng.internal.Invoker.invokeTestMethod(Invoker.java:901) [testng-6.8.7.jar:?]
	at org.testng.internal.Invoker.invokeTestMethods(Invoker.java:1231) [testng-6.8.7.jar:?]
	at org.testng.internal.TestMethodWorker.invokeTestMethods(TestMethodWorker.java:127) [testng-6.8.7.jar:?]
	at org.testng.internal.TestMethodWorker.run(TestMethodWorker.java:111) [testng-6.8.7.jar:?]
	at org.testng.TestRunner.privateRun(TestRunner.java:767) [testng-6.8.7.jar:?]
	at org.testng.TestRunner.run(TestRunner.java:617) [testng-6.8.7.jar:?]
	at org.testng.SuiteRunner.runTest(SuiteRunner.java:334) [testng-6.8.7.jar:?]
	at org.testng.SuiteRunner.runSequentially(SuiteRunner.java:329) [testng-6.8.7.jar:?]
	at org.testng.SuiteRunner.privateRun(SuiteRunner.java:291) [testng-6.8.7.jar:?]
	at org.testng.SuiteRunner.run(SuiteRunner.java:240) [testng-6.8.7.jar:?]
	at org.testng.SuiteRunnerWorker.runSuite(SuiteRunnerWorker.java:52) [testng-6.8.7.jar:?]
	at org.testng.SuiteRunnerWorker.run(SuiteRunnerWorker.java:86) [testng-6.8.7.jar:?]
	at org.testng.TestNG.runSuitesSequentially(TestNG.java:1224) [testng-6.8.7.jar:?]
	at org.testng.TestNG.runSuitesLocally(TestNG.java:1149) [testng-6.8.7.jar:?]
	at org.testng.TestNG.run(TestNG.java:1057) [testng-6.8.7.jar:?]
	at org.testng.IDEARemoteTestNG.run(IDEARemoteTestNG.java:72) [testng-plugin.jar:?]
	at org.testng.RemoteTestNGStarter.main(RemoteTestNGStarter.java:123) [testng-plugin.jar:?]
2017-10-15T14:35:36,659 [ERROR] (ActionToy.java:51) - JAXB-context wrong 
javax.xml.bind.UnmarshalException: null
	at javax.xml.bind.helpers.AbstractUnmarshallerImpl.createUnmarshalException(AbstractUnmarshallerImpl.java:335) ~[?:1.8.0_74]
	at com.sun.xml.internal.bind.v2.runtime.unmarshaller.UnmarshallerImpl.createUnmarshalException(UnmarshallerImpl.java:563) ~[?:1.8.0_74]
	at com.sun.xml.internal.bind.v2.runtime.unmarshaller.UnmarshallerImpl.unmarshal0(UnmarshallerImpl.java:249) ~[?:1.8.0_74]
	at com.sun.xml.internal.bind.v2.runtime.unmarshaller.UnmarshallerImpl.unmarshal(UnmarshallerImpl.java:214) ~[?:1.8.0_74]
	at javax.xml.bind.helpers.AbstractUnmarshallerImpl.unmarshal(AbstractUnmarshallerImpl.java:157) ~[?:1.8.0_74]
	at javax.xml.bind.helpers.AbstractUnmarshallerImpl.unmarshal(AbstractUnmarshallerImpl.java:162) ~[?:1.8.0_74]
	at javax.xml.bind.helpers.AbstractUnmarshallerImpl.unmarshal(AbstractUnmarshallerImpl.java:171) ~[?:1.8.0_74]
	at javax.xml.bind.helpers.AbstractUnmarshallerImpl.unmarshal(AbstractUnmarshallerImpl.java:189) ~[?:1.8.0_74]
	at by.kastsiuchenka.third.marshal.ActionToy.useUnMarshalWithXSD(ActionToy.java:49) [project1/:?]
	at test.by.kastsiuchenka.third.TestMarshaller.testUnMarshalWithXSD(TestMarshaller.java:48) [project1/:?]
	at sun.reflect.NativeMethodAccessorImpl.invoke0(Native Method) ~[?:1.8.0_74]
	at sun.reflect.NativeMethodAccessorImpl.invoke(NativeMethodAccessorImpl.java:62) ~[?:1.8.0_74]
	at sun.reflect.DelegatingMethodAccessorImpl.invoke(DelegatingMethodAccessorImpl.java:43) ~[?:1.8.0_74]
	at java.lang.reflect.Method.invoke(Method.java:498) ~[?:1.8.0_74]
	at org.testng.internal.MethodInvocationHelper.invokeMethod(MethodInvocationHelper.java:84) [testng-6.8.7.jar:?]
	at org.testng.internal.Invoker.invokeMethod(Invoker.java:714) [testng-6.8.7.jar:?]
	at org.testng.internal.Invoker.invokeTestMethod(Invoker.java:901) [testng-6.8.7.jar:?]
	at org.testng.internal.Invoker.invokeTestMethods(Invoker.java:1231) [testng-6.8.7.jar:?]
	at org.testng.internal.TestMethodWorker.invokeTestMethods(TestMethodWorker.java:127) [testng-6.8.7.jar:?]
	at org.testng.internal.TestMethodWorker.run(TestMethodWorker.java:111) [testng-6.8.7.jar:?]
	at org.testng.TestRunner.privateRun(TestRunner.java:767) [testng-6.8.7.jar:?]
	at org.testng.TestRunner.run(TestRunner.java:617) [testng-6.8.7.jar:?]
	at org.testng.SuiteRunner.runTest(SuiteRunner.java:334) [testng-6.8.7.jar:?]
	at org.testng.SuiteRunner.runSequentially(SuiteRunner.java:329) [testng-6.8.7.jar:?]
	at org.testng.SuiteRunner.privateRun(SuiteRunner.java:291) [testng-6.8.7.jar:?]
	at org.testng.SuiteRunner.run(SuiteRunner.java:240) [testng-6.8.7.jar:?]
	at org.testng.SuiteRunnerWorker.runSuite(SuiteRunnerWorker.java:52) [testng-6.8.7.jar:?]
	at org.testng.SuiteRunnerWorker.run(SuiteRunnerWorker.java:86) [testng-6.8.7.jar:?]
	at org.testng.TestNG.runSuitesSequentially(TestNG.java:1224) [testng-6.8.7.jar:?]
	at org.testng.TestNG.runSuitesLocally(TestNG.java:1149) [testng-6.8.7.jar:?]
	at org.testng.TestNG.run(TestNG.java:1057) [testng-6.8.7.jar:?]
	at org.testng.IDEARemoteTestNG.run(IDEARemoteTestNG.java:72) [testng-plugin.jar:?]
	at org.testng.RemoteTestNGStarter.main(RemoteTestNGStarter.java:123) [testng-plugin.jar:?]
Caused by: org.xml.sax.SAXParseException: cvc-elt.1: Cannot find the declaration of element 'toys'.
	at com.sun.org.apache.xerces.internal.util.ErrorHandlerWrapper.createSAXParseException(ErrorHandlerWrapper.java:203) ~[?:1.8.0_74]
	at com.sun.org.apache.xerces.internal.util.ErrorHandlerWrapper.error(ErrorHandlerWrapper.java:134) ~[?:1.8.0_74]
	at com.sun.org.apache.xerces.internal.impl.XMLErrorReporter.reportError(XMLErrorReporter.java:396) ~[?:1.8.0_74]
	at com.sun.org.apache.xerces.internal.impl.XMLErrorReporter.reportError(XMLErrorReporter.java:327) ~[?:1.8.0_74]
	at com.sun.org.apache.xerces.internal.impl.XMLErrorReporter.reportError(XMLErrorReporter.java:284) ~[?:1.8.0_74]
	at com.sun.org.apache.xerces.internal.impl.xs.XMLSchemaValidator.handleStartElement(XMLSchemaValidator.java:1900) ~[?:1.8.0_74]
	at com.sun.org.apache.xerces.internal.impl.xs.XMLSchemaValidator.startElement(XMLSchemaValidator.java:740) ~[?:1.8.0_74]
	at com.sun.org.apache.xerces.internal.jaxp.validation.ValidatorHandlerImpl.startElement(ValidatorHandlerImpl.java:570) ~[?:1.8.0_74]
	at com.sun.xml.internal.bind.v2.runtime.unmarshaller.ValidatingUnmarshaller.startElement(ValidatingUnmarshaller.java:86) ~[?:1.8.0_74]
	at com.sun.xml.internal.bind.v2.runtime.unmarshaller.SAXConnector.startElement(SAXConnector.java:153) ~[?:1.8.0_74]
	at com.sun.org.apache.xerces.internal.parsers.AbstractSAXParser.startElement(AbstractSAXParser.java:509) ~[?:1.8.0_74]
	at com.sun.org.apache.xerces.internal.impl.XMLNSDocumentScannerImpl.scanStartElement(XMLNSDocumentScannerImpl.java:380) ~[?:1.8.0_74]
	at com.sun.org.apache.xerces.internal.impl.XMLNSDocumentScannerImpl$NSContentDriver.scanRootElementHook(XMLNSDocumentScannerImpl.java:614) ~[?:1.8.0_74]
	at com.sun.org.apache.xerces.internal.impl.XMLDocumentFragmentScannerImpl$FragmentContentDriver.next(XMLDocumentFragmentScannerImpl.java:3135) ~[?:1.8.0_74]
	at com.sun.org.apache.xerces.internal.impl.XMLDocumentScannerImpl$PrologDriver.next(XMLDocumentScannerImpl.java:880) ~[?:1.8.0_74]
	at com.sun.org.apache.xerces.internal.impl.XMLDocumentScannerImpl.next(XMLDocumentScannerImpl.java:606) ~[?:1.8.0_74]
	at com.sun.org.apache.xerces.internal.impl.XMLNSDocumentScannerImpl.next(XMLNSDocumentScannerImpl.java:118) ~[?:1.8.0_74]
	at com.sun.org.apache.xerces.internal.impl.XMLDocumentFragmentScannerImpl.scanDocument(XMLDocumentFragmentScannerImpl.java:510) ~[?:1.8.0_74]
	at com.sun.org.apache.xerces.internal.parsers.XML11Configuration.parse(XML11Configuration.java:848) ~[?:1.8.0_74]
	at com.sun.org.apache.xerces.internal.parsers.XML11Configuration.parse(XML11Configuration.java:777) ~[?:1.8.0_74]
	at com.sun.org.apache.xerces.internal.parsers.XMLParser.parse(XMLParser.java:141) ~[?:1.8.0_74]
	at com.sun.org.apache.xerces.internal.parsers.AbstractSAXParser.parse(AbstractSAXParser.java:1213) ~[?:1.8.0_74]
	at com.sun.org.apache.xerces.internal.jaxp.SAXParserImpl$JAXPSAXParser.parse(SAXParserImpl.java:643) ~[?:1.8.0_74]
	at com.sun.xml.internal.bind.v2.runtime.unmarshaller.UnmarshallerImpl.unmarshal0(UnmarshallerImpl.java:243) ~[?:1.8.0_74]
	... 30 more
2017-10-15T14:36:20,839 [ERROR] (ActionToy.java:51) - JAXB-context wrong 
javax.xml.bind.UnmarshalException: unexpected element (uri:"http://www.third/kastsiuchenka.by/toys", local:"toys"). Expected elements are <{}musicToy>,<{}toys>,<{}transportToy>
	at com.sun.xml.internal.bind.v2.runtime.unmarshaller.UnmarshallingContext.handleEvent(UnmarshallingContext.java:726) ~[?:1.8.0_74]
	at com.sun.xml.internal.bind.v2.runtime.unmarshaller.Loader.reportError(Loader.java:247) ~[?:1.8.0_74]
	at com.sun.xml.internal.bind.v2.runtime.unmarshaller.Loader.reportError(Loader.java:242) ~[?:1.8.0_74]
	at com.sun.xml.internal.bind.v2.runtime.unmarshaller.Loader.reportUnexpectedChildElement(Loader.java:109) ~[?:1.8.0_74]
	at com.sun.xml.internal.bind.v2.runtime.unmarshaller.UnmarshallingContext$DefaultRootLoader.childElement(UnmarshallingContext.java:1131) ~[?:1.8.0_74]
	at com.sun.xml.internal.bind.v2.runtime.unmarshaller.UnmarshallingContext._startElement(UnmarshallingContext.java:556) ~[?:1.8.0_74]
	at com.sun.xml.internal.bind.v2.runtime.unmarshaller.UnmarshallingContext.startElement(UnmarshallingContext.java:538) ~[?:1.8.0_74]
	at com.sun.xml.internal.bind.v2.runtime.unmarshaller.ValidatingUnmarshaller.startElement(ValidatingUnmarshaller.java:87) ~[?:1.8.0_74]
	at com.sun.xml.internal.bind.v2.runtime.unmarshaller.SAXConnector.startElement(SAXConnector.java:153) ~[?:1.8.0_74]
	at com.sun.org.apache.xerces.internal.parsers.AbstractSAXParser.startElement(AbstractSAXParser.java:509) ~[?:1.8.0_74]
	at com.sun.org.apache.xerces.internal.impl.XMLNSDocumentScannerImpl.scanStartElement(XMLNSDocumentScannerImpl.java:380) ~[?:1.8.0_74]
	at com.sun.org.apache.xerces.internal.impl.XMLNSDocumentScannerImpl$NSContentDriver.scanRootElementHook(XMLNSDocumentScannerImpl.java:614) ~[?:1.8.0_74]
	at com.sun.org.apache.xerces.internal.impl.XMLDocumentFragmentScannerImpl$FragmentContentDriver.next(XMLDocumentFragmentScannerImpl.java:3135) ~[?:1.8.0_74]
	at com.sun.org.apache.xerces.internal.impl.XMLDocumentScannerImpl$PrologDriver.next(XMLDocumentScannerImpl.java:880) ~[?:1.8.0_74]
	at com.sun.org.apache.xerces.internal.impl.XMLDocumentScannerImpl.next(XMLDocumentScannerImpl.java:606) ~[?:1.8.0_74]
	at com.sun.org.apache.xerces.internal.impl.XMLNSDocumentScannerImpl.next(XMLNSDocumentScannerImpl.java:118) ~[?:1.8.0_74]
	at com.sun.org.apache.xerces.internal.impl.XMLDocumentFragmentScannerImpl.scanDocument(XMLDocumentFragmentScannerImpl.java:510) ~[?:1.8.0_74]
	at com.sun.org.apache.xerces.internal.parsers.XML11Configuration.parse(XML11Configuration.java:848) ~[?:1.8.0_74]
	at com.sun.org.apache.xerces.internal.parsers.XML11Configuration.parse(XML11Configuration.java:777) ~[?:1.8.0_74]
	at com.sun.org.apache.xerces.internal.parsers.XMLParser.parse(XMLParser.java:141) ~[?:1.8.0_74]
	at com.sun.org.apache.xerces.internal.parsers.AbstractSAXParser.parse(AbstractSAXParser.java:1213) ~[?:1.8.0_74]
	at com.sun.org.apache.xerces.internal.jaxp.SAXParserImpl$JAXPSAXParser.parse(SAXParserImpl.java:643) ~[?:1.8.0_74]
	at com.sun.xml.internal.bind.v2.runtime.unmarshaller.UnmarshallerImpl.unmarshal0(UnmarshallerImpl.java:243) ~[?:1.8.0_74]
	at com.sun.xml.internal.bind.v2.runtime.unmarshaller.UnmarshallerImpl.unmarshal(UnmarshallerImpl.java:214) ~[?:1.8.0_74]
	at javax.xml.bind.helpers.AbstractUnmarshallerImpl.unmarshal(AbstractUnmarshallerImpl.java:157) ~[?:1.8.0_74]
	at javax.xml.bind.helpers.AbstractUnmarshallerImpl.unmarshal(AbstractUnmarshallerImpl.java:162) ~[?:1.8.0_74]
	at javax.xml.bind.helpers.AbstractUnmarshallerImpl.unmarshal(AbstractUnmarshallerImpl.java:171) ~[?:1.8.0_74]
	at javax.xml.bind.helpers.AbstractUnmarshallerImpl.unmarshal(AbstractUnmarshallerImpl.java:189) ~[?:1.8.0_74]
	at by.kastsiuchenka.third.marshal.ActionToy.useUnMarshalWithXSD(ActionToy.java:49) [project1/:?]
	at test.by.kastsiuchenka.third.TestMarshaller.testUnMarshalWithXSD(TestMarshaller.java:48) [project1/:?]
	at sun.reflect.NativeMethodAccessorImpl.invoke0(Native Method) ~[?:1.8.0_74]
	at sun.reflect.NativeMethodAccessorImpl.invoke(NativeMethodAccessorImpl.java:62) ~[?:1.8.0_74]
	at sun.reflect.DelegatingMethodAccessorImpl.invoke(DelegatingMethodAccessorImpl.java:43) ~[?:1.8.0_74]
	at java.lang.reflect.Method.invoke(Method.java:498) ~[?:1.8.0_74]
	at org.testng.internal.MethodInvocationHelper.invokeMethod(MethodInvocationHelper.java:84) [testng-6.8.7.jar:?]
	at org.testng.internal.Invoker.invokeMethod(Invoker.java:714) [testng-6.8.7.jar:?]
	at org.testng.internal.Invoker.invokeTestMethod(Invoker.java:901) [testng-6.8.7.jar:?]
	at org.testng.internal.Invoker.invokeTestMethods(Invoker.java:1231) [testng-6.8.7.jar:?]
	at org.testng.internal.TestMethodWorker.invokeTestMethods(TestMethodWorker.java:127) [testng-6.8.7.jar:?]
	at org.testng.internal.TestMethodWorker.run(TestMethodWorker.java:111) [testng-6.8.7.jar:?]
	at org.testng.TestRunner.privateRun(TestRunner.java:767) [testng-6.8.7.jar:?]
	at org.testng.TestRunner.run(TestRunner.java:617) [testng-6.8.7.jar:?]
	at org.testng.SuiteRunner.runTest(SuiteRunner.java:334) [testng-6.8.7.jar:?]
	at org.testng.SuiteRunner.runSequentially(SuiteRunner.java:329) [testng-6.8.7.jar:?]
	at org.testng.SuiteRunner.privateRun(SuiteRunner.java:291) [testng-6.8.7.jar:?]
	at org.testng.SuiteRunner.run(SuiteRunner.java:240) [testng-6.8.7.jar:?]
	at org.testng.SuiteRunnerWorker.runSuite(SuiteRunnerWorker.java:52) [testng-6.8.7.jar:?]
	at org.testng.SuiteRunnerWorker.run(SuiteRunnerWorker.java:86) [testng-6.8.7.jar:?]
	at org.testng.TestNG.runSuitesSequentially(TestNG.java:1224) [testng-6.8.7.jar:?]
	at org.testng.TestNG.runSuitesLocally(TestNG.java:1149) [testng-6.8.7.jar:?]
	at org.testng.TestNG.run(TestNG.java:1057) [testng-6.8.7.jar:?]
	at org.testng.IDEARemoteTestNG.run(IDEARemoteTestNG.java:72) [testng-plugin.jar:?]
	at org.testng.RemoteTestNGStarter.main(RemoteTestNGStarter.java:123) [testng-plugin.jar:?]
2017-10-15T14:36:34,496 [ERROR] (ActionToy.java:51) - JAXB-context wrong 
javax.xml.bind.UnmarshalException: unexpected element (uri:"http://www.third/kastsiuchenka.by/toys", local:"toys"). Expected elements are <{}musicToy>,<{}toys>,<{}transportToy>
	at com.sun.xml.internal.bind.v2.runtime.unmarshaller.UnmarshallingContext.handleEvent(UnmarshallingContext.java:726) ~[?:1.8.0_74]
	at com.sun.xml.internal.bind.v2.runtime.unmarshaller.Loader.reportError(Loader.java:247) ~[?:1.8.0_74]
	at com.sun.xml.internal.bind.v2.runtime.unmarshaller.Loader.reportError(Loader.java:242) ~[?:1.8.0_74]
	at com.sun.xml.internal.bind.v2.runtime.unmarshaller.Loader.reportUnexpectedChildElement(Loader.java:109) ~[?:1.8.0_74]
	at com.sun.xml.internal.bind.v2.runtime.unmarshaller.UnmarshallingContext$DefaultRootLoader.childElement(UnmarshallingContext.java:1131) ~[?:1.8.0_74]
	at com.sun.xml.internal.bind.v2.runtime.unmarshaller.UnmarshallingContext._startElement(UnmarshallingContext.java:556) ~[?:1.8.0_74]
	at com.sun.xml.internal.bind.v2.runtime.unmarshaller.UnmarshallingContext.startElement(UnmarshallingContext.java:538) ~[?:1.8.0_74]
	at com.sun.xml.internal.bind.v2.runtime.unmarshaller.ValidatingUnmarshaller.startElement(ValidatingUnmarshaller.java:87) ~[?:1.8.0_74]
	at com.sun.xml.internal.bind.v2.runtime.unmarshaller.SAXConnector.startElement(SAXConnector.java:153) ~[?:1.8.0_74]
	at com.sun.org.apache.xerces.internal.parsers.AbstractSAXParser.startElement(AbstractSAXParser.java:509) ~[?:1.8.0_74]
	at com.sun.org.apache.xerces.internal.impl.XMLNSDocumentScannerImpl.scanStartElement(XMLNSDocumentScannerImpl.java:380) ~[?:1.8.0_74]
	at com.sun.org.apache.xerces.internal.impl.XMLNSDocumentScannerImpl$NSContentDriver.scanRootElementHook(XMLNSDocumentScannerImpl.java:614) ~[?:1.8.0_74]
	at com.sun.org.apache.xerces.internal.impl.XMLDocumentFragmentScannerImpl$FragmentContentDriver.next(XMLDocumentFragmentScannerImpl.java:3135) ~[?:1.8.0_74]
	at com.sun.org.apache.xerces.internal.impl.XMLDocumentScannerImpl$PrologDriver.next(XMLDocumentScannerImpl.java:880) ~[?:1.8.0_74]
	at com.sun.org.apache.xerces.internal.impl.XMLDocumentScannerImpl.next(XMLDocumentScannerImpl.java:606) ~[?:1.8.0_74]
	at com.sun.org.apache.xerces.internal.impl.XMLNSDocumentScannerImpl.next(XMLNSDocumentScannerImpl.java:118) ~[?:1.8.0_74]
	at com.sun.org.apache.xerces.internal.impl.XMLDocumentFragmentScannerImpl.scanDocument(XMLDocumentFragmentScannerImpl.java:510) ~[?:1.8.0_74]
	at com.sun.org.apache.xerces.internal.parsers.XML11Configuration.parse(XML11Configuration.java:848) ~[?:1.8.0_74]
	at com.sun.org.apache.xerces.internal.parsers.XML11Configuration.parse(XML11Configuration.java:777) ~[?:1.8.0_74]
	at com.sun.org.apache.xerces.internal.parsers.XMLParser.parse(XMLParser.java:141) ~[?:1.8.0_74]
	at com.sun.org.apache.xerces.internal.parsers.AbstractSAXParser.parse(AbstractSAXParser.java:1213) ~[?:1.8.0_74]
	at com.sun.org.apache.xerces.internal.jaxp.SAXParserImpl$JAXPSAXParser.parse(SAXParserImpl.java:643) ~[?:1.8.0_74]
	at com.sun.xml.internal.bind.v2.runtime.unmarshaller.UnmarshallerImpl.unmarshal0(UnmarshallerImpl.java:243) ~[?:1.8.0_74]
	at com.sun.xml.internal.bind.v2.runtime.unmarshaller.UnmarshallerImpl.unmarshal(UnmarshallerImpl.java:214) ~[?:1.8.0_74]
	at javax.xml.bind.helpers.AbstractUnmarshallerImpl.unmarshal(AbstractUnmarshallerImpl.java:157) ~[?:1.8.0_74]
	at javax.xml.bind.helpers.AbstractUnmarshallerImpl.unmarshal(AbstractUnmarshallerImpl.java:162) ~[?:1.8.0_74]
	at javax.xml.bind.helpers.AbstractUnmarshallerImpl.unmarshal(AbstractUnmarshallerImpl.java:171) ~[?:1.8.0_74]
	at javax.xml.bind.helpers.AbstractUnmarshallerImpl.unmarshal(AbstractUnmarshallerImpl.java:189) ~[?:1.8.0_74]
	at by.kastsiuchenka.third.marshal.ActionToy.useUnMarshalWithXSD(ActionToy.java:49) [project1/:?]
	at test.by.kastsiuchenka.third.TestMarshaller.testUnMarshalWithXSD(TestMarshaller.java:48) [project1/:?]
	at sun.reflect.NativeMethodAccessorImpl.invoke0(Native Method) ~[?:1.8.0_74]
	at sun.reflect.NativeMethodAccessorImpl.invoke(NativeMethodAccessorImpl.java:62) ~[?:1.8.0_74]
	at sun.reflect.DelegatingMethodAccessorImpl.invoke(DelegatingMethodAccessorImpl.java:43) ~[?:1.8.0_74]
	at java.lang.reflect.Method.invoke(Method.java:498) ~[?:1.8.0_74]
	at org.testng.internal.MethodInvocationHelper.invokeMethod(MethodInvocationHelper.java:84) [testng-6.8.7.jar:?]
	at org.testng.internal.Invoker.invokeMethod(Invoker.java:714) [testng-6.8.7.jar:?]
	at org.testng.internal.Invoker.invokeTestMethod(Invoker.java:901) [testng-6.8.7.jar:?]
	at org.testng.internal.Invoker.invokeTestMethods(Invoker.java:1231) [testng-6.8.7.jar:?]
	at org.testng.internal.TestMethodWorker.invokeTestMethods(TestMethodWorker.java:127) [testng-6.8.7.jar:?]
	at org.testng.internal.TestMethodWorker.run(TestMethodWorker.java:111) [testng-6.8.7.jar:?]
	at org.testng.TestRunner.privateRun(TestRunner.java:767) [testng-6.8.7.jar:?]
	at org.testng.TestRunner.run(TestRunner.java:617) [testng-6.8.7.jar:?]
	at org.testng.SuiteRunner.runTest(SuiteRunner.java:334) [testng-6.8.7.jar:?]
	at org.testng.SuiteRunner.runSequentially(SuiteRunner.java:329) [testng-6.8.7.jar:?]
	at org.testng.SuiteRunner.privateRun(SuiteRunner.java:291) [testng-6.8.7.jar:?]
	at org.testng.SuiteRunner.run(SuiteRunner.java:240) [testng-6.8.7.jar:?]
	at org.testng.SuiteRunnerWorker.runSuite(SuiteRunnerWorker.java:52) [testng-6.8.7.jar:?]
	at org.testng.SuiteRunnerWorker.run(SuiteRunnerWorker.java:86) [testng-6.8.7.jar:?]
	at org.testng.TestNG.runSuitesSequentially(TestNG.java:1224) [testng-6.8.7.jar:?]
	at org.testng.TestNG.runSuitesLocally(TestNG.java:1149) [testng-6.8.7.jar:?]
	at org.testng.TestNG.run(TestNG.java:1057) [testng-6.8.7.jar:?]
	at org.testng.IDEARemoteTestNG.run(IDEARemoteTestNG.java:72) [testng-plugin.jar:?]
	at org.testng.RemoteTestNGStarter.main(RemoteTestNGStarter.java:123) [testng-plugin.jar:?]
2017-10-15T14:38:09,056 [ERROR] (ActionToy.java:51) - JAXB-context wrong 
javax.xml.bind.UnmarshalException: unexpected element (uri:"http://www.third/kastsiuchenka.by/toys", local:"toys"). Expected elements are <{}musicToy>,<{}toys>,<{}transportToy>
	at com.sun.xml.internal.bind.v2.runtime.unmarshaller.UnmarshallingContext.handleEvent(UnmarshallingContext.java:726) ~[?:1.8.0_74]
	at com.sun.xml.internal.bind.v2.runtime.unmarshaller.Loader.reportError(Loader.java:247) ~[?:1.8.0_74]
	at com.sun.xml.internal.bind.v2.runtime.unmarshaller.Loader.reportError(Loader.java:242) ~[?:1.8.0_74]
	at com.sun.xml.internal.bind.v2.runtime.unmarshaller.Loader.reportUnexpectedChildElement(Loader.java:109) ~[?:1.8.0_74]
	at com.sun.xml.internal.bind.v2.runtime.unmarshaller.UnmarshallingContext$DefaultRootLoader.childElement(UnmarshallingContext.java:1131) ~[?:1.8.0_74]
	at com.sun.xml.internal.bind.v2.runtime.unmarshaller.UnmarshallingContext._startElement(UnmarshallingContext.java:556) ~[?:1.8.0_74]
	at com.sun.xml.internal.bind.v2.runtime.unmarshaller.UnmarshallingContext.startElement(UnmarshallingContext.java:538) ~[?:1.8.0_74]
	at com.sun.xml.internal.bind.v2.runtime.unmarshaller.ValidatingUnmarshaller.startElement(ValidatingUnmarshaller.java:87) ~[?:1.8.0_74]
	at com.sun.xml.internal.bind.v2.runtime.unmarshaller.SAXConnector.startElement(SAXConnector.java:153) ~[?:1.8.0_74]
	at com.sun.org.apache.xerces.internal.parsers.AbstractSAXParser.startElement(AbstractSAXParser.java:509) ~[?:1.8.0_74]
	at com.sun.org.apache.xerces.internal.impl.XMLNSDocumentScannerImpl.scanStartElement(XMLNSDocumentScannerImpl.java:380) ~[?:1.8.0_74]
	at com.sun.org.apache.xerces.internal.impl.XMLNSDocumentScannerImpl$NSContentDriver.scanRootElementHook(XMLNSDocumentScannerImpl.java:614) ~[?:1.8.0_74]
	at com.sun.org.apache.xerces.internal.impl.XMLDocumentFragmentScannerImpl$FragmentContentDriver.next(XMLDocumentFragmentScannerImpl.java:3135) ~[?:1.8.0_74]
	at com.sun.org.apache.xerces.internal.impl.XMLDocumentScannerImpl$PrologDriver.next(XMLDocumentScannerImpl.java:880) ~[?:1.8.0_74]
	at com.sun.org.apache.xerces.internal.impl.XMLDocumentScannerImpl.next(XMLDocumentScannerImpl.java:606) ~[?:1.8.0_74]
	at com.sun.org.apache.xerces.internal.impl.XMLNSDocumentScannerImpl.next(XMLNSDocumentScannerImpl.java:118) ~[?:1.8.0_74]
	at com.sun.org.apache.xerces.internal.impl.XMLDocumentFragmentScannerImpl.scanDocument(XMLDocumentFragmentScannerImpl.java:510) ~[?:1.8.0_74]
	at com.sun.org.apache.xerces.internal.parsers.XML11Configuration.parse(XML11Configuration.java:848) ~[?:1.8.0_74]
	at com.sun.org.apache.xerces.internal.parsers.XML11Configuration.parse(XML11Configuration.java:777) ~[?:1.8.0_74]
	at com.sun.org.apache.xerces.internal.parsers.XMLParser.parse(XMLParser.java:141) ~[?:1.8.0_74]
	at com.sun.org.apache.xerces.internal.parsers.AbstractSAXParser.parse(AbstractSAXParser.java:1213) ~[?:1.8.0_74]
	at com.sun.org.apache.xerces.internal.jaxp.SAXParserImpl$JAXPSAXParser.parse(SAXParserImpl.java:643) ~[?:1.8.0_74]
	at com.sun.xml.internal.bind.v2.runtime.unmarshaller.UnmarshallerImpl.unmarshal0(UnmarshallerImpl.java:243) ~[?:1.8.0_74]
	at com.sun.xml.internal.bind.v2.runtime.unmarshaller.UnmarshallerImpl.unmarshal(UnmarshallerImpl.java:214) ~[?:1.8.0_74]
	at javax.xml.bind.helpers.AbstractUnmarshallerImpl.unmarshal(AbstractUnmarshallerImpl.java:157) ~[?:1.8.0_74]
	at javax.xml.bind.helpers.AbstractUnmarshallerImpl.unmarshal(AbstractUnmarshallerImpl.java:162) ~[?:1.8.0_74]
	at javax.xml.bind.helpers.AbstractUnmarshallerImpl.unmarshal(AbstractUnmarshallerImpl.java:171) ~[?:1.8.0_74]
	at javax.xml.bind.helpers.AbstractUnmarshallerImpl.unmarshal(AbstractUnmarshallerImpl.java:189) ~[?:1.8.0_74]
	at by.kastsiuchenka.third.marshal.ActionToy.useUnMarshalWithXSD(ActionToy.java:49) [project1/:?]
	at test.by.kastsiuchenka.third.TestMarshaller.testUnMarshalWithXSD(TestMarshaller.java:48) [project1/:?]
	at sun.reflect.NativeMethodAccessorImpl.invoke0(Native Method) ~[?:1.8.0_74]
	at sun.reflect.NativeMethodAccessorImpl.invoke(NativeMethodAccessorImpl.java:62) ~[?:1.8.0_74]
	at sun.reflect.DelegatingMethodAccessorImpl.invoke(DelegatingMethodAccessorImpl.java:43) ~[?:1.8.0_74]
	at java.lang.reflect.Method.invoke(Method.java:498) ~[?:1.8.0_74]
	at org.testng.internal.MethodInvocationHelper.invokeMethod(MethodInvocationHelper.java:84) [testng-6.8.7.jar:?]
	at org.testng.internal.Invoker.invokeMethod(Invoker.java:714) [testng-6.8.7.jar:?]
	at org.testng.internal.Invoker.invokeTestMethod(Invoker.java:901) [testng-6.8.7.jar:?]
	at org.testng.internal.Invoker.invokeTestMethods(Invoker.java:1231) [testng-6.8.7.jar:?]
	at org.testng.internal.TestMethodWorker.invokeTestMethods(TestMethodWorker.java:127) [testng-6.8.7.jar:?]
	at org.testng.internal.TestMethodWorker.run(TestMethodWorker.java:111) [testng-6.8.7.jar:?]
	at org.testng.TestRunner.privateRun(TestRunner.java:767) [testng-6.8.7.jar:?]
	at org.testng.TestRunner.run(TestRunner.java:617) [testng-6.8.7.jar:?]
	at org.testng.SuiteRunner.runTest(SuiteRunner.java:334) [testng-6.8.7.jar:?]
	at org.testng.SuiteRunner.runSequentially(SuiteRunner.java:329) [testng-6.8.7.jar:?]
	at org.testng.SuiteRunner.privateRun(SuiteRunner.java:291) [testng-6.8.7.jar:?]
	at org.testng.SuiteRunner.run(SuiteRunner.java:240) [testng-6.8.7.jar:?]
	at org.testng.SuiteRunnerWorker.runSuite(SuiteRunnerWorker.java:52) [testng-6.8.7.jar:?]
	at org.testng.SuiteRunnerWorker.run(SuiteRunnerWorker.java:86) [testng-6.8.7.jar:?]
	at org.testng.TestNG.runSuitesSequentially(TestNG.java:1224) [testng-6.8.7.jar:?]
	at org.testng.TestNG.runSuitesLocally(TestNG.java:1149) [testng-6.8.7.jar:?]
	at org.testng.TestNG.run(TestNG.java:1057) [testng-6.8.7.jar:?]
	at org.testng.IDEARemoteTestNG.run(IDEARemoteTestNG.java:72) [testng-plugin.jar:?]
	at org.testng.RemoteTestNGStarter.main(RemoteTestNGStarter.java:123) [testng-plugin.jar:?]
2017-10-15T14:38:24,156 [ERROR] (ActionToy.java:51) - JAXB-context wrong 
javax.xml.bind.UnmarshalException: unexpected element (uri:"http://www.third/kastsiuchenka.by/toys", local:"toys"). Expected elements are <{}musicToy>,<{}toys>,<{}transportToy>
	at com.sun.xml.internal.bind.v2.runtime.unmarshaller.UnmarshallingContext.handleEvent(UnmarshallingContext.java:726) ~[?:1.8.0_74]
	at com.sun.xml.internal.bind.v2.runtime.unmarshaller.Loader.reportError(Loader.java:247) ~[?:1.8.0_74]
	at com.sun.xml.internal.bind.v2.runtime.unmarshaller.Loader.reportError(Loader.java:242) ~[?:1.8.0_74]
	at com.sun.xml.internal.bind.v2.runtime.unmarshaller.Loader.reportUnexpectedChildElement(Loader.java:109) ~[?:1.8.0_74]
	at com.sun.xml.internal.bind.v2.runtime.unmarshaller.UnmarshallingContext$DefaultRootLoader.childElement(UnmarshallingContext.java:1131) ~[?:1.8.0_74]
	at com.sun.xml.internal.bind.v2.runtime.unmarshaller.UnmarshallingContext._startElement(UnmarshallingContext.java:556) ~[?:1.8.0_74]
	at com.sun.xml.internal.bind.v2.runtime.unmarshaller.UnmarshallingContext.startElement(UnmarshallingContext.java:538) ~[?:1.8.0_74]
	at com.sun.xml.internal.bind.v2.runtime.unmarshaller.ValidatingUnmarshaller.startElement(ValidatingUnmarshaller.java:87) ~[?:1.8.0_74]
	at com.sun.xml.internal.bind.v2.runtime.unmarshaller.SAXConnector.startElement(SAXConnector.java:153) ~[?:1.8.0_74]
	at com.sun.org.apache.xerces.internal.parsers.AbstractSAXParser.startElement(AbstractSAXParser.java:509) ~[?:1.8.0_74]
	at com.sun.org.apache.xerces.internal.impl.XMLNSDocumentScannerImpl.scanStartElement(XMLNSDocumentScannerImpl.java:380) ~[?:1.8.0_74]
	at com.sun.org.apache.xerces.internal.impl.XMLNSDocumentScannerImpl$NSContentDriver.scanRootElementHook(XMLNSDocumentScannerImpl.java:614) ~[?:1.8.0_74]
	at com.sun.org.apache.xerces.internal.impl.XMLDocumentFragmentScannerImpl$FragmentContentDriver.next(XMLDocumentFragmentScannerImpl.java:3135) ~[?:1.8.0_74]
	at com.sun.org.apache.xerces.internal.impl.XMLDocumentScannerImpl$PrologDriver.next(XMLDocumentScannerImpl.java:880) ~[?:1.8.0_74]
	at com.sun.org.apache.xerces.internal.impl.XMLDocumentScannerImpl.next(XMLDocumentScannerImpl.java:606) ~[?:1.8.0_74]
	at com.sun.org.apache.xerces.internal.impl.XMLNSDocumentScannerImpl.next(XMLNSDocumentScannerImpl.java:118) ~[?:1.8.0_74]
	at com.sun.org.apache.xerces.internal.impl.XMLDocumentFragmentScannerImpl.scanDocument(XMLDocumentFragmentScannerImpl.java:510) ~[?:1.8.0_74]
	at com.sun.org.apache.xerces.internal.parsers.XML11Configuration.parse(XML11Configuration.java:848) ~[?:1.8.0_74]
	at com.sun.org.apache.xerces.internal.parsers.XML11Configuration.parse(XML11Configuration.java:777) ~[?:1.8.0_74]
	at com.sun.org.apache.xerces.internal.parsers.XMLParser.parse(XMLParser.java:141) ~[?:1.8.0_74]
	at com.sun.org.apache.xerces.internal.parsers.AbstractSAXParser.parse(AbstractSAXParser.java:1213) ~[?:1.8.0_74]
	at com.sun.org.apache.xerces.internal.jaxp.SAXParserImpl$JAXPSAXParser.parse(SAXParserImpl.java:643) ~[?:1.8.0_74]
	at com.sun.xml.internal.bind.v2.runtime.unmarshaller.UnmarshallerImpl.unmarshal0(UnmarshallerImpl.java:243) ~[?:1.8.0_74]
	at com.sun.xml.internal.bind.v2.runtime.unmarshaller.UnmarshallerImpl.unmarshal(UnmarshallerImpl.java:214) ~[?:1.8.0_74]
	at javax.xml.bind.helpers.AbstractUnmarshallerImpl.unmarshal(AbstractUnmarshallerImpl.java:157) ~[?:1.8.0_74]
	at javax.xml.bind.helpers.AbstractUnmarshallerImpl.unmarshal(AbstractUnmarshallerImpl.java:162) ~[?:1.8.0_74]
	at javax.xml.bind.helpers.AbstractUnmarshallerImpl.unmarshal(AbstractUnmarshallerImpl.java:171) ~[?:1.8.0_74]
	at javax.xml.bind.helpers.AbstractUnmarshallerImpl.unmarshal(AbstractUnmarshallerImpl.java:189) ~[?:1.8.0_74]
	at by.kastsiuchenka.third.marshal.ActionToy.useUnMarshalWithXSD(ActionToy.java:49) [project1/:?]
	at test.by.kastsiuchenka.third.TestMarshaller.testUnMarshalWithXSD(TestMarshaller.java:48) [project1/:?]
	at sun.reflect.NativeMethodAccessorImpl.invoke0(Native Method) ~[?:1.8.0_74]
	at sun.reflect.NativeMethodAccessorImpl.invoke(NativeMethodAccessorImpl.java:62) ~[?:1.8.0_74]
	at sun.reflect.DelegatingMethodAccessorImpl.invoke(DelegatingMethodAccessorImpl.java:43) ~[?:1.8.0_74]
	at java.lang.reflect.Method.invoke(Method.java:498) ~[?:1.8.0_74]
	at org.testng.internal.MethodInvocationHelper.invokeMethod(MethodInvocationHelper.java:84) [testng-6.8.7.jar:?]
	at org.testng.internal.Invoker.invokeMethod(Invoker.java:714) [testng-6.8.7.jar:?]
	at org.testng.internal.Invoker.invokeTestMethod(Invoker.java:901) [testng-6.8.7.jar:?]
	at org.testng.internal.Invoker.invokeTestMethods(Invoker.java:1231) [testng-6.8.7.jar:?]
	at org.testng.internal.TestMethodWorker.invokeTestMethods(TestMethodWorker.java:127) [testng-6.8.7.jar:?]
	at org.testng.internal.TestMethodWorker.run(TestMethodWorker.java:111) [testng-6.8.7.jar:?]
	at org.testng.TestRunner.privateRun(TestRunner.java:767) [testng-6.8.7.jar:?]
	at org.testng.TestRunner.run(TestRunner.java:617) [testng-6.8.7.jar:?]
	at org.testng.SuiteRunner.runTest(SuiteRunner.java:334) [testng-6.8.7.jar:?]
	at org.testng.SuiteRunner.runSequentially(SuiteRunner.java:329) [testng-6.8.7.jar:?]
	at org.testng.SuiteRunner.privateRun(SuiteRunner.java:291) [testng-6.8.7.jar:?]
	at org.testng.SuiteRunner.run(SuiteRunner.java:240) [testng-6.8.7.jar:?]
	at org.testng.SuiteRunnerWorker.runSuite(SuiteRunnerWorker.java:52) [testng-6.8.7.jar:?]
	at org.testng.SuiteRunnerWorker.run(SuiteRunnerWorker.java:86) [testng-6.8.7.jar:?]
	at org.testng.TestNG.runSuitesSequentially(TestNG.java:1224) [testng-6.8.7.jar:?]
	at org.testng.TestNG.runSuitesLocally(TestNG.java:1149) [testng-6.8.7.jar:?]
	at org.testng.TestNG.run(TestNG.java:1057) [testng-6.8.7.jar:?]
	at org.testng.IDEARemoteTestNG.run(IDEARemoteTestNG.java:72) [testng-plugin.jar:?]
	at org.testng.RemoteTestNGStarter.main(RemoteTestNGStarter.java:123) [testng-plugin.jar:?]
2017-10-15T14:38:53,148 [ERROR] (ActionToy.java:51) - JAXB-context wrong 
javax.xml.bind.UnmarshalException: unexpected element (uri:"http://www.third/kastsiuchenka.by/toys", local:"toys"). Expected elements are <{}musicToy>,<{}toys>,<{}transportToy>
	at com.sun.xml.internal.bind.v2.runtime.unmarshaller.UnmarshallingContext.handleEvent(UnmarshallingContext.java:726) ~[?:1.8.0_74]
	at com.sun.xml.internal.bind.v2.runtime.unmarshaller.Loader.reportError(Loader.java:247) ~[?:1.8.0_74]
	at com.sun.xml.internal.bind.v2.runtime.unmarshaller.Loader.reportError(Loader.java:242) ~[?:1.8.0_74]
	at com.sun.xml.internal.bind.v2.runtime.unmarshaller.Loader.reportUnexpectedChildElement(Loader.java:109) ~[?:1.8.0_74]
	at com.sun.xml.internal.bind.v2.runtime.unmarshaller.UnmarshallingContext$DefaultRootLoader.childElement(UnmarshallingContext.java:1131) ~[?:1.8.0_74]
	at com.sun.xml.internal.bind.v2.runtime.unmarshaller.UnmarshallingContext._startElement(UnmarshallingContext.java:556) ~[?:1.8.0_74]
	at com.sun.xml.internal.bind.v2.runtime.unmarshaller.UnmarshallingContext.startElement(UnmarshallingContext.java:538) ~[?:1.8.0_74]
	at com.sun.xml.internal.bind.v2.runtime.unmarshaller.ValidatingUnmarshaller.startElement(ValidatingUnmarshaller.java:87) ~[?:1.8.0_74]
	at com.sun.xml.internal.bind.v2.runtime.unmarshaller.SAXConnector.startElement(SAXConnector.java:153) ~[?:1.8.0_74]
	at com.sun.org.apache.xerces.internal.parsers.AbstractSAXParser.startElement(AbstractSAXParser.java:509) ~[?:1.8.0_74]
	at com.sun.org.apache.xerces.internal.impl.XMLNSDocumentScannerImpl.scanStartElement(XMLNSDocumentScannerImpl.java:380) ~[?:1.8.0_74]
	at com.sun.org.apache.xerces.internal.impl.XMLNSDocumentScannerImpl$NSContentDriver.scanRootElementHook(XMLNSDocumentScannerImpl.java:614) ~[?:1.8.0_74]
	at com.sun.org.apache.xerces.internal.impl.XMLDocumentFragmentScannerImpl$FragmentContentDriver.next(XMLDocumentFragmentScannerImpl.java:3135) ~[?:1.8.0_74]
	at com.sun.org.apache.xerces.internal.impl.XMLDocumentScannerImpl$PrologDriver.next(XMLDocumentScannerImpl.java:880) ~[?:1.8.0_74]
	at com.sun.org.apache.xerces.internal.impl.XMLDocumentScannerImpl.next(XMLDocumentScannerImpl.java:606) ~[?:1.8.0_74]
	at com.sun.org.apache.xerces.internal.impl.XMLNSDocumentScannerImpl.next(XMLNSDocumentScannerImpl.java:118) ~[?:1.8.0_74]
	at com.sun.org.apache.xerces.internal.impl.XMLDocumentFragmentScannerImpl.scanDocument(XMLDocumentFragmentScannerImpl.java:510) ~[?:1.8.0_74]
	at com.sun.org.apache.xerces.internal.parsers.XML11Configuration.parse(XML11Configuration.java:848) ~[?:1.8.0_74]
	at com.sun.org.apache.xerces.internal.parsers.XML11Configuration.parse(XML11Configuration.java:777) ~[?:1.8.0_74]
	at com.sun.org.apache.xerces.internal.parsers.XMLParser.parse(XMLParser.java:141) ~[?:1.8.0_74]
	at com.sun.org.apache.xerces.internal.parsers.AbstractSAXParser.parse(AbstractSAXParser.java:1213) ~[?:1.8.0_74]
	at com.sun.org.apache.xerces.internal.jaxp.SAXParserImpl$JAXPSAXParser.parse(SAXParserImpl.java:643) ~[?:1.8.0_74]
	at com.sun.xml.internal.bind.v2.runtime.unmarshaller.UnmarshallerImpl.unmarshal0(UnmarshallerImpl.java:243) ~[?:1.8.0_74]
	at com.sun.xml.internal.bind.v2.runtime.unmarshaller.UnmarshallerImpl.unmarshal(UnmarshallerImpl.java:214) ~[?:1.8.0_74]
	at javax.xml.bind.helpers.AbstractUnmarshallerImpl.unmarshal(AbstractUnmarshallerImpl.java:157) ~[?:1.8.0_74]
	at javax.xml.bind.helpers.AbstractUnmarshallerImpl.unmarshal(AbstractUnmarshallerImpl.java:162) ~[?:1.8.0_74]
	at javax.xml.bind.helpers.AbstractUnmarshallerImpl.unmarshal(AbstractUnmarshallerImpl.java:171) ~[?:1.8.0_74]
	at javax.xml.bind.helpers.AbstractUnmarshallerImpl.unmarshal(AbstractUnmarshallerImpl.java:189) ~[?:1.8.0_74]
	at by.kastsiuchenka.third.marshal.ActionToy.useUnMarshalWithXSD(ActionToy.java:49) [project1/:?]
	at test.by.kastsiuchenka.third.TestMarshaller.testUnMarshalWithXSD(TestMarshaller.java:48) [project1/:?]
	at sun.reflect.NativeMethodAccessorImpl.invoke0(Native Method) ~[?:1.8.0_74]
	at sun.reflect.NativeMethodAccessorImpl.invoke(NativeMethodAccessorImpl.java:62) ~[?:1.8.0_74]
	at sun.reflect.DelegatingMethodAccessorImpl.invoke(DelegatingMethodAccessorImpl.java:43) ~[?:1.8.0_74]
	at java.lang.reflect.Method.invoke(Method.java:498) ~[?:1.8.0_74]
	at org.testng.internal.MethodInvocationHelper.invokeMethod(MethodInvocationHelper.java:84) [testng-6.8.7.jar:?]
	at org.testng.internal.Invoker.invokeMethod(Invoker.java:714) [testng-6.8.7.jar:?]
	at org.testng.internal.Invoker.invokeTestMethod(Invoker.java:901) [testng-6.8.7.jar:?]
	at org.testng.internal.Invoker.invokeTestMethods(Invoker.java:1231) [testng-6.8.7.jar:?]
	at org.testng.internal.TestMethodWorker.invokeTestMethods(TestMethodWorker.java:127) [testng-6.8.7.jar:?]
	at org.testng.internal.TestMethodWorker.run(TestMethodWorker.java:111) [testng-6.8.7.jar:?]
	at org.testng.TestRunner.privateRun(TestRunner.java:767) [testng-6.8.7.jar:?]
	at org.testng.TestRunner.run(TestRunner.java:617) [testng-6.8.7.jar:?]
	at org.testng.SuiteRunner.runTest(SuiteRunner.java:334) [testng-6.8.7.jar:?]
	at org.testng.SuiteRunner.runSequentially(SuiteRunner.java:329) [testng-6.8.7.jar:?]
	at org.testng.SuiteRunner.privateRun(SuiteRunner.java:291) [testng-6.8.7.jar:?]
	at org.testng.SuiteRunner.run(SuiteRunner.java:240) [testng-6.8.7.jar:?]
	at org.testng.SuiteRunnerWorker.runSuite(SuiteRunnerWorker.java:52) [testng-6.8.7.jar:?]
	at org.testng.SuiteRunnerWorker.run(SuiteRunnerWorker.java:86) [testng-6.8.7.jar:?]
	at org.testng.TestNG.runSuitesSequentially(TestNG.java:1224) [testng-6.8.7.jar:?]
	at org.testng.TestNG.runSuitesLocally(TestNG.java:1149) [testng-6.8.7.jar:?]
	at org.testng.TestNG.run(TestNG.java:1057) [testng-6.8.7.jar:?]
	at org.testng.IDEARemoteTestNG.run(IDEARemoteTestNG.java:72) [testng-plugin.jar:?]
	at org.testng.RemoteTestNGStarter.main(RemoteTestNGStarter.java:123) [testng-plugin.jar:?]
2017-10-15T14:39:07,210 [ERROR] (ActionToy.java:51) - JAXB-context wrong 
javax.xml.bind.UnmarshalException: unexpected element (uri:"http://www.third/kastsiuchenka.by/toys", local:"toys"). Expected elements are <{}musicToy>,<{}toys>,<{}transportToy>
	at com.sun.xml.internal.bind.v2.runtime.unmarshaller.UnmarshallingContext.handleEvent(UnmarshallingContext.java:726) ~[?:1.8.0_74]
	at com.sun.xml.internal.bind.v2.runtime.unmarshaller.Loader.reportError(Loader.java:247) ~[?:1.8.0_74]
	at com.sun.xml.internal.bind.v2.runtime.unmarshaller.Loader.reportError(Loader.java:242) ~[?:1.8.0_74]
	at com.sun.xml.internal.bind.v2.runtime.unmarshaller.Loader.reportUnexpectedChildElement(Loader.java:109) ~[?:1.8.0_74]
	at com.sun.xml.internal.bind.v2.runtime.unmarshaller.UnmarshallingContext$DefaultRootLoader.childElement(UnmarshallingContext.java:1131) ~[?:1.8.0_74]
	at com.sun.xml.internal.bind.v2.runtime.unmarshaller.UnmarshallingContext._startElement(UnmarshallingContext.java:556) ~[?:1.8.0_74]
	at com.sun.xml.internal.bind.v2.runtime.unmarshaller.UnmarshallingContext.startElement(UnmarshallingContext.java:538) ~[?:1.8.0_74]
	at com.sun.xml.internal.bind.v2.runtime.unmarshaller.ValidatingUnmarshaller.startElement(ValidatingUnmarshaller.java:87) ~[?:1.8.0_74]
	at com.sun.xml.internal.bind.v2.runtime.unmarshaller.SAXConnector.startElement(SAXConnector.java:153) ~[?:1.8.0_74]
	at com.sun.org.apache.xerces.internal.parsers.AbstractSAXParser.startElement(AbstractSAXParser.java:509) ~[?:1.8.0_74]
	at com.sun.org.apache.xerces.internal.impl.XMLNSDocumentScannerImpl.scanStartElement(XMLNSDocumentScannerImpl.java:380) ~[?:1.8.0_74]
	at com.sun.org.apache.xerces.internal.impl.XMLNSDocumentScannerImpl$NSContentDriver.scanRootElementHook(XMLNSDocumentScannerImpl.java:614) ~[?:1.8.0_74]
	at com.sun.org.apache.xerces.internal.impl.XMLDocumentFragmentScannerImpl$FragmentContentDriver.next(XMLDocumentFragmentScannerImpl.java:3135) ~[?:1.8.0_74]
	at com.sun.org.apache.xerces.internal.impl.XMLDocumentScannerImpl$PrologDriver.next(XMLDocumentScannerImpl.java:880) ~[?:1.8.0_74]
	at com.sun.org.apache.xerces.internal.impl.XMLDocumentScannerImpl.next(XMLDocumentScannerImpl.java:606) ~[?:1.8.0_74]
	at com.sun.org.apache.xerces.internal.impl.XMLNSDocumentScannerImpl.next(XMLNSDocumentScannerImpl.java:118) ~[?:1.8.0_74]
	at com.sun.org.apache.xerces.internal.impl.XMLDocumentFragmentScannerImpl.scanDocument(XMLDocumentFragmentScannerImpl.java:510) ~[?:1.8.0_74]
	at com.sun.org.apache.xerces.internal.parsers.XML11Configuration.parse(XML11Configuration.java:848) ~[?:1.8.0_74]
	at com.sun.org.apache.xerces.internal.parsers.XML11Configuration.parse(XML11Configuration.java:777) ~[?:1.8.0_74]
	at com.sun.org.apache.xerces.internal.parsers.XMLParser.parse(XMLParser.java:141) ~[?:1.8.0_74]
	at com.sun.org.apache.xerces.internal.parsers.AbstractSAXParser.parse(AbstractSAXParser.java:1213) ~[?:1.8.0_74]
	at com.sun.org.apache.xerces.internal.jaxp.SAXParserImpl$JAXPSAXParser.parse(SAXParserImpl.java:643) ~[?:1.8.0_74]
	at com.sun.xml.internal.bind.v2.runtime.unmarshaller.UnmarshallerImpl.unmarshal0(UnmarshallerImpl.java:243) ~[?:1.8.0_74]
	at com.sun.xml.internal.bind.v2.runtime.unmarshaller.UnmarshallerImpl.unmarshal(UnmarshallerImpl.java:214) ~[?:1.8.0_74]
	at javax.xml.bind.helpers.AbstractUnmarshallerImpl.unmarshal(AbstractUnmarshallerImpl.java:157) ~[?:1.8.0_74]
	at javax.xml.bind.helpers.AbstractUnmarshallerImpl.unmarshal(AbstractUnmarshallerImpl.java:162) ~[?:1.8.0_74]
	at javax.xml.bind.helpers.AbstractUnmarshallerImpl.unmarshal(AbstractUnmarshallerImpl.java:171) ~[?:1.8.0_74]
	at javax.xml.bind.helpers.AbstractUnmarshallerImpl.unmarshal(AbstractUnmarshallerImpl.java:189) ~[?:1.8.0_74]
	at by.kastsiuchenka.third.marshal.ActionToy.useUnMarshalWithXSD(ActionToy.java:49) [project1/:?]
	at test.by.kastsiuchenka.third.TestMarshaller.testUnMarshalWithXSD(TestMarshaller.java:48) [project1/:?]
	at sun.reflect.NativeMethodAccessorImpl.invoke0(Native Method) ~[?:1.8.0_74]
	at sun.reflect.NativeMethodAccessorImpl.invoke(NativeMethodAccessorImpl.java:62) ~[?:1.8.0_74]
	at sun.reflect.DelegatingMethodAccessorImpl.invoke(DelegatingMethodAccessorImpl.java:43) ~[?:1.8.0_74]
	at java.lang.reflect.Method.invoke(Method.java:498) ~[?:1.8.0_74]
	at org.testng.internal.MethodInvocationHelper.invokeMethod(MethodInvocationHelper.java:84) [testng-6.8.7.jar:?]
	at org.testng.internal.Invoker.invokeMethod(Invoker.java:714) [testng-6.8.7.jar:?]
	at org.testng.internal.Invoker.invokeTestMethod(Invoker.java:901) [testng-6.8.7.jar:?]
	at org.testng.internal.Invoker.invokeTestMethods(Invoker.java:1231) [testng-6.8.7.jar:?]
	at org.testng.internal.TestMethodWorker.invokeTestMethods(TestMethodWorker.java:127) [testng-6.8.7.jar:?]
	at org.testng.internal.TestMethodWorker.run(TestMethodWorker.java:111) [testng-6.8.7.jar:?]
	at org.testng.TestRunner.privateRun(TestRunner.java:767) [testng-6.8.7.jar:?]
	at org.testng.TestRunner.run(TestRunner.java:617) [testng-6.8.7.jar:?]
	at org.testng.SuiteRunner.runTest(SuiteRunner.java:334) [testng-6.8.7.jar:?]
	at org.testng.SuiteRunner.runSequentially(SuiteRunner.java:329) [testng-6.8.7.jar:?]
	at org.testng.SuiteRunner.privateRun(SuiteRunner.java:291) [testng-6.8.7.jar:?]
	at org.testng.SuiteRunner.run(SuiteRunner.java:240) [testng-6.8.7.jar:?]
	at org.testng.SuiteRunnerWorker.runSuite(SuiteRunnerWorker.java:52) [testng-6.8.7.jar:?]
	at org.testng.SuiteRunnerWorker.run(SuiteRunnerWorker.java:86) [testng-6.8.7.jar:?]
	at org.testng.TestNG.runSuitesSequentially(TestNG.java:1224) [testng-6.8.7.jar:?]
	at org.testng.TestNG.runSuitesLocally(TestNG.java:1149) [testng-6.8.7.jar:?]
	at org.testng.TestNG.run(TestNG.java:1057) [testng-6.8.7.jar:?]
	at org.testng.IDEARemoteTestNG.run(IDEARemoteTestNG.java:72) [testng-plugin.jar:?]
	at org.testng.RemoteTestNGStarter.main(RemoteTestNGStarter.java:123) [testng-plugin.jar:?]
2017-10-15T14:39:23,132 [ERROR] (ActionToy.java:51) - JAXB-context wrong 
javax.xml.bind.UnmarshalException: null
	at javax.xml.bind.helpers.AbstractUnmarshallerImpl.createUnmarshalException(AbstractUnmarshallerImpl.java:335) ~[?:1.8.0_74]
	at com.sun.xml.internal.bind.v2.runtime.unmarshaller.UnmarshallerImpl.createUnmarshalException(UnmarshallerImpl.java:563) ~[?:1.8.0_74]
	at com.sun.xml.internal.bind.v2.runtime.unmarshaller.UnmarshallerImpl.unmarshal0(UnmarshallerImpl.java:249) ~[?:1.8.0_74]
	at com.sun.xml.internal.bind.v2.runtime.unmarshaller.UnmarshallerImpl.unmarshal(UnmarshallerImpl.java:214) ~[?:1.8.0_74]
	at javax.xml.bind.helpers.AbstractUnmarshallerImpl.unmarshal(AbstractUnmarshallerImpl.java:157) ~[?:1.8.0_74]
	at javax.xml.bind.helpers.AbstractUnmarshallerImpl.unmarshal(AbstractUnmarshallerImpl.java:162) ~[?:1.8.0_74]
	at javax.xml.bind.helpers.AbstractUnmarshallerImpl.unmarshal(AbstractUnmarshallerImpl.java:171) ~[?:1.8.0_74]
	at javax.xml.bind.helpers.AbstractUnmarshallerImpl.unmarshal(AbstractUnmarshallerImpl.java:189) ~[?:1.8.0_74]
	at by.kastsiuchenka.third.marshal.ActionToy.useUnMarshalWithXSD(ActionToy.java:49) [project1/:?]
	at test.by.kastsiuchenka.third.TestMarshaller.testUnMarshalWithXSD(TestMarshaller.java:48) [project1/:?]
	at sun.reflect.NativeMethodAccessorImpl.invoke0(Native Method) ~[?:1.8.0_74]
	at sun.reflect.NativeMethodAccessorImpl.invoke(NativeMethodAccessorImpl.java:62) ~[?:1.8.0_74]
	at sun.reflect.DelegatingMethodAccessorImpl.invoke(DelegatingMethodAccessorImpl.java:43) ~[?:1.8.0_74]
	at java.lang.reflect.Method.invoke(Method.java:498) ~[?:1.8.0_74]
	at org.testng.internal.MethodInvocationHelper.invokeMethod(MethodInvocationHelper.java:84) [testng-6.8.7.jar:?]
	at org.testng.internal.Invoker.invokeMethod(Invoker.java:714) [testng-6.8.7.jar:?]
	at org.testng.internal.Invoker.invokeTestMethod(Invoker.java:901) [testng-6.8.7.jar:?]
	at org.testng.internal.Invoker.invokeTestMethods(Invoker.java:1231) [testng-6.8.7.jar:?]
	at org.testng.internal.TestMethodWorker.invokeTestMethods(TestMethodWorker.java:127) [testng-6.8.7.jar:?]
	at org.testng.internal.TestMethodWorker.run(TestMethodWorker.java:111) [testng-6.8.7.jar:?]
	at org.testng.TestRunner.privateRun(TestRunner.java:767) [testng-6.8.7.jar:?]
	at org.testng.TestRunner.run(TestRunner.java:617) [testng-6.8.7.jar:?]
	at org.testng.SuiteRunner.runTest(SuiteRunner.java:334) [testng-6.8.7.jar:?]
	at org.testng.SuiteRunner.runSequentially(SuiteRunner.java:329) [testng-6.8.7.jar:?]
	at org.testng.SuiteRunner.privateRun(SuiteRunner.java:291) [testng-6.8.7.jar:?]
	at org.testng.SuiteRunner.run(SuiteRunner.java:240) [testng-6.8.7.jar:?]
	at org.testng.SuiteRunnerWorker.runSuite(SuiteRunnerWorker.java:52) [testng-6.8.7.jar:?]
	at org.testng.SuiteRunnerWorker.run(SuiteRunnerWorker.java:86) [testng-6.8.7.jar:?]
	at org.testng.TestNG.runSuitesSequentially(TestNG.java:1224) [testng-6.8.7.jar:?]
	at org.testng.TestNG.runSuitesLocally(TestNG.java:1149) [testng-6.8.7.jar:?]
	at org.testng.TestNG.run(TestNG.java:1057) [testng-6.8.7.jar:?]
	at org.testng.IDEARemoteTestNG.run(IDEARemoteTestNG.java:72) [testng-plugin.jar:?]
	at org.testng.RemoteTestNGStarter.main(RemoteTestNGStarter.java:123) [testng-plugin.jar:?]
Caused by: org.xml.sax.SAXParseException: cvc-elt.1: Cannot find the declaration of element 'toys'.
	at com.sun.org.apache.xerces.internal.util.ErrorHandlerWrapper.createSAXParseException(ErrorHandlerWrapper.java:203) ~[?:1.8.0_74]
	at com.sun.org.apache.xerces.internal.util.ErrorHandlerWrapper.error(ErrorHandlerWrapper.java:134) ~[?:1.8.0_74]
	at com.sun.org.apache.xerces.internal.impl.XMLErrorReporter.reportError(XMLErrorReporter.java:396) ~[?:1.8.0_74]
	at com.sun.org.apache.xerces.internal.impl.XMLErrorReporter.reportError(XMLErrorReporter.java:327) ~[?:1.8.0_74]
	at com.sun.org.apache.xerces.internal.impl.XMLErrorReporter.reportError(XMLErrorReporter.java:284) ~[?:1.8.0_74]
	at com.sun.org.apache.xerces.internal.impl.xs.XMLSchemaValidator.handleStartElement(XMLSchemaValidator.java:1900) ~[?:1.8.0_74]
	at com.sun.org.apache.xerces.internal.impl.xs.XMLSchemaValidator.startElement(XMLSchemaValidator.java:740) ~[?:1.8.0_74]
	at com.sun.org.apache.xerces.internal.jaxp.validation.ValidatorHandlerImpl.startElement(ValidatorHandlerImpl.java:570) ~[?:1.8.0_74]
	at com.sun.xml.internal.bind.v2.runtime.unmarshaller.ValidatingUnmarshaller.startElement(ValidatingUnmarshaller.java:86) ~[?:1.8.0_74]
	at com.sun.xml.internal.bind.v2.runtime.unmarshaller.SAXConnector.startElement(SAXConnector.java:153) ~[?:1.8.0_74]
	at com.sun.org.apache.xerces.internal.parsers.AbstractSAXParser.startElement(AbstractSAXParser.java:509) ~[?:1.8.0_74]
	at com.sun.org.apache.xerces.internal.impl.XMLNSDocumentScannerImpl.scanStartElement(XMLNSDocumentScannerImpl.java:380) ~[?:1.8.0_74]
	at com.sun.org.apache.xerces.internal.impl.XMLNSDocumentScannerImpl$NSContentDriver.scanRootElementHook(XMLNSDocumentScannerImpl.java:614) ~[?:1.8.0_74]
	at com.sun.org.apache.xerces.internal.impl.XMLDocumentFragmentScannerImpl$FragmentContentDriver.next(XMLDocumentFragmentScannerImpl.java:3135) ~[?:1.8.0_74]
	at com.sun.org.apache.xerces.internal.impl.XMLDocumentScannerImpl$PrologDriver.next(XMLDocumentScannerImpl.java:880) ~[?:1.8.0_74]
	at com.sun.org.apache.xerces.internal.impl.XMLDocumentScannerImpl.next(XMLDocumentScannerImpl.java:606) ~[?:1.8.0_74]
	at com.sun.org.apache.xerces.internal.impl.XMLNSDocumentScannerImpl.next(XMLNSDocumentScannerImpl.java:118) ~[?:1.8.0_74]
	at com.sun.org.apache.xerces.internal.impl.XMLDocumentFragmentScannerImpl.scanDocument(XMLDocumentFragmentScannerImpl.java:510) ~[?:1.8.0_74]
	at com.sun.org.apache.xerces.internal.parsers.XML11Configuration.parse(XML11Configuration.java:848) ~[?:1.8.0_74]
	at com.sun.org.apache.xerces.internal.parsers.XML11Configuration.parse(XML11Configuration.java:777) ~[?:1.8.0_74]
	at com.sun.org.apache.xerces.internal.parsers.XMLParser.parse(XMLParser.java:141) ~[?:1.8.0_74]
	at com.sun.org.apache.xerces.internal.parsers.AbstractSAXParser.parse(AbstractSAXParser.java:1213) ~[?:1.8.0_74]
	at com.sun.org.apache.xerces.internal.jaxp.SAXParserImpl$JAXPSAXParser.parse(SAXParserImpl.java:643) ~[?:1.8.0_74]
	at com.sun.xml.internal.bind.v2.runtime.unmarshaller.UnmarshallerImpl.unmarshal0(UnmarshallerImpl.java:243) ~[?:1.8.0_74]
	... 30 more
2017-10-15T15:10:47,141 [ERROR] (ActionToy.java:51) - JAXB-context wrong 
javax.xml.bind.UnmarshalException: null
	at javax.xml.bind.helpers.AbstractUnmarshallerImpl.createUnmarshalException(AbstractUnmarshallerImpl.java:335) ~[?:1.8.0_74]
	at com.sun.xml.internal.bind.v2.runtime.unmarshaller.UnmarshallerImpl.createUnmarshalException(UnmarshallerImpl.java:563) ~[?:1.8.0_74]
	at com.sun.xml.internal.bind.v2.runtime.unmarshaller.UnmarshallerImpl.unmarshal0(UnmarshallerImpl.java:249) ~[?:1.8.0_74]
	at com.sun.xml.internal.bind.v2.runtime.unmarshaller.UnmarshallerImpl.unmarshal(UnmarshallerImpl.java:214) ~[?:1.8.0_74]
	at javax.xml.bind.helpers.AbstractUnmarshallerImpl.unmarshal(AbstractUnmarshallerImpl.java:157) ~[?:1.8.0_74]
	at javax.xml.bind.helpers.AbstractUnmarshallerImpl.unmarshal(AbstractUnmarshallerImpl.java:162) ~[?:1.8.0_74]
	at javax.xml.bind.helpers.AbstractUnmarshallerImpl.unmarshal(AbstractUnmarshallerImpl.java:171) ~[?:1.8.0_74]
	at javax.xml.bind.helpers.AbstractUnmarshallerImpl.unmarshal(AbstractUnmarshallerImpl.java:189) ~[?:1.8.0_74]
	at by.kastsiuchenka.third.marshal.ActionToy.useUnMarshalWithXSD(ActionToy.java:49) [project1/:?]
	at test.by.kastsiuchenka.third.TestMarshaller.testUnMarshalWithXSD(TestMarshaller.java:48) [project1/:?]
	at sun.reflect.NativeMethodAccessorImpl.invoke0(Native Method) ~[?:1.8.0_74]
	at sun.reflect.NativeMethodAccessorImpl.invoke(NativeMethodAccessorImpl.java:62) ~[?:1.8.0_74]
	at sun.reflect.DelegatingMethodAccessorImpl.invoke(DelegatingMethodAccessorImpl.java:43) ~[?:1.8.0_74]
	at java.lang.reflect.Method.invoke(Method.java:498) ~[?:1.8.0_74]
	at org.testng.internal.MethodInvocationHelper.invokeMethod(MethodInvocationHelper.java:84) [testng-6.8.7.jar:?]
	at org.testng.internal.Invoker.invokeMethod(Invoker.java:714) [testng-6.8.7.jar:?]
	at org.testng.internal.Invoker.invokeTestMethod(Invoker.java:901) [testng-6.8.7.jar:?]
	at org.testng.internal.Invoker.invokeTestMethods(Invoker.java:1231) [testng-6.8.7.jar:?]
	at org.testng.internal.TestMethodWorker.invokeTestMethods(TestMethodWorker.java:127) [testng-6.8.7.jar:?]
	at org.testng.internal.TestMethodWorker.run(TestMethodWorker.java:111) [testng-6.8.7.jar:?]
	at org.testng.TestRunner.privateRun(TestRunner.java:767) [testng-6.8.7.jar:?]
	at org.testng.TestRunner.run(TestRunner.java:617) [testng-6.8.7.jar:?]
	at org.testng.SuiteRunner.runTest(SuiteRunner.java:334) [testng-6.8.7.jar:?]
	at org.testng.SuiteRunner.runSequentially(SuiteRunner.java:329) [testng-6.8.7.jar:?]
	at org.testng.SuiteRunner.privateRun(SuiteRunner.java:291) [testng-6.8.7.jar:?]
	at org.testng.SuiteRunner.run(SuiteRunner.java:240) [testng-6.8.7.jar:?]
	at org.testng.SuiteRunnerWorker.runSuite(SuiteRunnerWorker.java:52) [testng-6.8.7.jar:?]
	at org.testng.SuiteRunnerWorker.run(SuiteRunnerWorker.java:86) [testng-6.8.7.jar:?]
	at org.testng.TestNG.runSuitesSequentially(TestNG.java:1224) [testng-6.8.7.jar:?]
	at org.testng.TestNG.runSuitesLocally(TestNG.java:1149) [testng-6.8.7.jar:?]
	at org.testng.TestNG.run(TestNG.java:1057) [testng-6.8.7.jar:?]
	at org.testng.IDEARemoteTestNG.run(IDEARemoteTestNG.java:72) [testng-plugin.jar:?]
	at org.testng.RemoteTestNGStarter.main(RemoteTestNGStarter.java:123) [testng-plugin.jar:?]
Caused by: org.xml.sax.SAXParseException: cvc-elt.1: Cannot find the declaration of element 'toys'.
	at com.sun.org.apache.xerces.internal.util.ErrorHandlerWrapper.createSAXParseException(ErrorHandlerWrapper.java:203) ~[?:1.8.0_74]
	at com.sun.org.apache.xerces.internal.util.ErrorHandlerWrapper.error(ErrorHandlerWrapper.java:134) ~[?:1.8.0_74]
	at com.sun.org.apache.xerces.internal.impl.XMLErrorReporter.reportError(XMLErrorReporter.java:396) ~[?:1.8.0_74]
	at com.sun.org.apache.xerces.internal.impl.XMLErrorReporter.reportError(XMLErrorReporter.java:327) ~[?:1.8.0_74]
	at com.sun.org.apache.xerces.internal.impl.XMLErrorReporter.reportError(XMLErrorReporter.java:284) ~[?:1.8.0_74]
	at com.sun.org.apache.xerces.internal.impl.xs.XMLSchemaValidator.handleStartElement(XMLSchemaValidator.java:1900) ~[?:1.8.0_74]
	at com.sun.org.apache.xerces.internal.impl.xs.XMLSchemaValidator.startElement(XMLSchemaValidator.java:740) ~[?:1.8.0_74]
	at com.sun.org.apache.xerces.internal.jaxp.validation.ValidatorHandlerImpl.startElement(ValidatorHandlerImpl.java:570) ~[?:1.8.0_74]
	at com.sun.xml.internal.bind.v2.runtime.unmarshaller.ValidatingUnmarshaller.startElement(ValidatingUnmarshaller.java:86) ~[?:1.8.0_74]
	at com.sun.xml.internal.bind.v2.runtime.unmarshaller.SAXConnector.startElement(SAXConnector.java:153) ~[?:1.8.0_74]
	at com.sun.org.apache.xerces.internal.parsers.AbstractSAXParser.startElement(AbstractSAXParser.java:509) ~[?:1.8.0_74]
	at com.sun.org.apache.xerces.internal.impl.XMLNSDocumentScannerImpl.scanStartElement(XMLNSDocumentScannerImpl.java:380) ~[?:1.8.0_74]
	at com.sun.org.apache.xerces.internal.impl.XMLNSDocumentScannerImpl$NSContentDriver.scanRootElementHook(XMLNSDocumentScannerImpl.java:614) ~[?:1.8.0_74]
	at com.sun.org.apache.xerces.internal.impl.XMLDocumentFragmentScannerImpl$FragmentContentDriver.next(XMLDocumentFragmentScannerImpl.java:3135) ~[?:1.8.0_74]
	at com.sun.org.apache.xerces.internal.impl.XMLDocumentScannerImpl$PrologDriver.next(XMLDocumentScannerImpl.java:880) ~[?:1.8.0_74]
	at com.sun.org.apache.xerces.internal.impl.XMLDocumentScannerImpl.next(XMLDocumentScannerImpl.java:606) ~[?:1.8.0_74]
	at com.sun.org.apache.xerces.internal.impl.XMLNSDocumentScannerImpl.next(XMLNSDocumentScannerImpl.java:118) ~[?:1.8.0_74]
	at com.sun.org.apache.xerces.internal.impl.XMLDocumentFragmentScannerImpl.scanDocument(XMLDocumentFragmentScannerImpl.java:510) ~[?:1.8.0_74]
	at com.sun.org.apache.xerces.internal.parsers.XML11Configuration.parse(XML11Configuration.java:848) ~[?:1.8.0_74]
	at com.sun.org.apache.xerces.internal.parsers.XML11Configuration.parse(XML11Configuration.java:777) ~[?:1.8.0_74]
	at com.sun.org.apache.xerces.internal.parsers.XMLParser.parse(XMLParser.java:141) ~[?:1.8.0_74]
	at com.sun.org.apache.xerces.internal.parsers.AbstractSAXParser.parse(AbstractSAXParser.java:1213) ~[?:1.8.0_74]
	at com.sun.org.apache.xerces.internal.jaxp.SAXParserImpl$JAXPSAXParser.parse(SAXParserImpl.java:643) ~[?:1.8.0_74]
	at com.sun.xml.internal.bind.v2.runtime.unmarshaller.UnmarshallerImpl.unmarshal0(UnmarshallerImpl.java:243) ~[?:1.8.0_74]
	... 30 more
2017-10-15T15:11:32,028 [ERROR] (ActionToy.java:51) - JAXB-context wrong 
javax.xml.bind.UnmarshalException: null
	at javax.xml.bind.helpers.AbstractUnmarshallerImpl.createUnmarshalException(AbstractUnmarshallerImpl.java:335) ~[?:1.8.0_74]
	at com.sun.xml.internal.bind.v2.runtime.unmarshaller.UnmarshallerImpl.createUnmarshalException(UnmarshallerImpl.java:563) ~[?:1.8.0_74]
	at com.sun.xml.internal.bind.v2.runtime.unmarshaller.UnmarshallerImpl.unmarshal0(UnmarshallerImpl.java:249) ~[?:1.8.0_74]
	at com.sun.xml.internal.bind.v2.runtime.unmarshaller.UnmarshallerImpl.unmarshal(UnmarshallerImpl.java:214) ~[?:1.8.0_74]
	at javax.xml.bind.helpers.AbstractUnmarshallerImpl.unmarshal(AbstractUnmarshallerImpl.java:157) ~[?:1.8.0_74]
	at javax.xml.bind.helpers.AbstractUnmarshallerImpl.unmarshal(AbstractUnmarshallerImpl.java:162) ~[?:1.8.0_74]
	at javax.xml.bind.helpers.AbstractUnmarshallerImpl.unmarshal(AbstractUnmarshallerImpl.java:171) ~[?:1.8.0_74]
	at javax.xml.bind.helpers.AbstractUnmarshallerImpl.unmarshal(AbstractUnmarshallerImpl.java:189) ~[?:1.8.0_74]
	at by.kastsiuchenka.third.marshal.ActionToy.useUnMarshalWithXSD(ActionToy.java:49) [project1/:?]
	at test.by.kastsiuchenka.third.TestMarshaller.testUnMarshalWithXSD(TestMarshaller.java:48) [project1/:?]
	at sun.reflect.NativeMethodAccessorImpl.invoke0(Native Method) ~[?:1.8.0_74]
	at sun.reflect.NativeMethodAccessorImpl.invoke(NativeMethodAccessorImpl.java:62) ~[?:1.8.0_74]
	at sun.reflect.DelegatingMethodAccessorImpl.invoke(DelegatingMethodAccessorImpl.java:43) ~[?:1.8.0_74]
	at java.lang.reflect.Method.invoke(Method.java:498) ~[?:1.8.0_74]
	at org.testng.internal.MethodInvocationHelper.invokeMethod(MethodInvocationHelper.java:84) [testng-6.8.7.jar:?]
	at org.testng.internal.Invoker.invokeMethod(Invoker.java:714) [testng-6.8.7.jar:?]
	at org.testng.internal.Invoker.invokeTestMethod(Invoker.java:901) [testng-6.8.7.jar:?]
	at org.testng.internal.Invoker.invokeTestMethods(Invoker.java:1231) [testng-6.8.7.jar:?]
	at org.testng.internal.TestMethodWorker.invokeTestMethods(TestMethodWorker.java:127) [testng-6.8.7.jar:?]
	at org.testng.internal.TestMethodWorker.run(TestMethodWorker.java:111) [testng-6.8.7.jar:?]
	at org.testng.TestRunner.privateRun(TestRunner.java:767) [testng-6.8.7.jar:?]
	at org.testng.TestRunner.run(TestRunner.java:617) [testng-6.8.7.jar:?]
	at org.testng.SuiteRunner.runTest(SuiteRunner.java:334) [testng-6.8.7.jar:?]
	at org.testng.SuiteRunner.runSequentially(SuiteRunner.java:329) [testng-6.8.7.jar:?]
	at org.testng.SuiteRunner.privateRun(SuiteRunner.java:291) [testng-6.8.7.jar:?]
	at org.testng.SuiteRunner.run(SuiteRunner.java:240) [testng-6.8.7.jar:?]
	at org.testng.SuiteRunnerWorker.runSuite(SuiteRunnerWorker.java:52) [testng-6.8.7.jar:?]
	at org.testng.SuiteRunnerWorker.run(SuiteRunnerWorker.java:86) [testng-6.8.7.jar:?]
	at org.testng.TestNG.runSuitesSequentially(TestNG.java:1224) [testng-6.8.7.jar:?]
	at org.testng.TestNG.runSuitesLocally(TestNG.java:1149) [testng-6.8.7.jar:?]
	at org.testng.TestNG.run(TestNG.java:1057) [testng-6.8.7.jar:?]
	at org.testng.IDEARemoteTestNG.run(IDEARemoteTestNG.java:72) [testng-plugin.jar:?]
	at org.testng.RemoteTestNGStarter.main(RemoteTestNGStarter.java:123) [testng-plugin.jar:?]
Caused by: org.xml.sax.SAXParseException: cvc-elt.1: Cannot find the declaration of element 'toys'.
	at com.sun.org.apache.xerces.internal.util.ErrorHandlerWrapper.createSAXParseException(ErrorHandlerWrapper.java:203) ~[?:1.8.0_74]
	at com.sun.org.apache.xerces.internal.util.ErrorHandlerWrapper.error(ErrorHandlerWrapper.java:134) ~[?:1.8.0_74]
	at com.sun.org.apache.xerces.internal.impl.XMLErrorReporter.reportError(XMLErrorReporter.java:396) ~[?:1.8.0_74]
	at com.sun.org.apache.xerces.internal.impl.XMLErrorReporter.reportError(XMLErrorReporter.java:327) ~[?:1.8.0_74]
	at com.sun.org.apache.xerces.internal.impl.XMLErrorReporter.reportError(XMLErrorReporter.java:284) ~[?:1.8.0_74]
	at com.sun.org.apache.xerces.internal.impl.xs.XMLSchemaValidator.handleStartElement(XMLSchemaValidator.java:1900) ~[?:1.8.0_74]
	at com.sun.org.apache.xerces.internal.impl.xs.XMLSchemaValidator.startElement(XMLSchemaValidator.java:740) ~[?:1.8.0_74]
	at com.sun.org.apache.xerces.internal.jaxp.validation.ValidatorHandlerImpl.startElement(ValidatorHandlerImpl.java:570) ~[?:1.8.0_74]
	at com.sun.xml.internal.bind.v2.runtime.unmarshaller.ValidatingUnmarshaller.startElement(ValidatingUnmarshaller.java:86) ~[?:1.8.0_74]
	at com.sun.xml.internal.bind.v2.runtime.unmarshaller.SAXConnector.startElement(SAXConnector.java:153) ~[?:1.8.0_74]
	at com.sun.org.apache.xerces.internal.parsers.AbstractSAXParser.startElement(AbstractSAXParser.java:509) ~[?:1.8.0_74]
	at com.sun.org.apache.xerces.internal.impl.XMLNSDocumentScannerImpl.scanStartElement(XMLNSDocumentScannerImpl.java:380) ~[?:1.8.0_74]
	at com.sun.org.apache.xerces.internal.impl.XMLNSDocumentScannerImpl$NSContentDriver.scanRootElementHook(XMLNSDocumentScannerImpl.java:614) ~[?:1.8.0_74]
	at com.sun.org.apache.xerces.internal.impl.XMLDocumentFragmentScannerImpl$FragmentContentDriver.next(XMLDocumentFragmentScannerImpl.java:3135) ~[?:1.8.0_74]
	at com.sun.org.apache.xerces.internal.impl.XMLDocumentScannerImpl$PrologDriver.next(XMLDocumentScannerImpl.java:880) ~[?:1.8.0_74]
	at com.sun.org.apache.xerces.internal.impl.XMLDocumentScannerImpl.next(XMLDocumentScannerImpl.java:606) ~[?:1.8.0_74]
	at com.sun.org.apache.xerces.internal.impl.XMLNSDocumentScannerImpl.next(XMLNSDocumentScannerImpl.java:118) ~[?:1.8.0_74]
	at com.sun.org.apache.xerces.internal.impl.XMLDocumentFragmentScannerImpl.scanDocument(XMLDocumentFragmentScannerImpl.java:510) ~[?:1.8.0_74]
	at com.sun.org.apache.xerces.internal.parsers.XML11Configuration.parse(XML11Configuration.java:848) ~[?:1.8.0_74]
	at com.sun.org.apache.xerces.internal.parsers.XML11Configuration.parse(XML11Configuration.java:777) ~[?:1.8.0_74]
	at com.sun.org.apache.xerces.internal.parsers.XMLParser.parse(XMLParser.java:141) ~[?:1.8.0_74]
	at com.sun.org.apache.xerces.internal.parsers.AbstractSAXParser.parse(AbstractSAXParser.java:1213) ~[?:1.8.0_74]
	at com.sun.org.apache.xerces.internal.jaxp.SAXParserImpl$JAXPSAXParser.parse(SAXParserImpl.java:643) ~[?:1.8.0_74]
	at com.sun.xml.internal.bind.v2.runtime.unmarshaller.UnmarshallerImpl.unmarshal0(UnmarshallerImpl.java:243) ~[?:1.8.0_74]
	... 30 more
2017-10-15T15:12:34,623 [ERROR] (ActionToy.java:53) - schema  wrong 
org.xml.sax.SAXParseException: s4s-att-invalid-value: Invalid attribute value for 'type' in element 'element'. Recorded reason: UndeclaredPrefix: Cannot resolve 'tns:Toy' as a QName: the prefix 'tns' is not declared.
	at com.sun.org.apache.xerces.internal.util.ErrorHandlerWrapper.createSAXParseException(ErrorHandlerWrapper.java:203) ~[?:1.8.0_74]
	at com.sun.org.apache.xerces.internal.util.ErrorHandlerWrapper.error(ErrorHandlerWrapper.java:134) ~[?:1.8.0_74]
	at com.sun.org.apache.xerces.internal.impl.XMLErrorReporter.reportError(XMLErrorReporter.java:396) ~[?:1.8.0_74]
	at com.sun.org.apache.xerces.internal.impl.xs.traversers.XSDHandler.reportSchemaErr(XSDHandler.java:4158) ~[?:1.8.0_74]
	at com.sun.org.apache.xerces.internal.impl.xs.traversers.XSDHandler.reportSchemaError(XSDHandler.java:4141) ~[?:1.8.0_74]
	at com.sun.org.apache.xerces.internal.impl.xs.traversers.XSAttributeChecker.reportSchemaError(XSAttributeChecker.java:1564) ~[?:1.8.0_74]
	at com.sun.org.apache.xerces.internal.impl.xs.traversers.XSAttributeChecker.checkAttributes(XSAttributeChecker.java:1135) ~[?:1.8.0_74]
	at com.sun.org.apache.xerces.internal.impl.xs.traversers.XSAttributeChecker.checkAttributes(XSAttributeChecker.java:960) ~[?:1.8.0_74]
	at com.sun.org.apache.xerces.internal.impl.xs.traversers.XSDElementTraverser.traverseGlobal(XSDElementTraverser.java:241) ~[?:1.8.0_74]
	at com.sun.org.apache.xerces.internal.impl.xs.traversers.XSDHandler.traverseSchemas(XSDHandler.java:1429) ~[?:1.8.0_74]
	at com.sun.org.apache.xerces.internal.impl.xs.traversers.XSDHandler.parseSchema(XSDHandler.java:626) ~[?:1.8.0_74]
	at com.sun.org.apache.xerces.internal.impl.xs.XMLSchemaLoader.loadSchema(XMLSchemaLoader.java:613) ~[?:1.8.0_74]
	at com.sun.org.apache.xerces.internal.impl.xs.XMLSchemaLoader.loadGrammar(XMLSchemaLoader.java:572) ~[?:1.8.0_74]
	at com.sun.org.apache.xerces.internal.impl.xs.XMLSchemaLoader.loadGrammar(XMLSchemaLoader.java:538) ~[?:1.8.0_74]
	at com.sun.org.apache.xerces.internal.jaxp.validation.XMLSchemaFactory.newSchema(XMLSchemaFactory.java:255) ~[?:1.8.0_74]
	at javax.xml.validation.SchemaFactory.newSchema(SchemaFactory.java:638) ~[?:1.8.0_74]
	at javax.xml.validation.SchemaFactory.newSchema(SchemaFactory.java:654) ~[?:1.8.0_74]
	at by.kastsiuchenka.third.marshal.ActionToy.useUnMarshalWithXSD(ActionToy.java:45) [project1/:?]
	at test.by.kastsiuchenka.third.TestMarshaller.testUnMarshalWithXSD(TestMarshaller.java:48) [project1/:?]
	at sun.reflect.NativeMethodAccessorImpl.invoke0(Native Method) ~[?:1.8.0_74]
	at sun.reflect.NativeMethodAccessorImpl.invoke(NativeMethodAccessorImpl.java:62) ~[?:1.8.0_74]
	at sun.reflect.DelegatingMethodAccessorImpl.invoke(DelegatingMethodAccessorImpl.java:43) ~[?:1.8.0_74]
	at java.lang.reflect.Method.invoke(Method.java:498) ~[?:1.8.0_74]
	at org.testng.internal.MethodInvocationHelper.invokeMethod(MethodInvocationHelper.java:84) [testng-6.8.7.jar:?]
	at org.testng.internal.Invoker.invokeMethod(Invoker.java:714) [testng-6.8.7.jar:?]
	at org.testng.internal.Invoker.invokeTestMethod(Invoker.java:901) [testng-6.8.7.jar:?]
	at org.testng.internal.Invoker.invokeTestMethods(Invoker.java:1231) [testng-6.8.7.jar:?]
	at org.testng.internal.TestMethodWorker.invokeTestMethods(TestMethodWorker.java:127) [testng-6.8.7.jar:?]
	at org.testng.internal.TestMethodWorker.run(TestMethodWorker.java:111) [testng-6.8.7.jar:?]
	at org.testng.TestRunner.privateRun(TestRunner.java:767) [testng-6.8.7.jar:?]
	at org.testng.TestRunner.run(TestRunner.java:617) [testng-6.8.7.jar:?]
	at org.testng.SuiteRunner.runTest(SuiteRunner.java:334) [testng-6.8.7.jar:?]
	at org.testng.SuiteRunner.runSequentially(SuiteRunner.java:329) [testng-6.8.7.jar:?]
	at org.testng.SuiteRunner.privateRun(SuiteRunner.java:291) [testng-6.8.7.jar:?]
	at org.testng.SuiteRunner.run(SuiteRunner.java:240) [testng-6.8.7.jar:?]
	at org.testng.SuiteRunnerWorker.runSuite(SuiteRunnerWorker.java:52) [testng-6.8.7.jar:?]
	at org.testng.SuiteRunnerWorker.run(SuiteRunnerWorker.java:86) [testng-6.8.7.jar:?]
	at org.testng.TestNG.runSuitesSequentially(TestNG.java:1224) [testng-6.8.7.jar:?]
	at org.testng.TestNG.runSuitesLocally(TestNG.java:1149) [testng-6.8.7.jar:?]
	at org.testng.TestNG.run(TestNG.java:1057) [testng-6.8.7.jar:?]
	at org.testng.IDEARemoteTestNG.run(IDEARemoteTestNG.java:72) [testng-plugin.jar:?]
	at org.testng.RemoteTestNGStarter.main(RemoteTestNGStarter.java:123) [testng-plugin.jar:?]
2017-10-15T16:05:32,712 [ERROR] (TestSax.java:35) - wrong XML file name java.io.FileNotFoundException: D:\!Epam\project1\data\toys_unmarshaller1.xml (    )
2017-10-15T20:45:39,465 [INFO ] (TestSax.java:44) - []
2017-10-15T20:52:55,116 [INFO ] (TestSax.java:44) - []
2017-10-15T20:56:34,099 [INFO ] (SimpleToyHandler.java:26) - 

    
2017-10-15T20:56:34,101 [INFO ] (SimpleToyHandler.java:26) - 
        
2017-10-15T20:56:34,101 [INFO ] (SimpleToyHandler.java:26) - FunnyPiano
2017-10-15T20:56:34,116 [INFO ] (SimpleToyHandler.java:31) - model
2017-10-15T20:56:34,116 [INFO ] (SimpleToyHandler.java:26) - 
        
2017-10-15T20:56:34,116 [INFO ] (SimpleToyHandler.java:26) - CHUI
2017-10-15T20:56:34,116 [INFO ] (SimpleToyHandler.java:31) - brand-name
2017-10-15T20:56:34,116 [INFO ] (SimpleToyHandler.java:26) - 
        
2017-10-15T20:56:34,116 [INFO ] (SimpleToyHandler.java:26) - PLASTIC
2017-10-15T20:56:34,116 [INFO ] (SimpleToyHandler.java:31) - material
2017-10-15T20:56:34,116 [INFO ] (SimpleToyHandler.java:26) - 
        
2017-10-15T20:56:34,116 [INFO ] (SimpleToyHandler.java:26) - 120.00
2017-10-15T20:56:34,116 [INFO ] (SimpleToyHandler.java:31) - cost
2017-10-15T20:56:34,132 [INFO ] (SimpleToyHandler.java:26) - 
        
2017-10-15T20:56:34,132 [INFO ] (SimpleToyHandler.java:26) - 
            
2017-10-15T20:56:34,132 [INFO ] (SimpleToyHandler.java:26) - 2000
2017-10-15T20:56:34,132 [INFO ] (SimpleToyHandler.java:31) - weigth
2017-10-15T20:56:34,132 [INFO ] (SimpleToyHandler.java:26) - 
            
2017-10-15T20:56:34,132 [INFO ] (SimpleToyHandler.java:26) - 60
2017-10-15T20:56:34,132 [INFO ] (SimpleToyHandler.java:31) - length
2017-10-15T20:56:34,132 [INFO ] (SimpleToyHandler.java:26) - 
            
2017-10-15T20:56:34,132 [INFO ] (SimpleToyHandler.java:26) - 30
2017-10-15T20:56:34,132 [INFO ] (SimpleToyHandler.java:31) - width
2017-10-15T20:56:34,132 [INFO ] (SimpleToyHandler.java:26) - 
            
2017-10-15T20:56:34,132 [INFO ] (SimpleToyHandler.java:26) - 10
2017-10-15T20:56:34,151 [INFO ] (SimpleToyHandler.java:31) - heigth
2017-10-15T20:56:34,153 [INFO ] (SimpleToyHandler.java:26) - 
        
2017-10-15T20:56:34,155 [INFO ] (SimpleToyHandler.java:31) - external-parameters
2017-10-15T20:56:34,162 [INFO ] (SimpleToyHandler.java:26) - 
        
2017-10-15T20:56:34,167 [INFO ] (SimpleToyHandler.java:26) - PIANO
2017-10-15T20:56:34,169 [INFO ] (SimpleToyHandler.java:31) - type-music-toy
2017-10-15T20:56:34,170 [INFO ] (SimpleToyHandler.java:26) - 
        
2017-10-15T20:56:34,171 [INFO ] (SimpleToyHandler.java:26) - 40
2017-10-15T20:56:34,172 [INFO ] (SimpleToyHandler.java:31) - number-tones
2017-10-15T20:56:34,174 [INFO ] (SimpleToyHandler.java:26) - 
        
2017-10-15T20:56:34,176 [INFO ] (SimpleToyHandler.java:26) - RED
2017-10-15T20:56:34,177 [INFO ] (SimpleToyHandler.java:31) - main-colour
2017-10-15T20:56:34,177 [INFO ] (SimpleToyHandler.java:26) - 
    
2017-10-15T20:56:34,178 [INFO ] (SimpleToyHandler.java:31) - music-toy
2017-10-15T20:56:34,179 [INFO ] (SimpleToyHandler.java:26) - 
    
2017-10-15T20:56:34,180 [INFO ] (SimpleToyHandler.java:26) - 
        
2017-10-15T20:56:34,181 [INFO ] (SimpleToyHandler.java:26) - dudka
2017-10-15T20:56:34,182 [INFO ] (SimpleToyHandler.java:31) - model
2017-10-15T20:56:34,184 [INFO ] (SimpleToyHandler.java:26) - 
        
2017-10-15T20:56:34,185 [INFO ] (SimpleToyHandler.java:26) - polesie
2017-10-15T20:56:34,186 [INFO ] (SimpleToyHandler.java:31) - brand-name
2017-10-15T20:56:34,187 [INFO ] (SimpleToyHandler.java:26) - 
        
2017-10-15T20:56:34,189 [INFO ] (SimpleToyHandler.java:26) - PLASTIC
2017-10-15T20:56:34,190 [INFO ] (SimpleToyHandler.java:31) - material
2017-10-15T20:56:34,191 [INFO ] (SimpleToyHandler.java:26) - 
        
2017-10-15T20:56:34,192 [INFO ] (SimpleToyHandler.java:26) - 7.50
2017-10-15T20:56:34,193 [INFO ] (SimpleToyHandler.java:31) - cost
2017-10-15T20:56:34,194 [INFO ] (SimpleToyHandler.java:26) - 
        
2017-10-15T20:56:34,196 [INFO ] (SimpleToyHandler.java:26) - 
            
2017-10-15T20:56:34,197 [INFO ] (SimpleToyHandler.java:26) - 300
2017-10-15T20:56:34,208 [INFO ] (SimpleToyHandler.java:31) - weigth
2017-10-15T20:56:34,213 [INFO ] (SimpleToyHandler.java:26) - 
            
2017-10-15T20:56:34,214 [INFO ] (SimpleToyHandler.java:26) - 20
2017-10-15T20:56:34,215 [INFO ] (SimpleToyHandler.java:31) - length
2017-10-15T20:56:34,220 [INFO ] (SimpleToyHandler.java:26) - 
            
2017-10-15T20:56:34,222 [INFO ] (SimpleToyHandler.java:26) - 30
2017-10-15T20:56:34,223 [INFO ] (SimpleToyHandler.java:31) - width
2017-10-15T20:56:34,225 [INFO ] (SimpleToyHandler.java:26) - 
            
2017-10-15T20:56:34,226 [INFO ] (SimpleToyHandler.java:26) - 20
2017-10-15T20:56:34,227 [INFO ] (SimpleToyHandler.java:31) - heigth
2017-10-15T20:56:34,228 [INFO ] (SimpleToyHandler.java:26) - 
        
2017-10-15T20:56:34,230 [INFO ] (SimpleToyHandler.java:31) - external-parameters
2017-10-15T20:56:34,231 [INFO ] (SimpleToyHandler.java:26) - 
        
2017-10-15T20:56:34,232 [INFO ] (SimpleToyHandler.java:26) - PIPE
2017-10-15T20:56:34,234 [INFO ] (SimpleToyHandler.java:31) - type-music-toy
2017-10-15T20:56:34,235 [INFO ] (SimpleToyHandler.java:26) - 
        
2017-10-15T20:56:34,236 [INFO ] (SimpleToyHandler.java:26) - 12
2017-10-15T20:56:34,237 [INFO ] (SimpleToyHandler.java:31) - number-tones
2017-10-15T20:56:34,238 [INFO ] (SimpleToyHandler.java:26) - 
        
2017-10-15T20:56:34,239 [INFO ] (SimpleToyHandler.java:26) - YELLOW
2017-10-15T20:56:34,240 [INFO ] (SimpleToyHandler.java:31) - main-colour
2017-10-15T20:56:34,241 [INFO ] (SimpleToyHandler.java:26) - 
    
2017-10-15T20:56:34,242 [INFO ] (SimpleToyHandler.java:31) - music-toy
2017-10-15T20:56:34,243 [INFO ] (SimpleToyHandler.java:26) - 

2017-10-15T20:56:34,244 [INFO ] (SimpleToyHandler.java:31) - toys
2017-10-15T20:56:34,245 [INFO ] (SimpleToyHandler.java:36) - 
Parsing finished
2017-10-15T21:01:22,717 [INFO ] (SimpleToyHandler.java:26) - 

    
2017-10-15T21:01:22,735 [INFO ] (SimpleToyHandler.java:26) - 
        
2017-10-15T21:01:22,737 [INFO ] (SimpleToyHandler.java:26) - FunnyPiano
2017-10-15T21:01:22,738 [INFO ] (SimpleToyHandler.java:26) - 
        
2017-10-15T21:01:22,740 [INFO ] (SimpleToyHandler.java:26) - CHUI
2017-10-15T21:01:22,741 [INFO ] (SimpleToyHandler.java:26) - 
        
2017-10-15T21:01:22,742 [INFO ] (SimpleToyHandler.java:26) - PLASTIC
2017-10-15T21:01:22,743 [INFO ] (SimpleToyHandler.java:26) - 
        
2017-10-15T21:01:22,745 [INFO ] (SimpleToyHandler.java:26) - 120.00
2017-10-15T21:01:22,748 [INFO ] (SimpleToyHandler.java:26) - 
        
2017-10-15T21:01:22,750 [INFO ] (SimpleToyHandler.java:26) - 
            
2017-10-15T21:01:22,755 [INFO ] (SimpleToyHandler.java:26) - 2000
2017-10-15T21:01:22,757 [INFO ] (SimpleToyHandler.java:26) - 
            
2017-10-15T21:01:22,758 [INFO ] (SimpleToyHandler.java:26) - 60
2017-10-15T21:01:22,760 [INFO ] (SimpleToyHandler.java:26) - 
            
2017-10-15T21:01:22,761 [INFO ] (SimpleToyHandler.java:26) - 30
2017-10-15T21:01:22,762 [INFO ] (SimpleToyHandler.java:26) - 
            
2017-10-15T21:01:22,764 [INFO ] (SimpleToyHandler.java:26) - 10
2017-10-15T21:01:22,765 [INFO ] (SimpleToyHandler.java:26) - 
        
2017-10-15T21:01:22,766 [INFO ] (SimpleToyHandler.java:26) - 
        
2017-10-15T21:01:22,768 [INFO ] (SimpleToyHandler.java:26) - PIANO
2017-10-15T21:01:22,769 [INFO ] (SimpleToyHandler.java:26) - 
        
2017-10-15T21:01:22,770 [INFO ] (SimpleToyHandler.java:26) - 40
2017-10-15T21:01:22,771 [INFO ] (SimpleToyHandler.java:26) - 
        
2017-10-15T21:01:22,773 [INFO ] (SimpleToyHandler.java:26) - RED
2017-10-15T21:01:22,774 [INFO ] (SimpleToyHandler.java:26) - 
    
2017-10-15T21:01:22,775 [INFO ] (SimpleToyHandler.java:26) - 
    
2017-10-15T21:01:22,777 [INFO ] (SimpleToyHandler.java:26) - 
        
2017-10-15T21:01:22,779 [INFO ] (SimpleToyHandler.java:26) - dudka
2017-10-15T21:01:22,780 [INFO ] (SimpleToyHandler.java:26) - 
        
2017-10-15T21:01:22,782 [INFO ] (SimpleToyHandler.java:26) - polesie
2017-10-15T21:01:22,784 [INFO ] (SimpleToyHandler.java:26) - 
        
2017-10-15T21:01:22,785 [INFO ] (SimpleToyHandler.java:26) - PLASTIC
2017-10-15T21:01:22,787 [INFO ] (SimpleToyHandler.java:26) - 
        
2017-10-15T21:01:22,788 [INFO ] (SimpleToyHandler.java:26) - 7.50
2017-10-15T21:01:22,789 [INFO ] (SimpleToyHandler.java:26) - 
        
2017-10-15T21:01:22,791 [INFO ] (SimpleToyHandler.java:26) - 
            
2017-10-15T21:01:22,792 [INFO ] (SimpleToyHandler.java:26) - 300
2017-10-15T21:01:22,793 [INFO ] (SimpleToyHandler.java:26) - 
            
2017-10-15T21:01:22,794 [INFO ] (SimpleToyHandler.java:26) - 20
2017-10-15T21:01:22,796 [INFO ] (SimpleToyHandler.java:26) - 
            
2017-10-15T21:01:22,800 [INFO ] (SimpleToyHandler.java:26) - 30
2017-10-15T21:01:22,802 [INFO ] (SimpleToyHandler.java:26) - 
            
2017-10-15T21:01:22,803 [INFO ] (SimpleToyHandler.java:26) - 20
2017-10-15T21:01:22,804 [INFO ] (SimpleToyHandler.java:26) - 
        
2017-10-15T21:01:22,806 [INFO ] (SimpleToyHandler.java:26) - 
        
2017-10-15T21:01:22,807 [INFO ] (SimpleToyHandler.java:26) - PIPE
2017-10-15T21:01:22,809 [INFO ] (SimpleToyHandler.java:26) - 
        
2017-10-15T21:01:22,810 [INFO ] (SimpleToyHandler.java:26) - 12
2017-10-15T21:01:22,811 [INFO ] (SimpleToyHandler.java:26) - 
        
2017-10-15T21:01:22,813 [INFO ] (SimpleToyHandler.java:26) - YELLOW
2017-10-15T21:01:22,814 [INFO ] (SimpleToyHandler.java:26) - 
    
2017-10-15T21:01:22,816 [INFO ] (SimpleToyHandler.java:26) - 

2017-10-15T21:03:45,568 [INFO ] (TestSax.java:40) - []
2017-10-15T21:13:06,775 [INFO ] (TestSax.java:40) - []
2017-10-15T21:26:36,070 [INFO ] (ActionToy.java:27) - XML file has been created
2017-10-15T21:26:36,578 [ERROR] (ActionToy.java:51) - JAXB-context wrong 
javax.xml.bind.UnmarshalException: null
	at javax.xml.bind.helpers.AbstractUnmarshallerImpl.createUnmarshalException(AbstractUnmarshallerImpl.java:335) ~[?:1.8.0_74]
	at com.sun.xml.internal.bind.v2.runtime.unmarshaller.UnmarshallerImpl.createUnmarshalException(UnmarshallerImpl.java:563) ~[?:1.8.0_74]
	at com.sun.xml.internal.bind.v2.runtime.unmarshaller.UnmarshallerImpl.unmarshal0(UnmarshallerImpl.java:249) ~[?:1.8.0_74]
	at com.sun.xml.internal.bind.v2.runtime.unmarshaller.UnmarshallerImpl.unmarshal(UnmarshallerImpl.java:214) ~[?:1.8.0_74]
	at javax.xml.bind.helpers.AbstractUnmarshallerImpl.unmarshal(AbstractUnmarshallerImpl.java:157) ~[?:1.8.0_74]
	at javax.xml.bind.helpers.AbstractUnmarshallerImpl.unmarshal(AbstractUnmarshallerImpl.java:162) ~[?:1.8.0_74]
	at javax.xml.bind.helpers.AbstractUnmarshallerImpl.unmarshal(AbstractUnmarshallerImpl.java:171) ~[?:1.8.0_74]
	at javax.xml.bind.helpers.AbstractUnmarshallerImpl.unmarshal(AbstractUnmarshallerImpl.java:189) ~[?:1.8.0_74]
	at by.kastsiuchenka.third.marshal.ActionToy.useUnMarshalWithXSD(ActionToy.java:49) [project1/:?]
	at test.by.kastsiuchenka.third.TestMarshaller.testUnMarshalWithXSD(TestMarshaller.java:48) [project1/:?]
	at sun.reflect.NativeMethodAccessorImpl.invoke0(Native Method) ~[?:1.8.0_74]
	at sun.reflect.NativeMethodAccessorImpl.invoke(NativeMethodAccessorImpl.java:62) ~[?:1.8.0_74]
	at sun.reflect.DelegatingMethodAccessorImpl.invoke(DelegatingMethodAccessorImpl.java:43) ~[?:1.8.0_74]
	at java.lang.reflect.Method.invoke(Method.java:498) ~[?:1.8.0_74]
	at org.testng.internal.MethodInvocationHelper.invokeMethod(MethodInvocationHelper.java:84) [testng-6.8.7.jar:?]
	at org.testng.internal.Invoker.invokeMethod(Invoker.java:714) [testng-6.8.7.jar:?]
	at org.testng.internal.Invoker.invokeTestMethod(Invoker.java:901) [testng-6.8.7.jar:?]
	at org.testng.internal.Invoker.invokeTestMethods(Invoker.java:1231) [testng-6.8.7.jar:?]
	at org.testng.internal.TestMethodWorker.invokeTestMethods(TestMethodWorker.java:127) [testng-6.8.7.jar:?]
	at org.testng.internal.TestMethodWorker.run(TestMethodWorker.java:111) [testng-6.8.7.jar:?]
	at org.testng.TestRunner.privateRun(TestRunner.java:767) [testng-6.8.7.jar:?]
	at org.testng.TestRunner.run(TestRunner.java:617) [testng-6.8.7.jar:?]
	at org.testng.SuiteRunner.runTest(SuiteRunner.java:334) [testng-6.8.7.jar:?]
	at org.testng.SuiteRunner.runSequentially(SuiteRunner.java:329) [testng-6.8.7.jar:?]
	at org.testng.SuiteRunner.privateRun(SuiteRunner.java:291) [testng-6.8.7.jar:?]
	at org.testng.SuiteRunner.run(SuiteRunner.java:240) [testng-6.8.7.jar:?]
	at org.testng.SuiteRunnerWorker.runSuite(SuiteRunnerWorker.java:52) [testng-6.8.7.jar:?]
	at org.testng.SuiteRunnerWorker.run(SuiteRunnerWorker.java:86) [testng-6.8.7.jar:?]
	at org.testng.TestNG.runSuitesSequentially(TestNG.java:1224) [testng-6.8.7.jar:?]
	at org.testng.TestNG.runSuitesLocally(TestNG.java:1149) [testng-6.8.7.jar:?]
	at org.testng.TestNG.run(TestNG.java:1057) [testng-6.8.7.jar:?]
	at org.testng.IDEARemoteTestNG.run(IDEARemoteTestNG.java:72) [testng-plugin.jar:?]
	at org.testng.RemoteTestNGStarter.main(RemoteTestNGStarter.java:123) [testng-plugin.jar:?]
Caused by: org.xml.sax.SAXParseException: cvc-elt.1: Cannot find the declaration of element 'toys'.
	at com.sun.org.apache.xerces.internal.util.ErrorHandlerWrapper.createSAXParseException(ErrorHandlerWrapper.java:203) ~[?:1.8.0_74]
	at com.sun.org.apache.xerces.internal.util.ErrorHandlerWrapper.error(ErrorHandlerWrapper.java:134) ~[?:1.8.0_74]
	at com.sun.org.apache.xerces.internal.impl.XMLErrorReporter.reportError(XMLErrorReporter.java:396) ~[?:1.8.0_74]
	at com.sun.org.apache.xerces.internal.impl.XMLErrorReporter.reportError(XMLErrorReporter.java:327) ~[?:1.8.0_74]
	at com.sun.org.apache.xerces.internal.impl.XMLErrorReporter.reportError(XMLErrorReporter.java:284) ~[?:1.8.0_74]
	at com.sun.org.apache.xerces.internal.impl.xs.XMLSchemaValidator.handleStartElement(XMLSchemaValidator.java:1900) ~[?:1.8.0_74]
	at com.sun.org.apache.xerces.internal.impl.xs.XMLSchemaValidator.startElement(XMLSchemaValidator.java:740) ~[?:1.8.0_74]
	at com.sun.org.apache.xerces.internal.jaxp.validation.ValidatorHandlerImpl.startElement(ValidatorHandlerImpl.java:570) ~[?:1.8.0_74]
	at com.sun.xml.internal.bind.v2.runtime.unmarshaller.ValidatingUnmarshaller.startElement(ValidatingUnmarshaller.java:86) ~[?:1.8.0_74]
	at com.sun.xml.internal.bind.v2.runtime.unmarshaller.SAXConnector.startElement(SAXConnector.java:153) ~[?:1.8.0_74]
	at com.sun.org.apache.xerces.internal.parsers.AbstractSAXParser.startElement(AbstractSAXParser.java:509) ~[?:1.8.0_74]
	at com.sun.org.apache.xerces.internal.impl.XMLNSDocumentScannerImpl.scanStartElement(XMLNSDocumentScannerImpl.java:380) ~[?:1.8.0_74]
	at com.sun.org.apache.xerces.internal.impl.XMLNSDocumentScannerImpl$NSContentDriver.scanRootElementHook(XMLNSDocumentScannerImpl.java:614) ~[?:1.8.0_74]
	at com.sun.org.apache.xerces.internal.impl.XMLDocumentFragmentScannerImpl$FragmentContentDriver.next(XMLDocumentFragmentScannerImpl.java:3135) ~[?:1.8.0_74]
	at com.sun.org.apache.xerces.internal.impl.XMLDocumentScannerImpl$PrologDriver.next(XMLDocumentScannerImpl.java:880) ~[?:1.8.0_74]
	at com.sun.org.apache.xerces.internal.impl.XMLDocumentScannerImpl.next(XMLDocumentScannerImpl.java:606) ~[?:1.8.0_74]
	at com.sun.org.apache.xerces.internal.impl.XMLNSDocumentScannerImpl.next(XMLNSDocumentScannerImpl.java:118) ~[?:1.8.0_74]
	at com.sun.org.apache.xerces.internal.impl.XMLDocumentFragmentScannerImpl.scanDocument(XMLDocumentFragmentScannerImpl.java:510) ~[?:1.8.0_74]
	at com.sun.org.apache.xerces.internal.parsers.XML11Configuration.parse(XML11Configuration.java:848) ~[?:1.8.0_74]
	at com.sun.org.apache.xerces.internal.parsers.XML11Configuration.parse(XML11Configuration.java:777) ~[?:1.8.0_74]
	at com.sun.org.apache.xerces.internal.parsers.XMLParser.parse(XMLParser.java:141) ~[?:1.8.0_74]
	at com.sun.org.apache.xerces.internal.parsers.AbstractSAXParser.parse(AbstractSAXParser.java:1213) ~[?:1.8.0_74]
	at com.sun.org.apache.xerces.internal.jaxp.SAXParserImpl$JAXPSAXParser.parse(SAXParserImpl.java:643) ~[?:1.8.0_74]
	at com.sun.xml.internal.bind.v2.runtime.unmarshaller.UnmarshallerImpl.unmarshal0(UnmarshallerImpl.java:243) ~[?:1.8.0_74]
	... 30 more
2017-10-15T21:26:36,644 [INFO ] (SimpleToyHandler.java:26) - 

    
2017-10-15T21:26:36,644 [INFO ] (SimpleToyHandler.java:26) - 
        
2017-10-15T21:26:36,644 [INFO ] (SimpleToyHandler.java:26) - FunnyPiano
2017-10-15T21:26:36,644 [INFO ] (SimpleToyHandler.java:26) - 
        
2017-10-15T21:26:36,644 [INFO ] (SimpleToyHandler.java:26) - CHUI
2017-10-15T21:26:36,644 [INFO ] (SimpleToyHandler.java:26) - 
        
2017-10-15T21:26:36,644 [INFO ] (SimpleToyHandler.java:26) - PLASTIC
2017-10-15T21:26:36,644 [INFO ] (SimpleToyHandler.java:26) - 
        
2017-10-15T21:26:36,644 [INFO ] (SimpleToyHandler.java:26) - 120.00
2017-10-15T21:26:36,644 [INFO ] (SimpleToyHandler.java:26) - 
        
2017-10-15T21:26:36,644 [INFO ] (SimpleToyHandler.java:26) - 
            
2017-10-15T21:26:36,644 [INFO ] (SimpleToyHandler.java:26) - 2000
2017-10-15T21:26:36,644 [INFO ] (SimpleToyHandler.java:26) - 
            
2017-10-15T21:26:36,660 [INFO ] (SimpleToyHandler.java:26) - 60
2017-10-15T21:26:36,660 [INFO ] (SimpleToyHandler.java:26) - 
            
2017-10-15T21:26:36,662 [INFO ] (SimpleToyHandler.java:26) - 30
2017-10-15T21:26:36,663 [INFO ] (SimpleToyHandler.java:26) - 
            
2017-10-15T21:26:36,664 [INFO ] (SimpleToyHandler.java:26) - 10
2017-10-15T21:26:36,665 [INFO ] (SimpleToyHandler.java:26) - 
        
2017-10-15T21:26:36,666 [INFO ] (SimpleToyHandler.java:26) - 
        
2017-10-15T21:26:36,666 [INFO ] (SimpleToyHandler.java:26) - PIANO
2017-10-15T21:26:36,667 [INFO ] (SimpleToyHandler.java:26) - 
        
2017-10-15T21:26:36,668 [INFO ] (SimpleToyHandler.java:26) - 40
2017-10-15T21:26:36,668 [INFO ] (SimpleToyHandler.java:26) - 
        
2017-10-15T21:26:36,669 [INFO ] (SimpleToyHandler.java:26) - RED
2017-10-15T21:26:36,670 [INFO ] (SimpleToyHandler.java:26) - 
    
2017-10-15T21:26:36,671 [INFO ] (SimpleToyHandler.java:26) - 
    
2017-10-15T21:26:36,672 [INFO ] (SimpleToyHandler.java:26) - 
        
2017-10-15T21:26:36,673 [INFO ] (SimpleToyHandler.java:26) - dudka
2017-10-15T21:26:36,673 [INFO ] (SimpleToyHandler.java:26) - 
        
2017-10-15T21:26:36,674 [INFO ] (SimpleToyHandler.java:26) - polesie
2017-10-15T21:26:36,675 [INFO ] (SimpleToyHandler.java:26) - 
        
2017-10-15T21:26:36,675 [INFO ] (SimpleToyHandler.java:26) - PLASTIC
2017-10-15T21:26:36,676 [INFO ] (SimpleToyHandler.java:26) - 
        
2017-10-15T21:26:36,677 [INFO ] (SimpleToyHandler.java:26) - 7.50
2017-10-15T21:26:36,677 [INFO ] (SimpleToyHandler.java:26) - 
        
2017-10-15T21:26:36,678 [INFO ] (SimpleToyHandler.java:26) - 
            
2017-10-15T21:26:36,679 [INFO ] (SimpleToyHandler.java:26) - 300
2017-10-15T21:26:36,679 [INFO ] (SimpleToyHandler.java:26) - 
            
2017-10-15T21:26:36,680 [INFO ] (SimpleToyHandler.java:26) - 20
2017-10-15T21:26:36,681 [INFO ] (SimpleToyHandler.java:26) - 
            
2017-10-15T21:26:36,681 [INFO ] (SimpleToyHandler.java:26) - 30
2017-10-15T21:26:36,682 [INFO ] (SimpleToyHandler.java:26) - 
            
2017-10-15T21:26:36,683 [INFO ] (SimpleToyHandler.java:26) - 20
2017-10-15T21:26:36,683 [INFO ] (SimpleToyHandler.java:26) - 
        
2017-10-15T21:26:36,684 [INFO ] (SimpleToyHandler.java:26) - 
        
2017-10-15T21:26:36,685 [INFO ] (SimpleToyHandler.java:26) - PIPE
2017-10-15T21:26:36,685 [INFO ] (SimpleToyHandler.java:26) - 
        
2017-10-15T21:26:36,686 [INFO ] (SimpleToyHandler.java:26) - 12
2017-10-15T21:26:36,687 [INFO ] (SimpleToyHandler.java:26) - 
        
2017-10-15T21:26:36,688 [INFO ] (SimpleToyHandler.java:26) - YELLOW
2017-10-15T21:26:36,688 [INFO ] (SimpleToyHandler.java:26) - 
    
2017-10-15T21:26:36,689 [INFO ] (SimpleToyHandler.java:26) - 
    
2017-10-15T21:26:36,690 [INFO ] (SimpleToyHandler.java:26) - 
        
2017-10-15T21:26:36,691 [INFO ] (SimpleToyHandler.java:26) - molniya
2017-10-15T21:26:36,691 [INFO ] (SimpleToyHandler.java:26) - 
        
2017-10-15T21:26:36,692 [INFO ] (SimpleToyHandler.java:26) - polesie
2017-10-15T21:26:36,693 [INFO ] (SimpleToyHandler.java:26) - 
        
2017-10-15T21:26:36,693 [INFO ] (SimpleToyHandler.java:26) - PLASTIC
2017-10-15T21:26:36,694 [INFO ] (SimpleToyHandler.java:26) - 
        
2017-10-15T21:26:36,695 [INFO ] (SimpleToyHandler.java:26) - 12.00
2017-10-15T21:26:36,695 [INFO ] (SimpleToyHandler.java:26) - 
        
2017-10-15T21:26:36,696 [INFO ] (SimpleToyHandler.java:26) - 
            
2017-10-15T21:26:36,697 [INFO ] (SimpleToyHandler.java:26) - 250
2017-10-15T21:26:36,698 [INFO ] (SimpleToyHandler.java:26) - 
            
2017-10-15T21:26:36,698 [INFO ] (SimpleToyHandler.java:26) - 15
2017-10-15T21:26:36,699 [INFO ] (SimpleToyHandler.java:26) - 
            
2017-10-15T21:26:36,700 [INFO ] (SimpleToyHandler.java:26) - 15
2017-10-15T21:26:36,700 [INFO ] (SimpleToyHandler.java:26) - 
            
2017-10-15T21:26:36,701 [INFO ] (SimpleToyHandler.java:26) - 15
2017-10-15T21:26:36,702 [INFO ] (SimpleToyHandler.java:26) - 
        
2017-10-15T21:26:36,702 [INFO ] (SimpleToyHandler.java:26) - 
        
2017-10-15T21:26:36,703 [INFO ] (SimpleToyHandler.java:26) - SPORTCAR
2017-10-15T21:26:36,704 [INFO ] (SimpleToyHandler.java:26) - 
        
2017-10-15T21:26:36,704 [INFO ] (SimpleToyHandler.java:26) - MANUAL
2017-10-15T21:26:36,705 [INFO ] (SimpleToyHandler.java:26) - 
        
2017-10-15T21:26:36,706 [INFO ] (SimpleToyHandler.java:26) - RED
2017-10-15T21:26:36,706 [INFO ] (SimpleToyHandler.java:26) - 
    
2017-10-15T21:26:36,707 [INFO ] (SimpleToyHandler.java:26) - 
    
2017-10-15T21:26:36,708 [INFO ] (SimpleToyHandler.java:26) - 
        
2017-10-15T21:26:36,708 [INFO ] (SimpleToyHandler.java:26) - baraban
2017-10-15T21:26:36,709 [INFO ] (SimpleToyHandler.java:26) - 
        
2017-10-15T21:26:36,709 [INFO ] (SimpleToyHandler.java:26) - mali
2017-10-15T21:26:36,710 [INFO ] (SimpleToyHandler.java:26) - 
        
2017-10-15T21:26:36,711 [INFO ] (SimpleToyHandler.java:26) - PLASTIC
2017-10-15T21:26:36,711 [INFO ] (SimpleToyHandler.java:26) - 
        
2017-10-15T21:26:36,712 [INFO ] (SimpleToyHandler.java:26) - 7.50
2017-10-15T21:26:36,713 [INFO ] (SimpleToyHandler.java:26) - 
        
2017-10-15T21:26:36,713 [INFO ] (SimpleToyHandler.java:26) - 
            
2017-10-15T21:26:36,714 [INFO ] (SimpleToyHandler.java:26) - 300
2017-10-15T21:26:36,715 [INFO ] (SimpleToyHandler.java:26) - 
            
2017-10-15T21:26:36,715 [INFO ] (SimpleToyHandler.java:26) - 20
2017-10-15T21:26:36,716 [INFO ] (SimpleToyHandler.java:26) - 
            
2017-10-15T21:26:36,717 [INFO ] (SimpleToyHandler.java:26) - 30
2017-10-15T21:26:36,717 [INFO ] (SimpleToyHandler.java:26) - 
            
2017-10-15T21:26:36,718 [INFO ] (SimpleToyHandler.java:26) - 20
2017-10-15T21:26:36,718 [INFO ] (SimpleToyHandler.java:26) - 
        
2017-10-15T21:26:36,719 [INFO ] (SimpleToyHandler.java:26) - 
        
2017-10-15T21:26:36,720 [INFO ] (SimpleToyHandler.java:26) - Drum
2017-10-15T21:26:36,720 [INFO ] (SimpleToyHandler.java:26) - 
        
2017-10-15T21:26:36,721 [INFO ] (SimpleToyHandler.java:26) - 12
2017-10-15T21:26:36,722 [INFO ] (SimpleToyHandler.java:26) - 
        
2017-10-15T21:26:36,722 [INFO ] (SimpleToyHandler.java:26) - YELLOW
2017-10-15T21:26:36,723 [INFO ] (SimpleToyHandler.java:26) - 
    
2017-10-15T21:26:36,724 [INFO ] (SimpleToyHandler.java:26) - 
    
2017-10-15T21:26:36,724 [INFO ] (SimpleToyHandler.java:26) - 
        
2017-10-15T21:26:36,724 [INFO ] (SimpleToyHandler.java:26) - 1234
2017-10-15T21:26:36,724 [INFO ] (SimpleToyHandler.java:26) - 
        
2017-10-15T21:26:36,724 [INFO ] (SimpleToyHandler.java:26) - malan
2017-10-15T21:26:36,724 [INFO ] (SimpleToyHandler.java:26) - 
        
2017-10-15T21:26:36,724 [INFO ] (SimpleToyHandler.java:26) - PLASTIC
2017-10-15T21:26:36,724 [INFO ] (SimpleToyHandler.java:26) - 
        
2017-10-15T21:26:36,724 [INFO ] (SimpleToyHandler.java:26) - 100
2017-10-15T21:26:36,724 [INFO ] (SimpleToyHandler.java:26) - 
        
2017-10-15T21:26:36,724 [INFO ] (SimpleToyHandler.java:26) - 
            
2017-10-15T21:26:36,724 [INFO ] (SimpleToyHandler.java:26) - 300
2017-10-15T21:26:36,724 [INFO ] (SimpleToyHandler.java:26) - 
            
2017-10-15T21:26:36,724 [INFO ] (SimpleToyHandler.java:26) - 20
2017-10-15T21:26:36,724 [INFO ] (SimpleToyHandler.java:26) - 
            
2017-10-15T21:26:36,724 [INFO ] (SimpleToyHandler.java:26) - 30
2017-10-15T21:26:36,724 [INFO ] (SimpleToyHandler.java:26) - 
            
2017-10-15T21:26:36,724 [INFO ] (SimpleToyHandler.java:26) - 20
2017-10-15T21:26:36,724 [INFO ] (SimpleToyHandler.java:26) - 
        
2017-10-15T21:26:36,724 [INFO ] (SimpleToyHandler.java:26) - 
        
2017-10-15T21:26:36,724 [INFO ] (SimpleToyHandler.java:26) - XYLOPHONE
2017-10-15T21:26:36,724 [INFO ] (SimpleToyHandler.java:26) - 
        
2017-10-15T21:26:36,724 [INFO ] (SimpleToyHandler.java:26) - 12
2017-10-15T21:26:36,724 [INFO ] (SimpleToyHandler.java:26) - 
        
2017-10-15T21:26:36,724 [INFO ] (SimpleToyHandler.java:26) - YELLOW
2017-10-15T21:26:36,740 [INFO ] (SimpleToyHandler.java:26) - 
    
2017-10-15T21:26:36,740 [INFO ] (SimpleToyHandler.java:26) - 
    
2017-10-15T21:26:36,742 [INFO ] (SimpleToyHandler.java:26) - 
        
2017-10-15T21:26:36,742 [INFO ] (SimpleToyHandler.java:26) - pulya
2017-10-15T21:26:36,742 [INFO ] (SimpleToyHandler.java:26) - 
        
2017-10-15T21:26:36,742 [INFO ] (SimpleToyHandler.java:26) - polesie
2017-10-15T21:26:36,742 [INFO ] (SimpleToyHandler.java:26) - 
        
2017-10-15T21:26:36,742 [INFO ] (SimpleToyHandler.java:26) - PLASTIC
2017-10-15T21:26:36,742 [INFO ] (SimpleToyHandler.java:26) - 
        
2017-10-15T21:26:36,742 [INFO ] (SimpleToyHandler.java:26) - 12.00
2017-10-15T21:26:36,742 [INFO ] (SimpleToyHandler.java:26) - 
        
2017-10-15T21:26:36,742 [INFO ] (SimpleToyHandler.java:26) - 
            
2017-10-15T21:26:36,742 [INFO ] (SimpleToyHandler.java:26) - 250
2017-10-15T21:26:36,742 [INFO ] (SimpleToyHandler.java:26) - 
            
2017-10-15T21:26:36,742 [INFO ] (SimpleToyHandler.java:26) - 15
2017-10-15T21:26:36,742 [INFO ] (SimpleToyHandler.java:26) - 
            
2017-10-15T21:26:36,742 [INFO ] (SimpleToyHandler.java:26) - 15
2017-10-15T21:26:36,742 [INFO ] (SimpleToyHandler.java:26) - 
            
2017-10-15T21:26:36,742 [INFO ] (SimpleToyHandler.java:26) - 15
2017-10-15T21:26:36,742 [INFO ] (SimpleToyHandler.java:26) - 
        
2017-10-15T21:26:36,742 [INFO ] (SimpleToyHandler.java:26) - 
        
2017-10-15T21:26:36,742 [INFO ] (SimpleToyHandler.java:26) - SPORTCAR
2017-10-15T21:26:36,742 [INFO ] (SimpleToyHandler.java:26) - 
        
2017-10-15T21:26:36,742 [INFO ] (SimpleToyHandler.java:26) - MANUAL
2017-10-15T21:26:36,742 [INFO ] (SimpleToyHandler.java:26) - 
        
2017-10-15T21:26:36,742 [INFO ] (SimpleToyHandler.java:26) - RED
2017-10-15T21:26:36,742 [INFO ] (SimpleToyHandler.java:26) - 
    
2017-10-15T21:26:36,742 [INFO ] (SimpleToyHandler.java:26) - 
    
2017-10-15T21:26:36,757 [INFO ] (SimpleToyHandler.java:26) - 
        
2017-10-15T21:26:36,757 [INFO ] (SimpleToyHandler.java:26) - shmulya
2017-10-15T21:26:36,757 [INFO ] (SimpleToyHandler.java:26) - 
        
2017-10-15T21:26:36,757 [INFO ] (SimpleToyHandler.java:26) - polesie
2017-10-15T21:26:36,757 [INFO ] (SimpleToyHandler.java:26) - 
        
2017-10-15T21:26:36,757 [INFO ] (SimpleToyHandler.java:26) - PLASTIC
2017-10-15T21:26:36,757 [INFO ] (SimpleToyHandler.java:26) - 
        
2017-10-15T21:26:36,757 [INFO ] (SimpleToyHandler.java:26) - 12.00
2017-10-15T21:26:36,757 [INFO ] (SimpleToyHandler.java:26) - 
        
2017-10-15T21:26:36,757 [INFO ] (SimpleToyHandler.java:26) - 
            
2017-10-15T21:26:36,757 [INFO ] (SimpleToyHandler.java:26) - 250
2017-10-15T21:26:36,757 [INFO ] (SimpleToyHandler.java:26) - 
            
2017-10-15T21:26:36,757 [INFO ] (SimpleToyHandler.java:26) - 15
2017-10-15T21:26:36,757 [INFO ] (SimpleToyHandler.java:26) - 
            
2017-10-15T21:26:36,757 [INFO ] (SimpleToyHandler.java:26) - 40
2017-10-15T21:26:36,773 [INFO ] (SimpleToyHandler.java:26) - 
            
2017-10-15T21:26:36,773 [INFO ] (SimpleToyHandler.java:26) - 15
2017-10-15T21:26:36,773 [INFO ] (SimpleToyHandler.java:26) - 
        
2017-10-15T21:26:36,773 [INFO ] (SimpleToyHandler.java:26) - 
        
2017-10-15T21:26:36,773 [INFO ] (SimpleToyHandler.java:26) - TRUCK
2017-10-15T21:26:36,773 [INFO ] (SimpleToyHandler.java:26) - 
        
2017-10-15T21:26:36,773 [INFO ] (SimpleToyHandler.java:26) - RADIO
2017-10-15T21:26:36,773 [INFO ] (SimpleToyHandler.java:26) - 
        
2017-10-15T21:26:36,773 [INFO ] (SimpleToyHandler.java:26) - RED
2017-10-15T21:26:36,773 [INFO ] (SimpleToyHandler.java:26) - 
    
2017-10-15T21:26:36,773 [INFO ] (SimpleToyHandler.java:26) - 
    
2017-10-15T21:26:36,773 [INFO ] (SimpleToyHandler.java:26) - 
        
2017-10-15T21:26:36,773 [INFO ] (SimpleToyHandler.java:26) - molniya
2017-10-15T21:26:36,773 [INFO ] (SimpleToyHandler.java:26) - 
        
2017-10-15T21:26:36,773 [INFO ] (SimpleToyHandler.java:26) - polesie
2017-10-15T21:26:36,773 [INFO ] (SimpleToyHandler.java:26) - 
        
2017-10-15T21:26:36,773 [INFO ] (SimpleToyHandler.java:26) - PLASTIC
2017-10-15T21:26:36,773 [INFO ] (SimpleToyHandler.java:26) - 
        
2017-10-15T21:26:36,789 [INFO ] (SimpleToyHandler.java:26) - 12.00
2017-10-15T21:26:36,789 [INFO ] (SimpleToyHandler.java:26) - 
        
2017-10-15T21:26:36,789 [INFO ] (SimpleToyHandler.java:26) - 
            
2017-10-15T21:26:36,789 [INFO ] (SimpleToyHandler.java:26) - 250
2017-10-15T21:26:36,789 [INFO ] (SimpleToyHandler.java:26) - 
            
2017-10-15T21:26:36,789 [INFO ] (SimpleToyHandler.java:26) - 15
2017-10-15T21:26:36,789 [INFO ] (SimpleToyHandler.java:26) - 
            
2017-10-15T21:26:36,789 [INFO ] (SimpleToyHandler.java:26) - 15
2017-10-15T21:26:36,789 [INFO ] (SimpleToyHandler.java:26) - 
            
2017-10-15T21:26:36,789 [INFO ] (SimpleToyHandler.java:26) - 15
2017-10-15T21:26:36,789 [INFO ] (SimpleToyHandler.java:26) - 
        
2017-10-15T21:26:36,789 [INFO ] (SimpleToyHandler.java:26) - 
        
2017-10-15T21:26:36,789 [INFO ] (SimpleToyHandler.java:26) - TRUCK
2017-10-15T21:26:36,789 [INFO ] (SimpleToyHandler.java:26) - 
        
2017-10-15T21:26:36,804 [INFO ] (SimpleToyHandler.java:26) - MANUAL
2017-10-15T21:26:36,804 [INFO ] (SimpleToyHandler.java:26) - 
        
2017-10-15T21:26:36,804 [INFO ] (SimpleToyHandler.java:26) - RED
2017-10-15T21:26:36,804 [INFO ] (SimpleToyHandler.java:26) - 
    
2017-10-15T21:26:36,804 [INFO ] (SimpleToyHandler.java:26) - 
    
2017-10-15T21:26:36,804 [INFO ] (SimpleToyHandler.java:26) - 
        
2017-10-15T21:26:36,804 [INFO ] (SimpleToyHandler.java:26) - pogruzchk
2017-10-15T21:26:36,804 [INFO ] (SimpleToyHandler.java:26) - 
        
2017-10-15T21:26:36,804 [INFO ] (SimpleToyHandler.java:26) - polesie
2017-10-15T21:26:36,804 [INFO ] (SimpleToyHandler.java:26) - 
        
2017-10-15T21:26:36,804 [INFO ] (SimpleToyHandler.java:26) - PLASTIC
2017-10-15T21:26:36,804 [INFO ] (SimpleToyHandler.java:26) - 
        
2017-10-15T21:26:36,804 [INFO ] (SimpleToyHandler.java:26) - 12.00
2017-10-15T21:26:36,804 [INFO ] (SimpleToyHandler.java:26) - 
        
2017-10-15T21:26:36,804 [INFO ] (SimpleToyHandler.java:26) - 
            
2017-10-15T21:26:36,804 [INFO ] (SimpleToyHandler.java:26) - 400
2017-10-15T21:26:36,804 [INFO ] (SimpleToyHandler.java:26) - 
            
2017-10-15T21:26:36,820 [INFO ] (SimpleToyHandler.java:26) - 15
2017-10-15T21:26:36,820 [INFO ] (SimpleToyHandler.java:26) - 
            
2017-10-15T21:26:36,820 [INFO ] (SimpleToyHandler.java:26) - 15
2017-10-15T21:26:36,820 [INFO ] (SimpleToyHandler.java:26) - 
            
2017-10-15T21:26:36,820 [INFO ] (SimpleToyHandler.java:26) - 15
2017-10-15T21:26:36,820 [INFO ] (SimpleToyHandler.java:26) - 
        
2017-10-15T21:26:36,820 [INFO ] (SimpleToyHandler.java:26) - 
        
2017-10-15T21:26:36,820 [INFO ] (SimpleToyHandler.java:26) - TRUCK
2017-10-15T21:26:36,820 [INFO ] (SimpleToyHandler.java:26) - 
        
2017-10-15T21:26:36,820 [INFO ] (SimpleToyHandler.java:26) - MANUAL
2017-10-15T21:26:36,820 [INFO ] (SimpleToyHandler.java:26) - 
        
2017-10-15T21:26:36,820 [INFO ] (SimpleToyHandler.java:26) - RED
2017-10-15T21:26:36,820 [INFO ] (SimpleToyHandler.java:26) - 
    
2017-10-15T21:26:36,820 [INFO ] (SimpleToyHandler.java:26) - 

2017-10-15T23:46:20,748 [INFO ] (ActionToy.java:26) - XML file has been created
2017-10-15T23:46:21,250 [ERROR] (ActionToy.java:49) - JAXB-context wrong 
javax.xml.bind.UnmarshalException: null
	at javax.xml.bind.helpers.AbstractUnmarshallerImpl.createUnmarshalException(AbstractUnmarshallerImpl.java:335) ~[?:1.8.0_74]
	at com.sun.xml.internal.bind.v2.runtime.unmarshaller.UnmarshallerImpl.createUnmarshalException(UnmarshallerImpl.java:563) ~[?:1.8.0_74]
	at com.sun.xml.internal.bind.v2.runtime.unmarshaller.UnmarshallerImpl.unmarshal0(UnmarshallerImpl.java:249) ~[?:1.8.0_74]
	at com.sun.xml.internal.bind.v2.runtime.unmarshaller.UnmarshallerImpl.unmarshal(UnmarshallerImpl.java:214) ~[?:1.8.0_74]
	at javax.xml.bind.helpers.AbstractUnmarshallerImpl.unmarshal(AbstractUnmarshallerImpl.java:157) ~[?:1.8.0_74]
	at javax.xml.bind.helpers.AbstractUnmarshallerImpl.unmarshal(AbstractUnmarshallerImpl.java:162) ~[?:1.8.0_74]
	at javax.xml.bind.helpers.AbstractUnmarshallerImpl.unmarshal(AbstractUnmarshallerImpl.java:171) ~[?:1.8.0_74]
	at javax.xml.bind.helpers.AbstractUnmarshallerImpl.unmarshal(AbstractUnmarshallerImpl.java:189) ~[?:1.8.0_74]
	at by.kastsiuchenka.third.marshal.ActionToy.useUnMarshalWithXSD(ActionToy.java:47) [project1/:?]
	at test.by.kastsiuchenka.third.TestMarshaller.testUnMarshalWithXSD(TestMarshaller.java:48) [project1/:?]
	at sun.reflect.NativeMethodAccessorImpl.invoke0(Native Method) ~[?:1.8.0_74]
	at sun.reflect.NativeMethodAccessorImpl.invoke(NativeMethodAccessorImpl.java:62) ~[?:1.8.0_74]
	at sun.reflect.DelegatingMethodAccessorImpl.invoke(DelegatingMethodAccessorImpl.java:43) ~[?:1.8.0_74]
	at java.lang.reflect.Method.invoke(Method.java:498) ~[?:1.8.0_74]
	at org.testng.internal.MethodInvocationHelper.invokeMethod(MethodInvocationHelper.java:84) [testng-6.8.7.jar:?]
	at org.testng.internal.Invoker.invokeMethod(Invoker.java:714) [testng-6.8.7.jar:?]
	at org.testng.internal.Invoker.invokeTestMethod(Invoker.java:901) [testng-6.8.7.jar:?]
	at org.testng.internal.Invoker.invokeTestMethods(Invoker.java:1231) [testng-6.8.7.jar:?]
	at org.testng.internal.TestMethodWorker.invokeTestMethods(TestMethodWorker.java:127) [testng-6.8.7.jar:?]
	at org.testng.internal.TestMethodWorker.run(TestMethodWorker.java:111) [testng-6.8.7.jar:?]
	at org.testng.TestRunner.privateRun(TestRunner.java:767) [testng-6.8.7.jar:?]
	at org.testng.TestRunner.run(TestRunner.java:617) [testng-6.8.7.jar:?]
	at org.testng.SuiteRunner.runTest(SuiteRunner.java:334) [testng-6.8.7.jar:?]
	at org.testng.SuiteRunner.runSequentially(SuiteRunner.java:329) [testng-6.8.7.jar:?]
	at org.testng.SuiteRunner.privateRun(SuiteRunner.java:291) [testng-6.8.7.jar:?]
	at org.testng.SuiteRunner.run(SuiteRunner.java:240) [testng-6.8.7.jar:?]
	at org.testng.SuiteRunnerWorker.runSuite(SuiteRunnerWorker.java:52) [testng-6.8.7.jar:?]
	at org.testng.SuiteRunnerWorker.run(SuiteRunnerWorker.java:86) [testng-6.8.7.jar:?]
	at org.testng.TestNG.runSuitesSequentially(TestNG.java:1224) [testng-6.8.7.jar:?]
	at org.testng.TestNG.runSuitesLocally(TestNG.java:1149) [testng-6.8.7.jar:?]
	at org.testng.TestNG.run(TestNG.java:1057) [testng-6.8.7.jar:?]
	at org.testng.IDEARemoteTestNG.run(IDEARemoteTestNG.java:72) [testng-plugin.jar:?]
	at org.testng.RemoteTestNGStarter.main(RemoteTestNGStarter.java:123) [testng-plugin.jar:?]
Caused by: org.xml.sax.SAXParseException: cvc-elt.1: Cannot find the declaration of element 'toys'.
	at com.sun.org.apache.xerces.internal.util.ErrorHandlerWrapper.createSAXParseException(ErrorHandlerWrapper.java:203) ~[?:1.8.0_74]
	at com.sun.org.apache.xerces.internal.util.ErrorHandlerWrapper.error(ErrorHandlerWrapper.java:134) ~[?:1.8.0_74]
	at com.sun.org.apache.xerces.internal.impl.XMLErrorReporter.reportError(XMLErrorReporter.java:396) ~[?:1.8.0_74]
	at com.sun.org.apache.xerces.internal.impl.XMLErrorReporter.reportError(XMLErrorReporter.java:327) ~[?:1.8.0_74]
	at com.sun.org.apache.xerces.internal.impl.XMLErrorReporter.reportError(XMLErrorReporter.java:284) ~[?:1.8.0_74]
	at com.sun.org.apache.xerces.internal.impl.xs.XMLSchemaValidator.handleStartElement(XMLSchemaValidator.java:1900) ~[?:1.8.0_74]
	at com.sun.org.apache.xerces.internal.impl.xs.XMLSchemaValidator.startElement(XMLSchemaValidator.java:740) ~[?:1.8.0_74]
	at com.sun.org.apache.xerces.internal.jaxp.validation.ValidatorHandlerImpl.startElement(ValidatorHandlerImpl.java:570) ~[?:1.8.0_74]
	at com.sun.xml.internal.bind.v2.runtime.unmarshaller.ValidatingUnmarshaller.startElement(ValidatingUnmarshaller.java:86) ~[?:1.8.0_74]
	at com.sun.xml.internal.bind.v2.runtime.unmarshaller.SAXConnector.startElement(SAXConnector.java:153) ~[?:1.8.0_74]
	at com.sun.org.apache.xerces.internal.parsers.AbstractSAXParser.startElement(AbstractSAXParser.java:509) ~[?:1.8.0_74]
	at com.sun.org.apache.xerces.internal.impl.XMLNSDocumentScannerImpl.scanStartElement(XMLNSDocumentScannerImpl.java:380) ~[?:1.8.0_74]
	at com.sun.org.apache.xerces.internal.impl.XMLNSDocumentScannerImpl$NSContentDriver.scanRootElementHook(XMLNSDocumentScannerImpl.java:614) ~[?:1.8.0_74]
	at com.sun.org.apache.xerces.internal.impl.XMLDocumentFragmentScannerImpl$FragmentContentDriver.next(XMLDocumentFragmentScannerImpl.java:3135) ~[?:1.8.0_74]
	at com.sun.org.apache.xerces.internal.impl.XMLDocumentScannerImpl$PrologDriver.next(XMLDocumentScannerImpl.java:880) ~[?:1.8.0_74]
	at com.sun.org.apache.xerces.internal.impl.XMLDocumentScannerImpl.next(XMLDocumentScannerImpl.java:606) ~[?:1.8.0_74]
	at com.sun.org.apache.xerces.internal.impl.XMLNSDocumentScannerImpl.next(XMLNSDocumentScannerImpl.java:118) ~[?:1.8.0_74]
	at com.sun.org.apache.xerces.internal.impl.XMLDocumentFragmentScannerImpl.scanDocument(XMLDocumentFragmentScannerImpl.java:510) ~[?:1.8.0_74]
	at com.sun.org.apache.xerces.internal.parsers.XML11Configuration.parse(XML11Configuration.java:848) ~[?:1.8.0_74]
	at com.sun.org.apache.xerces.internal.parsers.XML11Configuration.parse(XML11Configuration.java:777) ~[?:1.8.0_74]
	at com.sun.org.apache.xerces.internal.parsers.XMLParser.parse(XMLParser.java:141) ~[?:1.8.0_74]
	at com.sun.org.apache.xerces.internal.parsers.AbstractSAXParser.parse(AbstractSAXParser.java:1213) ~[?:1.8.0_74]
	at com.sun.org.apache.xerces.internal.jaxp.SAXParserImpl$JAXPSAXParser.parse(SAXParserImpl.java:643) ~[?:1.8.0_74]
	at com.sun.xml.internal.bind.v2.runtime.unmarshaller.UnmarshallerImpl.unmarshal0(UnmarshallerImpl.java:243) ~[?:1.8.0_74]
	... 30 more
2017-10-15T23:46:21,318 [INFO ] (SimpleToyHandler.java:26) - 

    
2017-10-15T23:46:21,319 [INFO ] (SimpleToyHandler.java:26) - 
        
2017-10-15T23:46:21,320 [INFO ] (SimpleToyHandler.java:26) - FunnyPiano
2017-10-15T23:46:21,321 [INFO ] (SimpleToyHandler.java:26) - 
        
2017-10-15T23:46:21,323 [INFO ] (SimpleToyHandler.java:26) - CHUI
2017-10-15T23:46:21,324 [INFO ] (SimpleToyHandler.java:26) - 
        
2017-10-15T23:46:21,325 [INFO ] (SimpleToyHandler.java:26) - PLASTIC
2017-10-15T23:46:21,326 [INFO ] (SimpleToyHandler.java:26) - 
        
2017-10-15T23:46:21,327 [INFO ] (SimpleToyHandler.java:26) - 120.00
2017-10-15T23:46:21,328 [INFO ] (SimpleToyHandler.java:26) - 
        
2017-10-15T23:46:21,329 [INFO ] (SimpleToyHandler.java:26) - 
            
2017-10-15T23:46:21,330 [INFO ] (SimpleToyHandler.java:26) - 2000
2017-10-15T23:46:21,331 [INFO ] (SimpleToyHandler.java:26) - 
            
2017-10-15T23:46:21,333 [INFO ] (SimpleToyHandler.java:26) - 60
2017-10-15T23:46:21,334 [INFO ] (SimpleToyHandler.java:26) - 
            
2017-10-15T23:46:21,335 [INFO ] (SimpleToyHandler.java:26) - 30
2017-10-15T23:46:21,336 [INFO ] (SimpleToyHandler.java:26) - 
            
2017-10-15T23:46:21,337 [INFO ] (SimpleToyHandler.java:26) - 10
2017-10-15T23:46:21,339 [INFO ] (SimpleToyHandler.java:26) - 
        
2017-10-15T23:46:21,340 [INFO ] (SimpleToyHandler.java:26) - 
        
2017-10-15T23:46:21,341 [INFO ] (SimpleToyHandler.java:26) - PIANO
2017-10-15T23:46:21,342 [INFO ] (SimpleToyHandler.java:26) - 
        
2017-10-15T23:46:21,342 [INFO ] (SimpleToyHandler.java:26) - 40
2017-10-15T23:46:21,343 [INFO ] (SimpleToyHandler.java:26) - 
        
2017-10-15T23:46:21,344 [INFO ] (SimpleToyHandler.java:26) - RED
2017-10-15T23:46:21,344 [INFO ] (SimpleToyHandler.java:26) - 
    
2017-10-15T23:46:21,345 [INFO ] (SimpleToyHandler.java:26) - 
    
2017-10-15T23:46:21,346 [INFO ] (SimpleToyHandler.java:26) - 
        
2017-10-15T23:46:21,347 [INFO ] (SimpleToyHandler.java:26) - dudka
2017-10-15T23:46:21,347 [INFO ] (SimpleToyHandler.java:26) - 
        
2017-10-15T23:46:21,348 [INFO ] (SimpleToyHandler.java:26) - polesie
2017-10-15T23:46:21,349 [INFO ] (SimpleToyHandler.java:26) - 
        
2017-10-15T23:46:21,350 [INFO ] (SimpleToyHandler.java:26) - PLASTIC
2017-10-15T23:46:21,350 [INFO ] (SimpleToyHandler.java:26) - 
        
2017-10-15T23:46:21,351 [INFO ] (SimpleToyHandler.java:26) - 7.50
2017-10-15T23:46:21,352 [INFO ] (SimpleToyHandler.java:26) - 
        
2017-10-15T23:46:21,353 [INFO ] (SimpleToyHandler.java:26) - 
            
2017-10-15T23:46:21,354 [INFO ] (SimpleToyHandler.java:26) - 300
2017-10-15T23:46:21,355 [INFO ] (SimpleToyHandler.java:26) - 
            
2017-10-15T23:46:21,357 [INFO ] (SimpleToyHandler.java:26) - 20
2017-10-15T23:46:21,358 [INFO ] (SimpleToyHandler.java:26) - 
            
2017-10-15T23:46:21,359 [INFO ] (SimpleToyHandler.java:26) - 30
2017-10-15T23:46:21,360 [INFO ] (SimpleToyHandler.java:26) - 
            
2017-10-15T23:46:21,361 [INFO ] (SimpleToyHandler.java:26) - 20
2017-10-15T23:46:21,362 [INFO ] (SimpleToyHandler.java:26) - 
        
2017-10-15T23:46:21,362 [INFO ] (SimpleToyHandler.java:26) - 
        
2017-10-15T23:46:21,363 [INFO ] (SimpleToyHandler.java:26) - PIPE
2017-10-15T23:46:21,364 [INFO ] (SimpleToyHandler.java:26) - 
        
2017-10-15T23:46:21,365 [INFO ] (SimpleToyHandler.java:26) - 12
2017-10-15T23:46:21,366 [INFO ] (SimpleToyHandler.java:26) - 
        
2017-10-15T23:46:21,367 [INFO ] (SimpleToyHandler.java:26) - YELLOW
2017-10-15T23:46:21,369 [INFO ] (SimpleToyHandler.java:26) - 
    
2017-10-15T23:46:21,369 [INFO ] (SimpleToyHandler.java:26) - 
    
2017-10-15T23:46:21,371 [INFO ] (SimpleToyHandler.java:26) - 
        
2017-10-15T23:46:21,372 [INFO ] (SimpleToyHandler.java:26) - molniya
2017-10-15T23:46:21,373 [INFO ] (SimpleToyHandler.java:26) - 
        
2017-10-15T23:46:21,373 [INFO ] (SimpleToyHandler.java:26) - polesie
2017-10-15T23:46:21,374 [INFO ] (SimpleToyHandler.java:26) - 
        
2017-10-15T23:46:21,375 [INFO ] (SimpleToyHandler.java:26) - PLASTIC
2017-10-15T23:46:21,376 [INFO ] (SimpleToyHandler.java:26) - 
        
2017-10-15T23:46:21,376 [INFO ] (SimpleToyHandler.java:26) - 12.00
2017-10-15T23:46:21,377 [INFO ] (SimpleToyHandler.java:26) - 
        
2017-10-15T23:46:21,378 [INFO ] (SimpleToyHandler.java:26) - 
            
2017-10-15T23:46:21,379 [INFO ] (SimpleToyHandler.java:26) - 250
2017-10-15T23:46:21,380 [INFO ] (SimpleToyHandler.java:26) - 
            
2017-10-15T23:46:21,380 [INFO ] (SimpleToyHandler.java:26) - 15
2017-10-15T23:46:21,381 [INFO ] (SimpleToyHandler.java:26) - 
            
2017-10-15T23:46:21,382 [INFO ] (SimpleToyHandler.java:26) - 15
2017-10-15T23:46:21,382 [INFO ] (SimpleToyHandler.java:26) - 
            
2017-10-15T23:46:21,383 [INFO ] (SimpleToyHandler.java:26) - 15
2017-10-15T23:46:21,384 [INFO ] (SimpleToyHandler.java:26) - 
        
2017-10-15T23:46:21,384 [INFO ] (SimpleToyHandler.java:26) - 
        
2017-10-15T23:46:21,385 [INFO ] (SimpleToyHandler.java:26) - SPORTCAR
2017-10-15T23:46:21,385 [INFO ] (SimpleToyHandler.java:26) - 
        
2017-10-15T23:46:21,386 [INFO ] (SimpleToyHandler.java:26) - MANUAL
2017-10-15T23:46:21,387 [INFO ] (SimpleToyHandler.java:26) - 
        
2017-10-15T23:46:21,387 [INFO ] (SimpleToyHandler.java:26) - RED
2017-10-15T23:46:21,388 [INFO ] (SimpleToyHandler.java:26) - 
    
2017-10-15T23:46:21,388 [INFO ] (SimpleToyHandler.java:26) - 
    
2017-10-15T23:46:21,389 [INFO ] (SimpleToyHandler.java:26) - 
        
2017-10-15T23:46:21,390 [INFO ] (SimpleToyHandler.java:26) - baraban
2017-10-15T23:46:21,390 [INFO ] (SimpleToyHandler.java:26) - 
        
2017-10-15T23:46:21,391 [INFO ] (SimpleToyHandler.java:26) - mali
2017-10-15T23:46:21,392 [INFO ] (SimpleToyHandler.java:26) - 
        
2017-10-15T23:46:21,392 [INFO ] (SimpleToyHandler.java:26) - PLASTIC
2017-10-15T23:46:21,393 [INFO ] (SimpleToyHandler.java:26) - 
        
2017-10-15T23:46:21,394 [INFO ] (SimpleToyHandler.java:26) - 7.50
2017-10-15T23:46:21,394 [INFO ] (SimpleToyHandler.java:26) - 
        
2017-10-15T23:46:21,395 [INFO ] (SimpleToyHandler.java:26) - 
            
2017-10-15T23:46:21,396 [INFO ] (SimpleToyHandler.java:26) - 300
2017-10-15T23:46:21,397 [INFO ] (SimpleToyHandler.java:26) - 
            
2017-10-15T23:46:21,398 [INFO ] (SimpleToyHandler.java:26) - 20
2017-10-15T23:46:21,399 [INFO ] (SimpleToyHandler.java:26) - 
            
2017-10-15T23:46:21,400 [INFO ] (SimpleToyHandler.java:26) - 30
2017-10-15T23:46:21,401 [INFO ] (SimpleToyHandler.java:26) - 
            
2017-10-15T23:46:21,403 [INFO ] (SimpleToyHandler.java:26) - 20
2017-10-15T23:46:21,404 [INFO ] (SimpleToyHandler.java:26) - 
        
2017-10-15T23:46:21,404 [INFO ] (SimpleToyHandler.java:26) - 
        
2017-10-15T23:46:21,405 [INFO ] (SimpleToyHandler.java:26) - Drum
2017-10-15T23:46:21,406 [INFO ] (SimpleToyHandler.java:26) - 
        
2017-10-15T23:46:21,407 [INFO ] (SimpleToyHandler.java:26) - 12
2017-10-15T23:46:21,408 [INFO ] (SimpleToyHandler.java:26) - 
        
2017-10-15T23:46:21,409 [INFO ] (SimpleToyHandler.java:26) - YELLOW
2017-10-15T23:46:21,410 [INFO ] (SimpleToyHandler.java:26) - 
    
2017-10-15T23:46:21,411 [INFO ] (SimpleToyHandler.java:26) - 
    
2017-10-15T23:46:21,412 [INFO ] (SimpleToyHandler.java:26) - 
        
2017-10-15T23:46:21,413 [INFO ] (SimpleToyHandler.java:26) - 1234
2017-10-15T23:46:21,414 [INFO ] (SimpleToyHandler.java:26) - 
        
2017-10-15T23:46:21,414 [INFO ] (SimpleToyHandler.java:26) - malan
2017-10-15T23:46:21,415 [INFO ] (SimpleToyHandler.java:26) - 
        
2017-10-15T23:46:21,415 [INFO ] (SimpleToyHandler.java:26) - PLASTIC
2017-10-15T23:46:21,415 [INFO ] (SimpleToyHandler.java:26) - 
        
2017-10-15T23:46:21,415 [INFO ] (SimpleToyHandler.java:26) - 100
2017-10-15T23:46:21,415 [INFO ] (SimpleToyHandler.java:26) - 
        
2017-10-15T23:46:21,415 [INFO ] (SimpleToyHandler.java:26) - 
            
2017-10-15T23:46:21,415 [INFO ] (SimpleToyHandler.java:26) - 300
2017-10-15T23:46:21,415 [INFO ] (SimpleToyHandler.java:26) - 
            
2017-10-15T23:46:21,415 [INFO ] (SimpleToyHandler.java:26) - 20
2017-10-15T23:46:21,415 [INFO ] (SimpleToyHandler.java:26) - 
            
2017-10-15T23:46:21,415 [INFO ] (SimpleToyHandler.java:26) - 30
2017-10-15T23:46:21,415 [INFO ] (SimpleToyHandler.java:26) - 
            
2017-10-15T23:46:21,415 [INFO ] (SimpleToyHandler.java:26) - 20
2017-10-15T23:46:21,415 [INFO ] (SimpleToyHandler.java:26) - 
        
2017-10-15T23:46:21,415 [INFO ] (SimpleToyHandler.java:26) - 
        
2017-10-15T23:46:21,415 [INFO ] (SimpleToyHandler.java:26) - XYLOPHONE
2017-10-15T23:46:21,415 [INFO ] (SimpleToyHandler.java:26) - 
        
2017-10-15T23:46:21,415 [INFO ] (SimpleToyHandler.java:26) - 12
2017-10-15T23:46:21,431 [INFO ] (SimpleToyHandler.java:26) - 
        
2017-10-15T23:46:21,431 [INFO ] (SimpleToyHandler.java:26) - YELLOW
2017-10-15T23:46:21,431 [INFO ] (SimpleToyHandler.java:26) - 
    
2017-10-15T23:46:21,431 [INFO ] (SimpleToyHandler.java:26) - 
    
2017-10-15T23:46:21,431 [INFO ] (SimpleToyHandler.java:26) - 
        
2017-10-15T23:46:21,431 [INFO ] (SimpleToyHandler.java:26) - pulya
2017-10-15T23:46:21,431 [INFO ] (SimpleToyHandler.java:26) - 
        
2017-10-15T23:46:21,431 [INFO ] (SimpleToyHandler.java:26) - polesie
2017-10-15T23:46:21,431 [INFO ] (SimpleToyHandler.java:26) - 
        
2017-10-15T23:46:21,431 [INFO ] (SimpleToyHandler.java:26) - PLASTIC
2017-10-15T23:46:21,431 [INFO ] (SimpleToyHandler.java:26) - 
        
2017-10-15T23:46:21,431 [INFO ] (SimpleToyHandler.java:26) - 12.00
2017-10-15T23:46:21,431 [INFO ] (SimpleToyHandler.java:26) - 
        
2017-10-15T23:46:21,431 [INFO ] (SimpleToyHandler.java:26) - 
            
2017-10-15T23:46:21,431 [INFO ] (SimpleToyHandler.java:26) - 250
2017-10-15T23:46:21,431 [INFO ] (SimpleToyHandler.java:26) - 
            
2017-10-15T23:46:21,431 [INFO ] (SimpleToyHandler.java:26) - 15
2017-10-15T23:46:21,446 [INFO ] (SimpleToyHandler.java:26) - 
            
2017-10-15T23:46:21,446 [INFO ] (SimpleToyHandler.java:26) - 15
2017-10-15T23:46:21,449 [INFO ] (SimpleToyHandler.java:26) - 
            
2017-10-15T23:46:21,450 [INFO ] (SimpleToyHandler.java:26) - 15
2017-10-15T23:46:21,451 [INFO ] (SimpleToyHandler.java:26) - 
        
2017-10-15T23:46:21,451 [INFO ] (SimpleToyHandler.java:26) - 
        
2017-10-15T23:46:21,452 [INFO ] (SimpleToyHandler.java:26) - SPORTCAR
2017-10-15T23:46:21,453 [INFO ] (SimpleToyHandler.java:26) - 
        
2017-10-15T23:46:21,454 [INFO ] (SimpleToyHandler.java:26) - MANUAL
2017-10-15T23:46:21,454 [INFO ] (SimpleToyHandler.java:26) - 
        
2017-10-15T23:46:21,455 [INFO ] (SimpleToyHandler.java:26) - RED
2017-10-15T23:46:21,455 [INFO ] (SimpleToyHandler.java:26) - 
    
2017-10-15T23:46:21,456 [INFO ] (SimpleToyHandler.java:26) - 
    
2017-10-15T23:46:21,465 [INFO ] (SimpleToyHandler.java:26) - 
        
2017-10-15T23:46:21,467 [INFO ] (SimpleToyHandler.java:26) - shmulya
2017-10-15T23:46:21,468 [INFO ] (SimpleToyHandler.java:26) - 
        
2017-10-15T23:46:21,469 [INFO ] (SimpleToyHandler.java:26) - polesie
2017-10-15T23:46:21,469 [INFO ] (SimpleToyHandler.java:26) - 
        
2017-10-15T23:46:21,471 [INFO ] (SimpleToyHandler.java:26) - PLASTIC
2017-10-15T23:46:21,472 [INFO ] (SimpleToyHandler.java:26) - 
        
2017-10-15T23:46:21,474 [INFO ] (SimpleToyHandler.java:26) - 12.00
2017-10-15T23:46:21,475 [INFO ] (SimpleToyHandler.java:26) - 
        
2017-10-15T23:46:21,477 [INFO ] (SimpleToyHandler.java:26) - 
            
2017-10-15T23:46:21,478 [INFO ] (SimpleToyHandler.java:26) - 250
2017-10-15T23:46:21,479 [INFO ] (SimpleToyHandler.java:26) - 
            
2017-10-15T23:46:21,480 [INFO ] (SimpleToyHandler.java:26) - 15
2017-10-15T23:46:21,481 [INFO ] (SimpleToyHandler.java:26) - 
            
2017-10-15T23:46:21,482 [INFO ] (SimpleToyHandler.java:26) - 40
2017-10-15T23:46:21,483 [INFO ] (SimpleToyHandler.java:26) - 
            
2017-10-15T23:46:21,484 [INFO ] (SimpleToyHandler.java:26) - 15
2017-10-15T23:46:21,485 [INFO ] (SimpleToyHandler.java:26) - 
        
2017-10-15T23:46:21,486 [INFO ] (SimpleToyHandler.java:26) - 
        
2017-10-15T23:46:21,487 [INFO ] (SimpleToyHandler.java:26) - TRUCK
2017-10-15T23:46:21,488 [INFO ] (SimpleToyHandler.java:26) - 
        
2017-10-15T23:46:21,489 [INFO ] (SimpleToyHandler.java:26) - RADIO
2017-10-15T23:46:21,490 [INFO ] (SimpleToyHandler.java:26) - 
        
2017-10-15T23:46:21,491 [INFO ] (SimpleToyHandler.java:26) - RED
2017-10-15T23:46:21,492 [INFO ] (SimpleToyHandler.java:26) - 
    
2017-10-15T23:46:21,493 [INFO ] (SimpleToyHandler.java:26) - 
    
2017-10-15T23:46:21,494 [INFO ] (SimpleToyHandler.java:26) - 
        
2017-10-15T23:46:21,495 [INFO ] (SimpleToyHandler.java:26) - molniya
2017-10-15T23:46:21,496 [INFO ] (SimpleToyHandler.java:26) - 
        
2017-10-15T23:46:21,496 [INFO ] (SimpleToyHandler.java:26) - polesie
2017-10-15T23:46:21,497 [INFO ] (SimpleToyHandler.java:26) - 
        
2017-10-15T23:46:21,498 [INFO ] (SimpleToyHandler.java:26) - PLASTIC
2017-10-15T23:46:21,499 [INFO ] (SimpleToyHandler.java:26) - 
        
2017-10-15T23:46:21,500 [INFO ] (SimpleToyHandler.java:26) - 12.00
2017-10-15T23:46:21,501 [INFO ] (SimpleToyHandler.java:26) - 
        
2017-10-15T23:46:21,502 [INFO ] (SimpleToyHandler.java:26) - 
            
2017-10-15T23:46:21,503 [INFO ] (SimpleToyHandler.java:26) - 250
2017-10-15T23:46:21,504 [INFO ] (SimpleToyHandler.java:26) - 
            
2017-10-15T23:46:21,505 [INFO ] (SimpleToyHandler.java:26) - 15
2017-10-15T23:46:21,505 [INFO ] (SimpleToyHandler.java:26) - 
            
2017-10-15T23:46:21,506 [INFO ] (SimpleToyHandler.java:26) - 15
2017-10-15T23:46:21,507 [INFO ] (SimpleToyHandler.java:26) - 
            
2017-10-15T23:46:21,509 [INFO ] (SimpleToyHandler.java:26) - 15
2017-10-15T23:46:21,509 [INFO ] (SimpleToyHandler.java:26) - 
        
2017-10-15T23:46:21,510 [INFO ] (SimpleToyHandler.java:26) - 
        
2017-10-15T23:46:21,511 [INFO ] (SimpleToyHandler.java:26) - TRUCK
2017-10-15T23:46:21,512 [INFO ] (SimpleToyHandler.java:26) - 
        
2017-10-15T23:46:21,513 [INFO ] (SimpleToyHandler.java:26) - MANUAL
2017-10-15T23:46:21,514 [INFO ] (SimpleToyHandler.java:26) - 
        
2017-10-15T23:46:21,515 [INFO ] (SimpleToyHandler.java:26) - RED
2017-10-15T23:46:21,516 [INFO ] (SimpleToyHandler.java:26) - 
    
2017-10-15T23:46:21,517 [INFO ] (SimpleToyHandler.java:26) - 
    
2017-10-15T23:46:21,518 [INFO ] (SimpleToyHandler.java:26) - 
        
2017-10-15T23:46:21,519 [INFO ] (SimpleToyHandler.java:26) - pogruzchk
2017-10-15T23:46:21,519 [INFO ] (SimpleToyHandler.java:26) - 
        
2017-10-15T23:46:21,521 [INFO ] (SimpleToyHandler.java:26) - polesie
2017-10-15T23:46:21,522 [INFO ] (SimpleToyHandler.java:26) - 
        
2017-10-15T23:46:21,523 [INFO ] (SimpleToyHandler.java:26) - PLASTIC
2017-10-15T23:46:21,524 [INFO ] (SimpleToyHandler.java:26) - 
        
2017-10-15T23:46:21,525 [INFO ] (SimpleToyHandler.java:26) - 12.00
2017-10-15T23:46:21,526 [INFO ] (SimpleToyHandler.java:26) - 
        
2017-10-15T23:46:21,527 [INFO ] (SimpleToyHandler.java:26) - 
            
2017-10-15T23:46:21,528 [INFO ] (SimpleToyHandler.java:26) - 400
2017-10-15T23:46:21,529 [INFO ] (SimpleToyHandler.java:26) - 
            
2017-10-15T23:46:21,531 [INFO ] (SimpleToyHandler.java:26) - 15
2017-10-15T23:46:21,531 [INFO ] (SimpleToyHandler.java:26) - 
            
2017-10-15T23:46:21,531 [INFO ] (SimpleToyHandler.java:26) - 15
2017-10-15T23:46:21,531 [INFO ] (SimpleToyHandler.java:26) - 
            
2017-10-15T23:46:21,531 [INFO ] (SimpleToyHandler.java:26) - 15
2017-10-15T23:46:21,531 [INFO ] (SimpleToyHandler.java:26) - 
        
2017-10-15T23:46:21,531 [INFO ] (SimpleToyHandler.java:26) - 
        
2017-10-15T23:46:21,531 [INFO ] (SimpleToyHandler.java:26) - TRUCK
2017-10-15T23:46:21,531 [INFO ] (SimpleToyHandler.java:26) - 
        
2017-10-15T23:46:21,531 [INFO ] (SimpleToyHandler.java:26) - MANUAL
2017-10-15T23:46:21,531 [INFO ] (SimpleToyHandler.java:26) - 
        
2017-10-15T23:46:21,531 [INFO ] (SimpleToyHandler.java:26) - RED
2017-10-15T23:46:21,531 [INFO ] (SimpleToyHandler.java:26) - 
    
2017-10-15T23:46:21,531 [INFO ] (SimpleToyHandler.java:26) - 

